#
# There is insufficient memory for the Java Runtime Environment to continue.
# Native memory allocation (malloc) failed to allocate 1450256 bytes for Chunk::new
# Possible reasons:
#   The system is out of physical RAM or swap space
#   The process is running with CompressedOops enabled, and the Java Heap may be blocking the growth of the native heap
# Possible solutions:
#   Reduce memory load on the system
#   Increase physical memory or swap space
#   Check if swap backing store is full
#   Decrease Java heap size (-Xmx/-Xms)
#   Decrease number of Java threads
#   Decrease Java thread stack sizes (-Xss)
#   Set larger code cache with -XX:ReservedCodeCacheSize=
#   JVM is running with Unscaled Compressed Oops mode in which the Java heap is
#     placed in the first 4GB address space. The Java Heap base address is the
#     maximum limit for the native heap growth. Please use -XX:HeapBaseMinAddress
#     to set the Java Heap base and to place the Java Heap above 4GB virtual address.
# This output file may be truncated or incomplete.
#
#  Out of Memory Error (./open/src/hotspot/share/memory/arena.cpp:197), pid=5068, tid=10508
#
# JRE version: Java(TM) SE Runtime Environment 18.9 (11.0.17+10) (build 11.0.17+10-LTS-269)
# Java VM: Java HotSpot(TM) 64-Bit Server VM 18.9 (11.0.17+10-LTS-269, mixed mode, tiered, compressed oops, g1 gc, windows-amd64)
# No core dump will be written. Minidumps are not enabled by default on client versions of Windows
#

---------------  S U M M A R Y ------------

Command Line: --add-opens=java.base/java.util=ALL-UNNAMED --add-opens=java.base/java.lang=ALL-UNNAMED --add-opens=java.base/java.lang.invoke=ALL-UNNAMED --add-opens=java.base/java.util=ALL-UNNAMED --add-opens=java.prefs/java.util.prefs=ALL-UNNAMED --add-opens=java.prefs/java.util.prefs=ALL-UNNAMED --add-opens=java.base/java.nio.charset=ALL-UNNAMED --add-opens=java.base/java.net=ALL-UNNAMED --add-opens=java.base/java.util.concurrent.atomic=ALL-UNNAMED -XX:MaxMetaspaceSize=256m -XX:+HeapDumpOnOutOfMemoryError -Xms256m -Xmx512m -Dfile.encoding=windows-1251 -Duser.country=UA -Duser.language=uk -Duser.variant org.gradle.launcher.daemon.bootstrap.GradleDaemon 7.4

Host: AMD Ryzen 3 3200U with Radeon Vega Mobile Gfx  , 4 cores, 9G,  Windows 10 , 64 bit Build 17763 (10.0.17763.4131)
Time: Mon Mar 20 09:25:52 2023 Фінляндія (зима) elapsed time: 25.407633 seconds (0d 0h 0m 25s)

---------------  T H R E A D  ---------------

Current thread (0x000001e53002b800):  JavaThread "C2 CompilerThread1" daemon [_thread_in_native, id=10508, stack(0x000000b0e4500000,0x000000b0e4600000)]


Current CompileTask:
C2:  25407 4075       4       java.lang.invoke.LambdaForm$Name::replaceNames (174 bytes)

Stack: [0x000000b0e4500000,0x000000b0e4600000]
Native frames: (J=compiled Java code, j=interpreted, Vv=VM code, C=native code)
V  [jvm.dll+0x62b5da]
V  [jvm.dll+0x7653df]
V  [jvm.dll+0x766a89]
V  [jvm.dll+0x767113]
V  [jvm.dll+0x23dd28]
V  [jvm.dll+0xb2a1c]
V  [jvm.dll+0xb2fdc]
V  [jvm.dll+0x341552]
V  [jvm.dll+0x30ef13]
V  [jvm.dll+0x30e25a]
V  [jvm.dll+0x1f8733]
V  [jvm.dll+0x1f78fd]
V  [jvm.dll+0x177c91]
V  [jvm.dll+0x207296]
V  [jvm.dll+0x20542b]
V  [jvm.dll+0x72b2c0]
V  [jvm.dll+0x723e64]
V  [jvm.dll+0x62a485]
C  [ucrtbase.dll+0x2268a]
C  [KERNEL32.DLL+0x17ab4]
C  [ntdll.dll+0x5a351]


---------------  P R O C E S S  ---------------

Threads class SMR info:
_java_thread_list=0x000001e5351e9e50, length=40, elements={
0x000001e512c4f800, 0x000001e52cb20000, 0x000001e52cb23000, 0x000001e52cb40800,
0x000001e52cb42000, 0x000001e52cb43000, 0x000001e52cb46800, 0x000001e52d4ec000,
0x000001e52d4f6000, 0x000001e52d5f8800, 0x000001e52fd0c800, 0x000001e52eb50000,
0x000001e52e9c9800, 0x000001e52e532800, 0x000001e52f8d2000, 0x000001e52ed3f800,
0x000001e52f4df800, 0x000001e52f017800, 0x000001e52ee92000, 0x000001e52e03d800,
0x000001e52e03e800, 0x000001e52e03f800, 0x000001e52e040000, 0x000001e52e03a800,
0x000001e52e041000, 0x000001e52e03b800, 0x000001e52e03c000, 0x000001e52e03d000,
0x000001e5313bf800, 0x000001e5313c1800, 0x000001e5313c4000, 0x000001e5313c0800,
0x000001e5313c2000, 0x000001e53002b800, 0x000001e5313c3000, 0x000001e5313c4800,
0x000001e52f77f800, 0x000001e52f782000, 0x000001e52f783000, 0x000001e52f783800
}

Java Threads: ( => current thread )
  0x000001e512c4f800 JavaThread "main" [_thread_blocked, id=108, stack(0x000000b0e1a00000,0x000000b0e1b00000)]
  0x000001e52cb20000 JavaThread "Reference Handler" daemon [_thread_blocked, id=10020, stack(0x000000b0e2200000,0x000000b0e2300000)]
  0x000001e52cb23000 JavaThread "Finalizer" daemon [_thread_blocked, id=10340, stack(0x000000b0e2300000,0x000000b0e2400000)]
  0x000001e52cb40800 JavaThread "Signal Dispatcher" daemon [_thread_blocked, id=8128, stack(0x000000b0e2400000,0x000000b0e2500000)]
  0x000001e52cb42000 JavaThread "Attach Listener" daemon [_thread_blocked, id=4932, stack(0x000000b0e2500000,0x000000b0e2600000)]
  0x000001e52cb43000 JavaThread "Service Thread" daemon [_thread_blocked, id=10968, stack(0x000000b0e2600000,0x000000b0e2700000)]
  0x000001e52cb46800 JavaThread "C2 CompilerThread0" daemon [_thread_in_native, id=10328, stack(0x000000b0e2700000,0x000000b0e2800000)]
  0x000001e52d4ec000 JavaThread "C1 CompilerThread0" daemon [_thread_blocked, id=3320, stack(0x000000b0e2800000,0x000000b0e2900000)]
  0x000001e52d4f6000 JavaThread "Sweeper thread" daemon [_thread_blocked, id=6232, stack(0x000000b0e2900000,0x000000b0e2a00000)]
  0x000001e52d5f8800 JavaThread "Common-Cleaner" daemon [_thread_blocked, id=3744, stack(0x000000b0e2a00000,0x000000b0e2b00000)]
  0x000001e52fd0c800 JavaThread "Daemon health stats" [_thread_blocked, id=10608, stack(0x000000b0e3000000,0x000000b0e3100000)]
  0x000001e52eb50000 JavaThread "Incoming local TCP Connector on port 51343" [_thread_in_native, id=7380, stack(0x000000b0e2f00000,0x000000b0e3000000)]
  0x000001e52e9c9800 JavaThread "Daemon periodic checks" [_thread_blocked, id=8356, stack(0x000000b0e3100000,0x000000b0e3200000)]
  0x000001e52e532800 JavaThread "Daemon" [_thread_blocked, id=1440, stack(0x000000b0e3200000,0x000000b0e3300000)]
  0x000001e52f8d2000 JavaThread "Handler for socket connection from /127.0.0.1:51343 to /127.0.0.1:51344" [_thread_in_native, id=9304, stack(0x000000b0e3300000,0x000000b0e3400000)]
  0x000001e52ed3f800 JavaThread "Cancel handler" [_thread_blocked, id=10852, stack(0x000000b0e3400000,0x000000b0e3500000)]
  0x000001e52f4df800 JavaThread "Daemon worker" [_thread_in_native, id=2040, stack(0x000000b0e3500000,0x000000b0e3600000)]
  0x000001e52f017800 JavaThread "Asynchronous log dispatcher for DefaultDaemonConnection: socket connection from /127.0.0.1:51343 to /127.0.0.1:51344" [_thread_blocked, id=8784, stack(0x000000b0e3600000,0x000000b0e3700000)]
  0x000001e52ee92000 JavaThread "Stdin handler" [_thread_blocked, id=1684, stack(0x000000b0e3700000,0x000000b0e3800000)]
  0x000001e52e03d800 JavaThread "Daemon client event forwarder" [_thread_blocked, id=7408, stack(0x000000b0e3800000,0x000000b0e3900000)]
  0x000001e52e03e800 JavaThread "Cache worker for journal cache (C:\Users\Lenovo\.gradle\caches\journal-1)" [_thread_blocked, id=8228, stack(0x000000b0e3900000,0x000000b0e3a00000)]
  0x000001e52e03f800 JavaThread "File lock request listener" [_thread_in_native, id=9792, stack(0x000000b0e3a00000,0x000000b0e3b00000)]
  0x000001e52e040000 JavaThread "Cache worker for file hash cache (C:\Users\Lenovo\.gradle\caches\7.4\fileHashes)" [_thread_blocked, id=504, stack(0x000000b0e3b00000,0x000000b0e3c00000)]
  0x000001e52e03a800 JavaThread "File watcher server" daemon [_thread_in_native, id=10936, stack(0x000000b0e3c00000,0x000000b0e3d00000)]
  0x000001e52e041000 JavaThread "File watcher consumer" daemon [_thread_blocked, id=4028, stack(0x000000b0e3d00000,0x000000b0e3e00000)]
  0x000001e52e03b800 JavaThread "Cache worker for checksums cache (D:\goit\ProjectGOITGroup3\.gradle\7.4\checksums)" [_thread_blocked, id=8472, stack(0x000000b0e3e00000,0x000000b0e3f00000)]
  0x000001e52e03c000 JavaThread "Cache worker for cache directory md-rule (C:\Users\Lenovo\.gradle\caches\7.4\md-rule)" [_thread_blocked, id=1912, stack(0x000000b0e3f00000,0x000000b0e4000000)]
  0x000001e52e03d000 JavaThread "Cache worker for file hash cache (D:\goit\ProjectGOITGroup3\.gradle\7.4\fileHashes)" [_thread_blocked, id=9524, stack(0x000000b0e4000000,0x000000b0e4100000)]
  0x000001e5313bf800 JavaThread "Cache worker for cache directory md-supplier (C:\Users\Lenovo\.gradle\caches\7.4\md-supplier)" [_thread_blocked, id=11216, stack(0x000000b0e4100000,0x000000b0e4200000)]
  0x000001e5313c1800 JavaThread "File lock release action executor" [_thread_blocked, id=9376, stack(0x000000b0e4200000,0x000000b0e4300000)]
  0x000001e5313c4000 JavaThread "Cache worker for execution history cache (C:\Users\Lenovo\.gradle\caches\7.4\executionHistory)" [_thread_blocked, id=7840, stack(0x000000b0e4300000,0x000000b0e4400000)]
  0x000001e5313c0800 JavaThread "jar transforms" [_thread_blocked, id=3848, stack(0x000000b0e4400000,0x000000b0e4500000)]
  0x000001e5313c2000 JavaThread "jar transforms Thread 2" [_thread_blocked, id=5772, stack(0x000000b0e4600000,0x000000b0e4700000)]
=>0x000001e53002b800 JavaThread "C2 CompilerThread1" daemon [_thread_in_native, id=10508, stack(0x000000b0e4500000,0x000000b0e4600000)]
  0x000001e5313c3000 JavaThread "Cache worker for file content cache (C:\Users\Lenovo\.gradle\caches\7.4\fileContent)" [_thread_blocked, id=10776, stack(0x000000b0e4700000,0x000000b0e4800000)]
  0x000001e5313c4800 JavaThread "jar transforms Thread 3" [_thread_blocked, id=8224, stack(0x000000b0e4800000,0x000000b0e4900000)]
  0x000001e52f77f800 JavaThread "jar transforms Thread 4" [_thread_blocked, id=7540, stack(0x000000b0e4900000,0x000000b0e4a00000)]
  0x000001e52f782000 JavaThread "Cache worker for dependencies-accessors (D:\goit\ProjectGOITGroup3\.gradle\7.4\dependencies-accessors)" [_thread_blocked, id=8184, stack(0x000000b0e4a00000,0x000000b0e4b00000)]
  0x000001e52f783000 JavaThread "Cache worker for Build Output Cleanup Cache (D:\goit\ProjectGOITGroup3\.gradle\buildOutputCleanup)" [_thread_blocked, id=2428, stack(0x000000b0e4b00000,0x000000b0e4c00000)]
  0x000001e52f783800 JavaThread "Memory manager" [_thread_blocked, id=7476, stack(0x000000b0e4c00000,0x000000b0e4d00000)]

Other Threads:
  0x000001e52caf6000 VMThread "VM Thread" [stack: 0x000000b0e2100000,0x000000b0e2200000] [id=9100]
  0x000001e52d621800 WatcherThread [stack: 0x000000b0e2b00000,0x000000b0e2c00000] [id=7792]
  0x000001e512c61800 GCTaskThread "GC Thread#0" [stack: 0x000000b0e1c00000,0x000000b0e1d00000] [id=10624]
  0x000001e52d9f9000 GCTaskThread "GC Thread#1" [stack: 0x000000b0e2c00000,0x000000b0e2d00000] [id=10248]
  0x000001e52dd90000 GCTaskThread "GC Thread#2" [stack: 0x000000b0e2d00000,0x000000b0e2e00000] [id=9308]
  0x000001e52dd90800 GCTaskThread "GC Thread#3" [stack: 0x000000b0e2e00000,0x000000b0e2f00000] [id=8896]
  0x000001e512c73800 ConcurrentGCThread "G1 Main Marker" [stack: 0x000000b0e1d00000,0x000000b0e1e00000] [id=9696]
  0x000001e512c74800 ConcurrentGCThread "G1 Conc#0" [stack: 0x000000b0e1e00000,0x000000b0e1f00000] [id=10804]
  0x000001e512d1e000 ConcurrentGCThread "G1 Refine#0" [stack: 0x000000b0e1f00000,0x000000b0e2000000] [id=7804]
  0x000001e52c994800 ConcurrentGCThread "G1 Young RemSet Sampling" [stack: 0x000000b0e2000000,0x000000b0e2100000] [id=11160]

Threads with active compile tasks:
C2 CompilerThread0    25427 4164       4       java.lang.PublicMethods$Key::hashCode (19 bytes)
C2 CompilerThread1    25427 4075       4       java.lang.invoke.LambdaForm$Name::replaceNames (174 bytes)

VM state:not at safepoint (normal execution)

VM Mutex/Monitor currently owned by a thread: None

Heap address: 0x00000000e0000000, size: 512 MB, Compressed Oops mode: 32-bit
Narrow klass base: 0x0000000000000000, Narrow klass shift: 3
Compressed class space size: 260046848 Address: 0x0000000100000000

Heap:
 garbage-first heap   total 262144K, used 52438K [0x00000000e0000000, 0x0000000100000000)
  region size 1024K, 36 young (36864K), 13 survivors (13312K)
 Metaspace       used 46612K, capacity 47801K, committed 48000K, reserved 296960K
  class space    used 6036K, capacity 6514K, committed 6528K, reserved 253952K
Heap Regions: E=young(eden), S=young(survivor), O=old, HS=humongous(starts), HC=humongous(continues), CS=collection set, F=free, A=archive, TAMS=top-at-mark-start (previous, next)
|   0|0x00000000e0000000, 0x00000000e0100000, 0x00000000e0100000|100%|HS|  |TAMS 0x00000000e0100000, 0x00000000e0000000| Complete 
|   1|0x00000000e0100000, 0x00000000e0200000, 0x00000000e0200000|100%|HC|  |TAMS 0x00000000e0200000, 0x00000000e0100000| Complete 
|   2|0x00000000e0200000, 0x00000000e0300000, 0x00000000e0300000|100%|HC|  |TAMS 0x00000000e0300000, 0x00000000e0200000| Complete 
|   3|0x00000000e0300000, 0x00000000e0400000, 0x00000000e0400000|100%| O|  |TAMS 0x00000000e0400000, 0x00000000e0300000| Untracked 
|   4|0x00000000e0400000, 0x00000000e0500000, 0x00000000e0500000|100%| O|  |TAMS 0x00000000e0500000, 0x00000000e0400000| Untracked 
|   5|0x00000000e0500000, 0x00000000e0600000, 0x00000000e0600000|100%| O|  |TAMS 0x00000000e0600000, 0x00000000e0500000| Untracked 
|   6|0x00000000e0600000, 0x00000000e06ffff8, 0x00000000e0700000| 99%| O|  |TAMS 0x00000000e06ffff8, 0x00000000e0600000| Untracked 
|   7|0x00000000e0700000, 0x00000000e0800000, 0x00000000e0800000|100%| O|  |TAMS 0x00000000e0800000, 0x00000000e0700000| Untracked 
|   8|0x00000000e0800000, 0x00000000e0900000, 0x00000000e0900000|100%| O|  |TAMS 0x00000000e0900000, 0x00000000e0800000| Untracked 
|   9|0x00000000e0900000, 0x00000000e0a00000, 0x00000000e0a00000|100%| O|  |TAMS 0x00000000e0a00000, 0x00000000e0900000| Untracked 
|  10|0x00000000e0a00000, 0x00000000e0b00000, 0x00000000e0b00000|100%| O|  |TAMS 0x00000000e0b00000, 0x00000000e0a00000| Untracked 
|  11|0x00000000e0b00000, 0x00000000e0c00000, 0x00000000e0c00000|100%| O|  |TAMS 0x00000000e0c00000, 0x00000000e0b00000| Untracked 
|  12|0x00000000e0c00000, 0x00000000e0d00000, 0x00000000e0d00000|100%| O|  |TAMS 0x00000000e0d00000, 0x00000000e0c00000| Untracked 
|  13|0x00000000e0d00000, 0x00000000e0e00000, 0x00000000e0e00000|100%| O|  |TAMS 0x00000000e0e00000, 0x00000000e0d00000| Untracked 
|  14|0x00000000e0e00000, 0x00000000e0f00000, 0x00000000e0f00000|100%| O|  |TAMS 0x00000000e0f00000, 0x00000000e0e00000| Untracked 
|  15|0x00000000e0f00000, 0x00000000e1000000, 0x00000000e1000000|100%| O|  |TAMS 0x00000000e1000000, 0x00000000e0f00000| Untracked 
|  16|0x00000000e1000000, 0x00000000e103e800, 0x00000000e1100000| 24%| O|  |TAMS 0x00000000e103e800, 0x00000000e1000000| Untracked 
|  17|0x00000000e1100000, 0x00000000e1100000, 0x00000000e1200000|  0%| F|  |TAMS 0x00000000e1100000, 0x00000000e1100000| Untracked 
|  18|0x00000000e1200000, 0x00000000e1200000, 0x00000000e1300000|  0%| F|  |TAMS 0x00000000e1200000, 0x00000000e1200000| Untracked 
|  19|0x00000000e1300000, 0x00000000e1300000, 0x00000000e1400000|  0%| F|  |TAMS 0x00000000e1300000, 0x00000000e1300000| Untracked 
|  20|0x00000000e1400000, 0x00000000e1400000, 0x00000000e1500000|  0%| F|  |TAMS 0x00000000e1400000, 0x00000000e1400000| Untracked 
|  21|0x00000000e1500000, 0x00000000e1500000, 0x00000000e1600000|  0%| F|  |TAMS 0x00000000e1500000, 0x00000000e1500000| Untracked 
|  22|0x00000000e1600000, 0x00000000e1600000, 0x00000000e1700000|  0%| F|  |TAMS 0x00000000e1600000, 0x00000000e1600000| Untracked 
|  23|0x00000000e1700000, 0x00000000e1700000, 0x00000000e1800000|  0%| F|  |TAMS 0x00000000e1700000, 0x00000000e1700000| Untracked 
|  24|0x00000000e1800000, 0x00000000e1800000, 0x00000000e1900000|  0%| F|  |TAMS 0x00000000e1800000, 0x00000000e1800000| Untracked 
|  25|0x00000000e1900000, 0x00000000e1900000, 0x00000000e1a00000|  0%| F|  |TAMS 0x00000000e1900000, 0x00000000e1900000| Untracked 
|  26|0x00000000e1a00000, 0x00000000e1a00000, 0x00000000e1b00000|  0%| F|  |TAMS 0x00000000e1a00000, 0x00000000e1a00000| Untracked 
|  27|0x00000000e1b00000, 0x00000000e1b00000, 0x00000000e1c00000|  0%| F|  |TAMS 0x00000000e1b00000, 0x00000000e1b00000| Untracked 
|  28|0x00000000e1c00000, 0x00000000e1c00000, 0x00000000e1d00000|  0%| F|  |TAMS 0x00000000e1c00000, 0x00000000e1c00000| Untracked 
|  29|0x00000000e1d00000, 0x00000000e1d00000, 0x00000000e1e00000|  0%| F|  |TAMS 0x00000000e1d00000, 0x00000000e1d00000| Untracked 
|  30|0x00000000e1e00000, 0x00000000e1e00000, 0x00000000e1f00000|  0%| F|  |TAMS 0x00000000e1e00000, 0x00000000e1e00000| Untracked 
|  31|0x00000000e1f00000, 0x00000000e1f00000, 0x00000000e2000000|  0%| F|  |TAMS 0x00000000e1f00000, 0x00000000e1f00000| Untracked 
|  32|0x00000000e2000000, 0x00000000e2000000, 0x00000000e2100000|  0%| F|  |TAMS 0x00000000e2000000, 0x00000000e2000000| Untracked 
|  33|0x00000000e2100000, 0x00000000e2100000, 0x00000000e2200000|  0%| F|  |TAMS 0x00000000e2100000, 0x00000000e2100000| Untracked 
|  34|0x00000000e2200000, 0x00000000e2200000, 0x00000000e2300000|  0%| F|  |TAMS 0x00000000e2200000, 0x00000000e2200000| Untracked 
|  35|0x00000000e2300000, 0x00000000e2300000, 0x00000000e2400000|  0%| F|  |TAMS 0x00000000e2300000, 0x00000000e2300000| Untracked 
|  36|0x00000000e2400000, 0x00000000e2400000, 0x00000000e2500000|  0%| F|  |TAMS 0x00000000e2400000, 0x00000000e2400000| Untracked 
|  37|0x00000000e2500000, 0x00000000e2500000, 0x00000000e2600000|  0%| F|  |TAMS 0x00000000e2500000, 0x00000000e2500000| Untracked 
|  38|0x00000000e2600000, 0x00000000e2600000, 0x00000000e2700000|  0%| F|  |TAMS 0x00000000e2600000, 0x00000000e2600000| Untracked 
|  39|0x00000000e2700000, 0x00000000e2700000, 0x00000000e2800000|  0%| F|  |TAMS 0x00000000e2700000, 0x00000000e2700000| Untracked 
|  40|0x00000000e2800000, 0x00000000e2800000, 0x00000000e2900000|  0%| F|  |TAMS 0x00000000e2800000, 0x00000000e2800000| Untracked 
|  41|0x00000000e2900000, 0x00000000e2900000, 0x00000000e2a00000|  0%| F|  |TAMS 0x00000000e2900000, 0x00000000e2900000| Untracked 
|  42|0x00000000e2a00000, 0x00000000e2a00000, 0x00000000e2b00000|  0%| F|  |TAMS 0x00000000e2a00000, 0x00000000e2a00000| Untracked 
|  43|0x00000000e2b00000, 0x00000000e2b00000, 0x00000000e2c00000|  0%| F|  |TAMS 0x00000000e2b00000, 0x00000000e2b00000| Untracked 
|  44|0x00000000e2c00000, 0x00000000e2c00000, 0x00000000e2d00000|  0%| F|  |TAMS 0x00000000e2c00000, 0x00000000e2c00000| Untracked 
|  45|0x00000000e2d00000, 0x00000000e2d00000, 0x00000000e2e00000|  0%| F|  |TAMS 0x00000000e2d00000, 0x00000000e2d00000| Untracked 
|  46|0x00000000e2e00000, 0x00000000e2e00000, 0x00000000e2f00000|  0%| F|  |TAMS 0x00000000e2e00000, 0x00000000e2e00000| Untracked 
|  47|0x00000000e2f00000, 0x00000000e2f00000, 0x00000000e3000000|  0%| F|  |TAMS 0x00000000e2f00000, 0x00000000e2f00000| Untracked 
|  48|0x00000000e3000000, 0x00000000e3000000, 0x00000000e3100000|  0%| F|  |TAMS 0x00000000e3000000, 0x00000000e3000000| Untracked 
|  49|0x00000000e3100000, 0x00000000e3100000, 0x00000000e3200000|  0%| F|  |TAMS 0x00000000e3100000, 0x00000000e3100000| Untracked 
|  50|0x00000000e3200000, 0x00000000e3200000, 0x00000000e3300000|  0%| F|  |TAMS 0x00000000e3200000, 0x00000000e3200000| Untracked 
|  51|0x00000000e3300000, 0x00000000e3300000, 0x00000000e3400000|  0%| F|  |TAMS 0x00000000e3300000, 0x00000000e3300000| Untracked 
|  52|0x00000000e3400000, 0x00000000e3400000, 0x00000000e3500000|  0%| F|  |TAMS 0x00000000e3400000, 0x00000000e3400000| Untracked 
|  53|0x00000000e3500000, 0x00000000e3500000, 0x00000000e3600000|  0%| F|  |TAMS 0x00000000e3500000, 0x00000000e3500000| Untracked 
|  54|0x00000000e3600000, 0x00000000e3600000, 0x00000000e3700000|  0%| F|  |TAMS 0x00000000e3600000, 0x00000000e3600000| Untracked 
|  55|0x00000000e3700000, 0x00000000e3700000, 0x00000000e3800000|  0%| F|  |TAMS 0x00000000e3700000, 0x00000000e3700000| Untracked 
|  56|0x00000000e3800000, 0x00000000e3800000, 0x00000000e3900000|  0%| F|  |TAMS 0x00000000e3800000, 0x00000000e3800000| Untracked 
|  57|0x00000000e3900000, 0x00000000e3900000, 0x00000000e3a00000|  0%| F|  |TAMS 0x00000000e3900000, 0x00000000e3900000| Untracked 
|  58|0x00000000e3a00000, 0x00000000e3a00000, 0x00000000e3b00000|  0%| F|  |TAMS 0x00000000e3a00000, 0x00000000e3a00000| Untracked 
|  59|0x00000000e3b00000, 0x00000000e3b00000, 0x00000000e3c00000|  0%| F|  |TAMS 0x00000000e3b00000, 0x00000000e3b00000| Untracked 
|  60|0x00000000e3c00000, 0x00000000e3c00000, 0x00000000e3d00000|  0%| F|  |TAMS 0x00000000e3c00000, 0x00000000e3c00000| Untracked 
|  61|0x00000000e3d00000, 0x00000000e3d00000, 0x00000000e3e00000|  0%| F|  |TAMS 0x00000000e3d00000, 0x00000000e3d00000| Untracked 
|  62|0x00000000e3e00000, 0x00000000e3e00000, 0x00000000e3f00000|  0%| F|  |TAMS 0x00000000e3e00000, 0x00000000e3e00000| Untracked 
|  63|0x00000000e3f00000, 0x00000000e3f00000, 0x00000000e4000000|  0%| F|  |TAMS 0x00000000e3f00000, 0x00000000e3f00000| Untracked 
|  64|0x00000000e4000000, 0x00000000e4000000, 0x00000000e4100000|  0%| F|  |TAMS 0x00000000e4000000, 0x00000000e4000000| Untracked 
|  65|0x00000000e4100000, 0x00000000e4100000, 0x00000000e4200000|  0%| F|  |TAMS 0x00000000e4100000, 0x00000000e4100000| Untracked 
|  66|0x00000000e4200000, 0x00000000e4200000, 0x00000000e4300000|  0%| F|  |TAMS 0x00000000e4200000, 0x00000000e4200000| Untracked 
|  67|0x00000000e4300000, 0x00000000e4300000, 0x00000000e4400000|  0%| F|  |TAMS 0x00000000e4300000, 0x00000000e4300000| Untracked 
|  68|0x00000000e4400000, 0x00000000e4400000, 0x00000000e4500000|  0%| F|  |TAMS 0x00000000e4400000, 0x00000000e4400000| Untracked 
|  69|0x00000000e4500000, 0x00000000e4500000, 0x00000000e4600000|  0%| F|  |TAMS 0x00000000e4500000, 0x00000000e4500000| Untracked 
|  70|0x00000000e4600000, 0x00000000e4600000, 0x00000000e4700000|  0%| F|  |TAMS 0x00000000e4600000, 0x00000000e4600000| Untracked 
|  71|0x00000000e4700000, 0x00000000e4700000, 0x00000000e4800000|  0%| F|  |TAMS 0x00000000e4700000, 0x00000000e4700000| Untracked 
|  72|0x00000000e4800000, 0x00000000e4800000, 0x00000000e4900000|  0%| F|  |TAMS 0x00000000e4800000, 0x00000000e4800000| Untracked 
|  73|0x00000000e4900000, 0x00000000e4900000, 0x00000000e4a00000|  0%| F|  |TAMS 0x00000000e4900000, 0x00000000e4900000| Untracked 
|  74|0x00000000e4a00000, 0x00000000e4a00000, 0x00000000e4b00000|  0%| F|  |TAMS 0x00000000e4a00000, 0x00000000e4a00000| Untracked 
|  75|0x00000000e4b00000, 0x00000000e4b00000, 0x00000000e4c00000|  0%| F|  |TAMS 0x00000000e4b00000, 0x00000000e4b00000| Untracked 
|  76|0x00000000e4c00000, 0x00000000e4c00000, 0x00000000e4d00000|  0%| F|  |TAMS 0x00000000e4c00000, 0x00000000e4c00000| Untracked 
|  77|0x00000000e4d00000, 0x00000000e4d00000, 0x00000000e4e00000|  0%| F|  |TAMS 0x00000000e4d00000, 0x00000000e4d00000| Untracked 
|  78|0x00000000e4e00000, 0x00000000e4e00000, 0x00000000e4f00000|  0%| F|  |TAMS 0x00000000e4e00000, 0x00000000e4e00000| Untracked 
|  79|0x00000000e4f00000, 0x00000000e4f00000, 0x00000000e5000000|  0%| F|  |TAMS 0x00000000e4f00000, 0x00000000e4f00000| Untracked 
|  80|0x00000000e5000000, 0x00000000e5000000, 0x00000000e5100000|  0%| F|  |TAMS 0x00000000e5000000, 0x00000000e5000000| Untracked 
|  81|0x00000000e5100000, 0x00000000e5100000, 0x00000000e5200000|  0%| F|  |TAMS 0x00000000e5100000, 0x00000000e5100000| Untracked 
|  82|0x00000000e5200000, 0x00000000e5200000, 0x00000000e5300000|  0%| F|  |TAMS 0x00000000e5200000, 0x00000000e5200000| Untracked 
|  83|0x00000000e5300000, 0x00000000e5300000, 0x00000000e5400000|  0%| F|  |TAMS 0x00000000e5300000, 0x00000000e5300000| Untracked 
|  84|0x00000000e5400000, 0x00000000e5400000, 0x00000000e5500000|  0%| F|  |TAMS 0x00000000e5400000, 0x00000000e5400000| Untracked 
|  85|0x00000000e5500000, 0x00000000e5500000, 0x00000000e5600000|  0%| F|  |TAMS 0x00000000e5500000, 0x00000000e5500000| Untracked 
|  86|0x00000000e5600000, 0x00000000e5600000, 0x00000000e5700000|  0%| F|  |TAMS 0x00000000e5600000, 0x00000000e5600000| Untracked 
|  87|0x00000000e5700000, 0x00000000e5700000, 0x00000000e5800000|  0%| F|  |TAMS 0x00000000e5700000, 0x00000000e5700000| Untracked 
|  88|0x00000000e5800000, 0x00000000e5800000, 0x00000000e5900000|  0%| F|  |TAMS 0x00000000e5800000, 0x00000000e5800000| Untracked 
|  89|0x00000000e5900000, 0x00000000e5900000, 0x00000000e5a00000|  0%| F|  |TAMS 0x00000000e5900000, 0x00000000e5900000| Untracked 
|  90|0x00000000e5a00000, 0x00000000e5a00000, 0x00000000e5b00000|  0%| F|  |TAMS 0x00000000e5a00000, 0x00000000e5a00000| Untracked 
|  91|0x00000000e5b00000, 0x00000000e5b00000, 0x00000000e5c00000|  0%| F|  |TAMS 0x00000000e5b00000, 0x00000000e5b00000| Untracked 
|  92|0x00000000e5c00000, 0x00000000e5c00000, 0x00000000e5d00000|  0%| F|  |TAMS 0x00000000e5c00000, 0x00000000e5c00000| Untracked 
|  93|0x00000000e5d00000, 0x00000000e5d00000, 0x00000000e5e00000|  0%| F|  |TAMS 0x00000000e5d00000, 0x00000000e5d00000| Untracked 
|  94|0x00000000e5e00000, 0x00000000e5e00000, 0x00000000e5f00000|  0%| F|  |TAMS 0x00000000e5e00000, 0x00000000e5e00000| Untracked 
|  95|0x00000000e5f00000, 0x00000000e5f00000, 0x00000000e6000000|  0%| F|  |TAMS 0x00000000e5f00000, 0x00000000e5f00000| Untracked 
|  96|0x00000000e6000000, 0x00000000e6000000, 0x00000000e6100000|  0%| F|  |TAMS 0x00000000e6000000, 0x00000000e6000000| Untracked 
|  97|0x00000000e6100000, 0x00000000e6100000, 0x00000000e6200000|  0%| F|  |TAMS 0x00000000e6100000, 0x00000000e6100000| Untracked 
|  98|0x00000000e6200000, 0x00000000e6200000, 0x00000000e6300000|  0%| F|  |TAMS 0x00000000e6200000, 0x00000000e6200000| Untracked 
|  99|0x00000000e6300000, 0x00000000e6300000, 0x00000000e6400000|  0%| F|  |TAMS 0x00000000e6300000, 0x00000000e6300000| Untracked 
| 100|0x00000000e6400000, 0x00000000e6400000, 0x00000000e6500000|  0%| F|  |TAMS 0x00000000e6400000, 0x00000000e6400000| Untracked 
| 101|0x00000000e6500000, 0x00000000e6500000, 0x00000000e6600000|  0%| F|  |TAMS 0x00000000e6500000, 0x00000000e6500000| Untracked 
| 102|0x00000000e6600000, 0x00000000e6600000, 0x00000000e6700000|  0%| F|  |TAMS 0x00000000e6600000, 0x00000000e6600000| Untracked 
| 103|0x00000000e6700000, 0x00000000e6700000, 0x00000000e6800000|  0%| F|  |TAMS 0x00000000e6700000, 0x00000000e6700000| Untracked 
| 104|0x00000000e6800000, 0x00000000e6800000, 0x00000000e6900000|  0%| F|  |TAMS 0x00000000e6800000, 0x00000000e6800000| Untracked 
| 105|0x00000000e6900000, 0x00000000e6900000, 0x00000000e6a00000|  0%| F|  |TAMS 0x00000000e6900000, 0x00000000e6900000| Untracked 
| 106|0x00000000e6a00000, 0x00000000e6a00000, 0x00000000e6b00000|  0%| F|  |TAMS 0x00000000e6a00000, 0x00000000e6a00000| Untracked 
| 107|0x00000000e6b00000, 0x00000000e6b00000, 0x00000000e6c00000|  0%| F|  |TAMS 0x00000000e6b00000, 0x00000000e6b00000| Untracked 
| 108|0x00000000e6c00000, 0x00000000e6c00000, 0x00000000e6d00000|  0%| F|  |TAMS 0x00000000e6c00000, 0x00000000e6c00000| Untracked 
| 109|0x00000000e6d00000, 0x00000000e6d00000, 0x00000000e6e00000|  0%| F|  |TAMS 0x00000000e6d00000, 0x00000000e6d00000| Untracked 
| 110|0x00000000e6e00000, 0x00000000e6e00000, 0x00000000e6f00000|  0%| F|  |TAMS 0x00000000e6e00000, 0x00000000e6e00000| Untracked 
| 111|0x00000000e6f00000, 0x00000000e6f00000, 0x00000000e7000000|  0%| F|  |TAMS 0x00000000e6f00000, 0x00000000e6f00000| Untracked 
| 112|0x00000000e7000000, 0x00000000e7000000, 0x00000000e7100000|  0%| F|  |TAMS 0x00000000e7000000, 0x00000000e7000000| Untracked 
| 113|0x00000000e7100000, 0x00000000e7100000, 0x00000000e7200000|  0%| F|  |TAMS 0x00000000e7100000, 0x00000000e7100000| Untracked 
| 114|0x00000000e7200000, 0x00000000e7200000, 0x00000000e7300000|  0%| F|  |TAMS 0x00000000e7200000, 0x00000000e7200000| Untracked 
| 115|0x00000000e7300000, 0x00000000e7300000, 0x00000000e7400000|  0%| F|  |TAMS 0x00000000e7300000, 0x00000000e7300000| Untracked 
| 116|0x00000000e7400000, 0x00000000e7400000, 0x00000000e7500000|  0%| F|  |TAMS 0x00000000e7400000, 0x00000000e7400000| Untracked 
| 117|0x00000000e7500000, 0x00000000e7500000, 0x00000000e7600000|  0%| F|  |TAMS 0x00000000e7500000, 0x00000000e7500000| Untracked 
| 118|0x00000000e7600000, 0x00000000e7600000, 0x00000000e7700000|  0%| F|  |TAMS 0x00000000e7600000, 0x00000000e7600000| Untracked 
| 119|0x00000000e7700000, 0x00000000e7700000, 0x00000000e7800000|  0%| F|  |TAMS 0x00000000e7700000, 0x00000000e7700000| Untracked 
| 120|0x00000000e7800000, 0x00000000e7800000, 0x00000000e7900000|  0%| F|  |TAMS 0x00000000e7800000, 0x00000000e7800000| Untracked 
| 121|0x00000000e7900000, 0x00000000e7900000, 0x00000000e7a00000|  0%| F|  |TAMS 0x00000000e7900000, 0x00000000e7900000| Untracked 
| 122|0x00000000e7a00000, 0x00000000e7a00000, 0x00000000e7b00000|  0%| F|  |TAMS 0x00000000e7a00000, 0x00000000e7a00000| Untracked 
| 123|0x00000000e7b00000, 0x00000000e7b00000, 0x00000000e7c00000|  0%| F|  |TAMS 0x00000000e7b00000, 0x00000000e7b00000| Untracked 
| 124|0x00000000e7c00000, 0x00000000e7c00000, 0x00000000e7d00000|  0%| F|  |TAMS 0x00000000e7c00000, 0x00000000e7c00000| Untracked 
| 125|0x00000000e7d00000, 0x00000000e7d00000, 0x00000000e7e00000|  0%| F|  |TAMS 0x00000000e7d00000, 0x00000000e7d00000| Untracked 
| 126|0x00000000e7e00000, 0x00000000e7e00000, 0x00000000e7f00000|  0%| F|  |TAMS 0x00000000e7e00000, 0x00000000e7e00000| Untracked 
| 127|0x00000000e7f00000, 0x00000000e7f00000, 0x00000000e8000000|  0%| F|  |TAMS 0x00000000e7f00000, 0x00000000e7f00000| Untracked 
| 128|0x00000000e8000000, 0x00000000e8000000, 0x00000000e8100000|  0%| F|  |TAMS 0x00000000e8000000, 0x00000000e8000000| Untracked 
| 129|0x00000000e8100000, 0x00000000e8100000, 0x00000000e8200000|  0%| F|  |TAMS 0x00000000e8100000, 0x00000000e8100000| Untracked 
| 130|0x00000000e8200000, 0x00000000e8200000, 0x00000000e8300000|  0%| F|  |TAMS 0x00000000e8200000, 0x00000000e8200000| Untracked 
| 131|0x00000000e8300000, 0x00000000e8300000, 0x00000000e8400000|  0%| F|  |TAMS 0x00000000e8300000, 0x00000000e8300000| Untracked 
| 132|0x00000000e8400000, 0x00000000e8400000, 0x00000000e8500000|  0%| F|  |TAMS 0x00000000e8400000, 0x00000000e8400000| Untracked 
| 133|0x00000000e8500000, 0x00000000e8500000, 0x00000000e8600000|  0%| F|  |TAMS 0x00000000e8500000, 0x00000000e8500000| Untracked 
| 134|0x00000000e8600000, 0x00000000e8600000, 0x00000000e8700000|  0%| F|  |TAMS 0x00000000e8600000, 0x00000000e8600000| Untracked 
| 135|0x00000000e8700000, 0x00000000e8700000, 0x00000000e8800000|  0%| F|  |TAMS 0x00000000e8700000, 0x00000000e8700000| Untracked 
| 136|0x00000000e8800000, 0x00000000e8800000, 0x00000000e8900000|  0%| F|  |TAMS 0x00000000e8800000, 0x00000000e8800000| Untracked 
| 137|0x00000000e8900000, 0x00000000e8900000, 0x00000000e8a00000|  0%| F|  |TAMS 0x00000000e8900000, 0x00000000e8900000| Untracked 
| 138|0x00000000e8a00000, 0x00000000e8a00000, 0x00000000e8b00000|  0%| F|  |TAMS 0x00000000e8a00000, 0x00000000e8a00000| Untracked 
| 139|0x00000000e8b00000, 0x00000000e8b00000, 0x00000000e8c00000|  0%| F|  |TAMS 0x00000000e8b00000, 0x00000000e8b00000| Untracked 
| 140|0x00000000e8c00000, 0x00000000e8c00000, 0x00000000e8d00000|  0%| F|  |TAMS 0x00000000e8c00000, 0x00000000e8c00000| Untracked 
| 141|0x00000000e8d00000, 0x00000000e8df7368, 0x00000000e8e00000| 96%| S|CS|TAMS 0x00000000e8d00000, 0x00000000e8d00000| Complete 
| 142|0x00000000e8e00000, 0x00000000e8f00000, 0x00000000e8f00000|100%| S|CS|TAMS 0x00000000e8e00000, 0x00000000e8e00000| Complete 
| 143|0x00000000e8f00000, 0x00000000e9000000, 0x00000000e9000000|100%| S|CS|TAMS 0x00000000e8f00000, 0x00000000e8f00000| Complete 
| 144|0x00000000e9000000, 0x00000000e9100000, 0x00000000e9100000|100%| S|CS|TAMS 0x00000000e9000000, 0x00000000e9000000| Complete 
| 145|0x00000000e9100000, 0x00000000e9200000, 0x00000000e9200000|100%| S|CS|TAMS 0x00000000e9100000, 0x00000000e9100000| Complete 
| 146|0x00000000e9200000, 0x00000000e9300000, 0x00000000e9300000|100%| S|CS|TAMS 0x00000000e9200000, 0x00000000e9200000| Complete 
| 147|0x00000000e9300000, 0x00000000e9400000, 0x00000000e9400000|100%| S|CS|TAMS 0x00000000e9300000, 0x00000000e9300000| Complete 
| 148|0x00000000e9400000, 0x00000000e9500000, 0x00000000e9500000|100%| S|CS|TAMS 0x00000000e9400000, 0x00000000e9400000| Complete 
| 149|0x00000000e9500000, 0x00000000e9600000, 0x00000000e9600000|100%| S|CS|TAMS 0x00000000e9500000, 0x00000000e9500000| Complete 
| 150|0x00000000e9600000, 0x00000000e9700000, 0x00000000e9700000|100%| S|CS|TAMS 0x00000000e9600000, 0x00000000e9600000| Complete 
| 151|0x00000000e9700000, 0x00000000e9800000, 0x00000000e9800000|100%| S|CS|TAMS 0x00000000e9700000, 0x00000000e9700000| Complete 
| 152|0x00000000e9800000, 0x00000000e9900000, 0x00000000e9900000|100%| S|CS|TAMS 0x00000000e9800000, 0x00000000e9800000| Complete 
| 153|0x00000000e9900000, 0x00000000e9a00000, 0x00000000e9a00000|100%| S|CS|TAMS 0x00000000e9900000, 0x00000000e9900000| Complete 
| 154|0x00000000e9a00000, 0x00000000e9a00000, 0x00000000e9b00000|  0%| F|  |TAMS 0x00000000e9a00000, 0x00000000e9a00000| Untracked 
| 155|0x00000000e9b00000, 0x00000000e9b00000, 0x00000000e9c00000|  0%| F|  |TAMS 0x00000000e9b00000, 0x00000000e9b00000| Untracked 
| 156|0x00000000e9c00000, 0x00000000e9c00000, 0x00000000e9d00000|  0%| F|  |TAMS 0x00000000e9c00000, 0x00000000e9c00000| Untracked 
| 157|0x00000000e9d00000, 0x00000000e9d00000, 0x00000000e9e00000|  0%| F|  |TAMS 0x00000000e9d00000, 0x00000000e9d00000| Untracked 
| 158|0x00000000e9e00000, 0x00000000e9e00000, 0x00000000e9f00000|  0%| F|  |TAMS 0x00000000e9e00000, 0x00000000e9e00000| Untracked 
| 159|0x00000000e9f00000, 0x00000000e9f00000, 0x00000000ea000000|  0%| F|  |TAMS 0x00000000e9f00000, 0x00000000e9f00000| Untracked 
| 160|0x00000000ea000000, 0x00000000ea000000, 0x00000000ea100000|  0%| F|  |TAMS 0x00000000ea000000, 0x00000000ea000000| Untracked 
| 161|0x00000000ea100000, 0x00000000ea100000, 0x00000000ea200000|  0%| F|  |TAMS 0x00000000ea100000, 0x00000000ea100000| Untracked 
| 162|0x00000000ea200000, 0x00000000ea200000, 0x00000000ea300000|  0%| F|  |TAMS 0x00000000ea200000, 0x00000000ea200000| Untracked 
| 163|0x00000000ea300000, 0x00000000ea300000, 0x00000000ea400000|  0%| F|  |TAMS 0x00000000ea300000, 0x00000000ea300000| Untracked 
| 164|0x00000000ea400000, 0x00000000ea400000, 0x00000000ea500000|  0%| F|  |TAMS 0x00000000ea400000, 0x00000000ea400000| Untracked 
| 165|0x00000000ea500000, 0x00000000ea500000, 0x00000000ea600000|  0%| F|  |TAMS 0x00000000ea500000, 0x00000000ea500000| Untracked 
| 166|0x00000000ea600000, 0x00000000ea600000, 0x00000000ea700000|  0%| F|  |TAMS 0x00000000ea600000, 0x00000000ea600000| Untracked 
| 167|0x00000000ea700000, 0x00000000ea700000, 0x00000000ea800000|  0%| F|  |TAMS 0x00000000ea700000, 0x00000000ea700000| Untracked 
| 168|0x00000000ea800000, 0x00000000ea800000, 0x00000000ea900000|  0%| F|  |TAMS 0x00000000ea800000, 0x00000000ea800000| Untracked 
| 169|0x00000000ea900000, 0x00000000ea900000, 0x00000000eaa00000|  0%| F|  |TAMS 0x00000000ea900000, 0x00000000ea900000| Untracked 
| 170|0x00000000eaa00000, 0x00000000eaa00000, 0x00000000eab00000|  0%| F|  |TAMS 0x00000000eaa00000, 0x00000000eaa00000| Untracked 
| 171|0x00000000eab00000, 0x00000000eab00000, 0x00000000eac00000|  0%| F|  |TAMS 0x00000000eab00000, 0x00000000eab00000| Untracked 
| 172|0x00000000eac00000, 0x00000000eac00000, 0x00000000ead00000|  0%| F|  |TAMS 0x00000000eac00000, 0x00000000eac00000| Untracked 
| 173|0x00000000ead00000, 0x00000000ead00000, 0x00000000eae00000|  0%| F|  |TAMS 0x00000000ead00000, 0x00000000ead00000| Untracked 
| 174|0x00000000eae00000, 0x00000000eae00000, 0x00000000eaf00000|  0%| F|  |TAMS 0x00000000eae00000, 0x00000000eae00000| Untracked 
| 175|0x00000000eaf00000, 0x00000000eaf00000, 0x00000000eb000000|  0%| F|  |TAMS 0x00000000eaf00000, 0x00000000eaf00000| Untracked 
| 176|0x00000000eb000000, 0x00000000eb000000, 0x00000000eb100000|  0%| F|  |TAMS 0x00000000eb000000, 0x00000000eb000000| Untracked 
| 177|0x00000000eb100000, 0x00000000eb100000, 0x00000000eb200000|  0%| F|  |TAMS 0x00000000eb100000, 0x00000000eb100000| Untracked 
| 178|0x00000000eb200000, 0x00000000eb200000, 0x00000000eb300000|  0%| F|  |TAMS 0x00000000eb200000, 0x00000000eb200000| Untracked 
| 179|0x00000000eb300000, 0x00000000eb300000, 0x00000000eb400000|  0%| F|  |TAMS 0x00000000eb300000, 0x00000000eb300000| Untracked 
| 180|0x00000000eb400000, 0x00000000eb400000, 0x00000000eb500000|  0%| F|  |TAMS 0x00000000eb400000, 0x00000000eb400000| Untracked 
| 181|0x00000000eb500000, 0x00000000eb500000, 0x00000000eb600000|  0%| F|  |TAMS 0x00000000eb500000, 0x00000000eb500000| Untracked 
| 182|0x00000000eb600000, 0x00000000eb600000, 0x00000000eb700000|  0%| F|  |TAMS 0x00000000eb600000, 0x00000000eb600000| Untracked 
| 183|0x00000000eb700000, 0x00000000eb700000, 0x00000000eb800000|  0%| F|  |TAMS 0x00000000eb700000, 0x00000000eb700000| Untracked 
| 184|0x00000000eb800000, 0x00000000eb800000, 0x00000000eb900000|  0%| F|  |TAMS 0x00000000eb800000, 0x00000000eb800000| Untracked 
| 185|0x00000000eb900000, 0x00000000eb900000, 0x00000000eba00000|  0%| F|  |TAMS 0x00000000eb900000, 0x00000000eb900000| Untracked 
| 186|0x00000000eba00000, 0x00000000eba00000, 0x00000000ebb00000|  0%| F|  |TAMS 0x00000000eba00000, 0x00000000eba00000| Untracked 
| 187|0x00000000ebb00000, 0x00000000ebb00000, 0x00000000ebc00000|  0%| F|  |TAMS 0x00000000ebb00000, 0x00000000ebb00000| Untracked 
| 188|0x00000000ebc00000, 0x00000000ebc00000, 0x00000000ebd00000|  0%| F|  |TAMS 0x00000000ebc00000, 0x00000000ebc00000| Untracked 
| 189|0x00000000ebd00000, 0x00000000ebd00000, 0x00000000ebe00000|  0%| F|  |TAMS 0x00000000ebd00000, 0x00000000ebd00000| Untracked 
| 190|0x00000000ebe00000, 0x00000000ebe00000, 0x00000000ebf00000|  0%| F|  |TAMS 0x00000000ebe00000, 0x00000000ebe00000| Untracked 
| 191|0x00000000ebf00000, 0x00000000ebf00000, 0x00000000ec000000|  0%| F|  |TAMS 0x00000000ebf00000, 0x00000000ebf00000| Untracked 
| 192|0x00000000ec000000, 0x00000000ec000000, 0x00000000ec100000|  0%| F|  |TAMS 0x00000000ec000000, 0x00000000ec000000| Untracked 
| 193|0x00000000ec100000, 0x00000000ec100000, 0x00000000ec200000|  0%| F|  |TAMS 0x00000000ec100000, 0x00000000ec100000| Untracked 
| 194|0x00000000ec200000, 0x00000000ec200000, 0x00000000ec300000|  0%| F|  |TAMS 0x00000000ec200000, 0x00000000ec200000| Untracked 
| 195|0x00000000ec300000, 0x00000000ec300000, 0x00000000ec400000|  0%| F|  |TAMS 0x00000000ec300000, 0x00000000ec300000| Untracked 
| 196|0x00000000ec400000, 0x00000000ec400000, 0x00000000ec500000|  0%| F|  |TAMS 0x00000000ec400000, 0x00000000ec400000| Untracked 
| 197|0x00000000ec500000, 0x00000000ec500000, 0x00000000ec600000|  0%| F|  |TAMS 0x00000000ec500000, 0x00000000ec500000| Untracked 
| 198|0x00000000ec600000, 0x00000000ec600000, 0x00000000ec700000|  0%| F|  |TAMS 0x00000000ec600000, 0x00000000ec600000| Untracked 
| 199|0x00000000ec700000, 0x00000000ec700000, 0x00000000ec800000|  0%| F|  |TAMS 0x00000000ec700000, 0x00000000ec700000| Untracked 
| 200|0x00000000ec800000, 0x00000000ec800000, 0x00000000ec900000|  0%| F|  |TAMS 0x00000000ec800000, 0x00000000ec800000| Untracked 
| 201|0x00000000ec900000, 0x00000000ec900000, 0x00000000eca00000|  0%| F|  |TAMS 0x00000000ec900000, 0x00000000ec900000| Untracked 
| 202|0x00000000eca00000, 0x00000000eca00000, 0x00000000ecb00000|  0%| F|  |TAMS 0x00000000eca00000, 0x00000000eca00000| Untracked 
| 203|0x00000000ecb00000, 0x00000000ecb00000, 0x00000000ecc00000|  0%| F|  |TAMS 0x00000000ecb00000, 0x00000000ecb00000| Untracked 
| 204|0x00000000ecc00000, 0x00000000ecc00000, 0x00000000ecd00000|  0%| F|  |TAMS 0x00000000ecc00000, 0x00000000ecc00000| Untracked 
| 205|0x00000000ecd00000, 0x00000000ecd00000, 0x00000000ece00000|  0%| F|  |TAMS 0x00000000ecd00000, 0x00000000ecd00000| Untracked 
| 206|0x00000000ece00000, 0x00000000ece00000, 0x00000000ecf00000|  0%| F|  |TAMS 0x00000000ece00000, 0x00000000ece00000| Untracked 
| 207|0x00000000ecf00000, 0x00000000ecf00000, 0x00000000ed000000|  0%| F|  |TAMS 0x00000000ecf00000, 0x00000000ecf00000| Untracked 
| 208|0x00000000ed000000, 0x00000000ed000000, 0x00000000ed100000|  0%| F|  |TAMS 0x00000000ed000000, 0x00000000ed000000| Untracked 
| 209|0x00000000ed100000, 0x00000000ed100000, 0x00000000ed200000|  0%| F|  |TAMS 0x00000000ed100000, 0x00000000ed100000| Untracked 
| 210|0x00000000ed200000, 0x00000000ed200000, 0x00000000ed300000|  0%| F|  |TAMS 0x00000000ed200000, 0x00000000ed200000| Untracked 
| 211|0x00000000ed300000, 0x00000000ed300000, 0x00000000ed400000|  0%| F|  |TAMS 0x00000000ed300000, 0x00000000ed300000| Untracked 
| 212|0x00000000ed400000, 0x00000000ed400000, 0x00000000ed500000|  0%| F|  |TAMS 0x00000000ed400000, 0x00000000ed400000| Untracked 
| 213|0x00000000ed500000, 0x00000000ed500000, 0x00000000ed600000|  0%| F|  |TAMS 0x00000000ed500000, 0x00000000ed500000| Untracked 
| 214|0x00000000ed600000, 0x00000000ed600000, 0x00000000ed700000|  0%| F|  |TAMS 0x00000000ed600000, 0x00000000ed600000| Untracked 
| 215|0x00000000ed700000, 0x00000000ed700000, 0x00000000ed800000|  0%| F|  |TAMS 0x00000000ed700000, 0x00000000ed700000| Untracked 
| 216|0x00000000ed800000, 0x00000000ed800000, 0x00000000ed900000|  0%| F|  |TAMS 0x00000000ed800000, 0x00000000ed800000| Untracked 
| 217|0x00000000ed900000, 0x00000000ed900000, 0x00000000eda00000|  0%| F|  |TAMS 0x00000000ed900000, 0x00000000ed900000| Untracked 
| 218|0x00000000eda00000, 0x00000000eda00000, 0x00000000edb00000|  0%| F|  |TAMS 0x00000000eda00000, 0x00000000eda00000| Untracked 
| 219|0x00000000edb00000, 0x00000000edb00000, 0x00000000edc00000|  0%| F|  |TAMS 0x00000000edb00000, 0x00000000edb00000| Untracked 
| 220|0x00000000edc00000, 0x00000000edc00000, 0x00000000edd00000|  0%| F|  |TAMS 0x00000000edc00000, 0x00000000edc00000| Untracked 
| 221|0x00000000edd00000, 0x00000000edd00000, 0x00000000ede00000|  0%| F|  |TAMS 0x00000000edd00000, 0x00000000edd00000| Untracked 
| 222|0x00000000ede00000, 0x00000000ede00000, 0x00000000edf00000|  0%| F|  |TAMS 0x00000000ede00000, 0x00000000ede00000| Untracked 
| 223|0x00000000edf00000, 0x00000000edf00000, 0x00000000ee000000|  0%| F|  |TAMS 0x00000000edf00000, 0x00000000edf00000| Untracked 
| 224|0x00000000ee000000, 0x00000000ee000000, 0x00000000ee100000|  0%| F|  |TAMS 0x00000000ee000000, 0x00000000ee000000| Untracked 
| 225|0x00000000ee100000, 0x00000000ee100000, 0x00000000ee200000|  0%| F|  |TAMS 0x00000000ee100000, 0x00000000ee100000| Untracked 
| 226|0x00000000ee200000, 0x00000000ee200000, 0x00000000ee300000|  0%| F|  |TAMS 0x00000000ee200000, 0x00000000ee200000| Untracked 
| 227|0x00000000ee300000, 0x00000000ee300000, 0x00000000ee400000|  0%| F|  |TAMS 0x00000000ee300000, 0x00000000ee300000| Untracked 
| 228|0x00000000ee400000, 0x00000000ee400000, 0x00000000ee500000|  0%| F|  |TAMS 0x00000000ee400000, 0x00000000ee400000| Untracked 
| 229|0x00000000ee500000, 0x00000000ee500000, 0x00000000ee600000|  0%| F|  |TAMS 0x00000000ee500000, 0x00000000ee500000| Untracked 
| 230|0x00000000ee600000, 0x00000000ee600000, 0x00000000ee700000|  0%| F|  |TAMS 0x00000000ee600000, 0x00000000ee600000| Untracked 
| 231|0x00000000ee700000, 0x00000000ee700000, 0x00000000ee800000|  0%| F|  |TAMS 0x00000000ee700000, 0x00000000ee700000| Untracked 
| 232|0x00000000ee800000, 0x00000000ee800000, 0x00000000ee900000|  0%| F|  |TAMS 0x00000000ee800000, 0x00000000ee800000| Untracked 
| 233|0x00000000ee900000, 0x00000000eea00000, 0x00000000eea00000|100%| E|  |TAMS 0x00000000ee900000, 0x00000000ee900000| Complete 
| 234|0x00000000eea00000, 0x00000000eeb00000, 0x00000000eeb00000|100%| E|CS|TAMS 0x00000000eea00000, 0x00000000eea00000| Complete 
| 235|0x00000000eeb00000, 0x00000000eec00000, 0x00000000eec00000|100%| E|CS|TAMS 0x00000000eeb00000, 0x00000000eeb00000| Complete 
| 236|0x00000000eec00000, 0x00000000eed00000, 0x00000000eed00000|100%| E|CS|TAMS 0x00000000eec00000, 0x00000000eec00000| Complete 
| 237|0x00000000eed00000, 0x00000000eee00000, 0x00000000eee00000|100%| E|CS|TAMS 0x00000000eed00000, 0x00000000eed00000| Complete 
| 238|0x00000000eee00000, 0x00000000eef00000, 0x00000000eef00000|100%| E|CS|TAMS 0x00000000eee00000, 0x00000000eee00000| Complete 
| 239|0x00000000eef00000, 0x00000000ef000000, 0x00000000ef000000|100%| E|CS|TAMS 0x00000000eef00000, 0x00000000eef00000| Complete 
| 240|0x00000000ef000000, 0x00000000ef100000, 0x00000000ef100000|100%| E|CS|TAMS 0x00000000ef000000, 0x00000000ef000000| Complete 
| 241|0x00000000ef100000, 0x00000000ef200000, 0x00000000ef200000|100%| E|CS|TAMS 0x00000000ef100000, 0x00000000ef100000| Complete 
| 242|0x00000000ef200000, 0x00000000ef300000, 0x00000000ef300000|100%| E|CS|TAMS 0x00000000ef200000, 0x00000000ef200000| Complete 
| 243|0x00000000ef300000, 0x00000000ef400000, 0x00000000ef400000|100%| E|CS|TAMS 0x00000000ef300000, 0x00000000ef300000| Complete 
| 244|0x00000000ef400000, 0x00000000ef500000, 0x00000000ef500000|100%| E|CS|TAMS 0x00000000ef400000, 0x00000000ef400000| Complete 
| 245|0x00000000ef500000, 0x00000000ef600000, 0x00000000ef600000|100%| E|CS|TAMS 0x00000000ef500000, 0x00000000ef500000| Complete 
| 246|0x00000000ef600000, 0x00000000ef700000, 0x00000000ef700000|100%| E|CS|TAMS 0x00000000ef600000, 0x00000000ef600000| Complete 
| 247|0x00000000ef700000, 0x00000000ef800000, 0x00000000ef800000|100%| E|CS|TAMS 0x00000000ef700000, 0x00000000ef700000| Complete 
| 248|0x00000000ef800000, 0x00000000ef900000, 0x00000000ef900000|100%| E|CS|TAMS 0x00000000ef800000, 0x00000000ef800000| Complete 
| 249|0x00000000ef900000, 0x00000000efa00000, 0x00000000efa00000|100%| E|CS|TAMS 0x00000000ef900000, 0x00000000ef900000| Complete 
| 250|0x00000000efa00000, 0x00000000efb00000, 0x00000000efb00000|100%| E|CS|TAMS 0x00000000efa00000, 0x00000000efa00000| Complete 
| 251|0x00000000efb00000, 0x00000000efc00000, 0x00000000efc00000|100%| E|CS|TAMS 0x00000000efb00000, 0x00000000efb00000| Complete 
| 252|0x00000000efc00000, 0x00000000efd00000, 0x00000000efd00000|100%| E|CS|TAMS 0x00000000efc00000, 0x00000000efc00000| Complete 
| 253|0x00000000efd00000, 0x00000000efe00000, 0x00000000efe00000|100%| E|CS|TAMS 0x00000000efd00000, 0x00000000efd00000| Complete 
| 254|0x00000000efe00000, 0x00000000eff00000, 0x00000000eff00000|100%| E|CS|TAMS 0x00000000efe00000, 0x00000000efe00000| Complete 
| 255|0x00000000eff00000, 0x00000000f0000000, 0x00000000f0000000|100%| E|CS|TAMS 0x00000000eff00000, 0x00000000eff00000| Complete 

Card table byte_map: [0x000001e529310000,0x000001e529410000] _byte_map_base: 0x000001e528c10000

Marking Bits (Prev, Next): (CMBitMap*) 0x000001e512c70c00, (CMBitMap*) 0x000001e512c70bc8
 Prev Bits: [0x000001e529d10000, 0x000001e52a510000)
 Next Bits: [0x000001e529510000, 0x000001e529d10000)

Polling page: 0x000001e512420000

Metaspace:

Usage:
  Non-class:     40.38 MB capacity,    39.65 MB ( 98%) used,   632.35 KB (  2%) free+waste,   117.50 KB ( <1%) overhead. 
      Class:      6.36 MB capacity,     5.90 MB ( 93%) used,   413.30 KB (  6%) free+waste,    59.00 KB ( <1%) overhead. 
       Both:     46.74 MB capacity,    45.55 MB ( 97%) used,     1.02 MB (  2%) free+waste,   176.50 KB ( <1%) overhead. 

Virtual space:
  Non-class space:       42.00 MB reserved,      40.50 MB ( 96%) committed 
      Class space:      248.00 MB reserved,       6.38 MB (  3%) committed 
             Both:      290.00 MB reserved,      46.88 MB ( 16%) committed 

Chunk freelists:
   Non-Class:  7.13 KB
       Class:  1.75 KB
        Both:  8.88 KB

CodeHeap 'non-profiled nmethods': size=120064Kb used=2387Kb max_used=2387Kb free=117676Kb
 bounds [0x000001e521dd0000, 0x000001e522040000, 0x000001e529310000]
CodeHeap 'profiled nmethods': size=120000Kb used=8985Kb max_used=8985Kb free=111014Kb
 bounds [0x000001e51a8a0000, 0x000001e51b170000, 0x000001e521dd0000]
CodeHeap 'non-nmethods': size=5696Kb used=2220Kb max_used=2267Kb free=3475Kb
 bounds [0x000001e51a310000, 0x000001e51a580000, 0x000001e51a8a0000]
 total_blobs=4960 nmethods=4165 adapters=706
 compilation: enabled
              stopped_count=0, restarted_count=0
 full_count=0

Compilation events (10 events):
Event: 25.391 Thread 0x000001e52d4ec000 nmethod 4168 0x000001e51b160890 code [0x000001e51b160a60, 0x000001e51b160e38]
Event: 25.391 Thread 0x000001e52d4ec000 4169       3       java.util.TreeMap$EntrySet::iterator (19 bytes)
Event: 25.391 Thread 0x000001e52d4ec000 nmethod 4169 0x000001e51b160f90 code [0x000001e51b161160, 0x000001e51b161678]
Event: 25.391 Thread 0x000001e52d4ec000 4170       3       java.util.TreeMap$EntrySet::<init> (10 bytes)
Event: 25.391 Thread 0x000001e52d4ec000 nmethod 4170 0x000001e51b161890 code [0x000001e51b161a40, 0x000001e51b161cb8]
Event: 25.395 Thread 0x000001e52d4ec000 4171       3       sun.reflect.generics.parser.SignatureParser::parseZeroOrMoreThrowsSignatures (51 bytes)
Event: 25.395 Thread 0x000001e52d4ec000 nmethod 4171 0x000001e51b161e10 code [0x000001e51b162060, 0x000001e51b162a18]
Event: 25.398 Thread 0x000001e52d4ec000 4172       3       com.sun.jmx.mbeanserver.MXBeanIntrospector::originalTypeString (20 bytes)
Event: 25.398 Thread 0x000001e52d4ec000 nmethod 4172 0x000001e51b162d90 code [0x000001e51b162f60, 0x000001e51b163378]
Event: 25.398 Thread 0x000001e52d4ec000 4173       3       javax.management.ImmutableDescriptor::union (308 bytes)

GC Heap History (10 events):
Event: 11.241 GC heap before
{Heap before GC invocations=3 (full 0):
 garbage-first heap   total 262144K, used 51856K [0x00000000e0000000, 0x0000000100000000)
  region size 1024K, 43 young (44032K), 4 survivors (4096K)
 Metaspace       used 17450K, capacity 17869K, committed 18176K, reserved 270336K
  class space    used 2065K, capacity 2178K, committed 2304K, reserved 253952K
}
Event: 11.253 GC heap after
{Heap after GC invocations=4 (full 0):
 garbage-first heap   total 262144K, used 16722K [0x00000000e0000000, 0x0000000100000000)
  region size 1024K, 6 young (6144K), 6 survivors (6144K)
 Metaspace       used 17450K, capacity 17869K, committed 18176K, reserved 270336K
  class space    used 2065K, capacity 2178K, committed 2304K, reserved 253952K
}
Event: 13.795 GC heap before
{Heap before GC invocations=4 (full 0):
 garbage-first heap   total 262144K, used 43346K [0x00000000e0000000, 0x0000000100000000)
  region size 1024K, 33 young (33792K), 6 survivors (6144K)
 Metaspace       used 20620K, capacity 21153K, committed 21248K, reserved 272384K
  class space    used 2537K, capacity 2723K, committed 2816K, reserved 253952K
}
Event: 13.810 GC heap after
{Heap after GC invocations=5 (full 0):
 garbage-first heap   total 262144K, used 17645K [0x00000000e0000000, 0x0000000100000000)
  region size 1024K, 5 young (5120K), 5 survivors (5120K)
 Metaspace       used 20620K, capacity 21153K, committed 21248K, reserved 272384K
  class space    used 2537K, capacity 2723K, committed 2816K, reserved 253952K
}
Event: 18.121 GC heap before
{Heap before GC invocations=6 (full 0):
 garbage-first heap   total 262144K, used 69869K [0x00000000e0000000, 0x0000000100000000)
  region size 1024K, 56 young (57344K), 5 survivors (5120K)
 Metaspace       used 26085K, capacity 26742K, committed 27008K, reserved 278528K
  class space    used 3416K, capacity 3639K, committed 3712K, reserved 253952K
}
Event: 18.131 GC heap after
{Heap after GC invocations=7 (full 0):
 garbage-first heap   total 262144K, used 19705K [0x00000000e0000000, 0x0000000100000000)
  region size 1024K, 3 young (3072K), 3 survivors (3072K)
 Metaspace       used 26085K, capacity 26742K, committed 27008K, reserved 278528K
  class space    used 3416K, capacity 3639K, committed 3712K, reserved 253952K
}
Event: 22.563 GC heap before
{Heap before GC invocations=7 (full 0):
 garbage-first heap   total 262144K, used 85241K [0x00000000e0000000, 0x0000000100000000)
  region size 1024K, 68 young (69632K), 3 survivors (3072K)
 Metaspace       used 34953K, capacity 35741K, committed 35840K, reserved 286720K
  class space    used 4572K, capacity 4900K, committed 4992K, reserved 253952K
}
Event: 22.574 GC heap after
{Heap after GC invocations=8 (full 0):
 garbage-first heap   total 262144K, used 22775K [0x00000000e0000000, 0x0000000100000000)
  region size 1024K, 6 young (6144K), 6 survivors (6144K)
 Metaspace       used 34953K, capacity 35741K, committed 35840K, reserved 286720K
  class space    used 4572K, capacity 4900K, committed 4992K, reserved 253952K
}
Event: 24.687 GC heap before
{Heap before GC invocations=9 (full 0):
 garbage-first heap   total 262144K, used 124151K [0x00000000e0000000, 0x0000000100000000)
  region size 1024K, 102 young (104448K), 6 survivors (6144K)
 Metaspace       used 43713K, capacity 44793K, committed 44928K, reserved 292864K
  class space    used 5588K, capacity 5992K, committed 6016K, reserved 253952K
}
Event: 24.708 GC heap after
{Heap after GC invocations=10 (full 0):
 garbage-first heap   total 262144K, used 29910K [0x00000000e0000000, 0x0000000100000000)
  region size 1024K, 13 young (13312K), 13 survivors (13312K)
 Metaspace       used 43713K, capacity 44793K, committed 44928K, reserved 292864K
  class space    used 5588K, capacity 5992K, committed 6016K, reserved 253952K
}

Deoptimization events (10 events):
Event: 23.908 Thread 0x000001e52f4df800 Uncommon trap: reason=bimorphic_or_optimized_type_check action=maybe_recompile pc=0x000001e521fb56c4 method=java.util.AbstractCollection.addAll(Ljava/util/Collection;)Z @ 29 c2
Event: 24.182 Thread 0x000001e52f4df800 Uncommon trap: reason=unstable_if action=reinterpret pc=0x000001e521ecca70 method=java.util.HashMap.hash(Ljava/lang/Object;)I @ 1 c2
Event: 24.182 Thread 0x000001e52f4df800 Uncommon trap: reason=unstable_if action=reinterpret pc=0x000001e521ea45e4 method=java.util.HashMap.getNode(ILjava/lang/Object;)Ljava/util/HashMap$Node; @ 53 c2
Event: 24.182 Thread 0x000001e52f4df800 Uncommon trap: reason=unstable_if action=reinterpret pc=0x000001e521df7c74 method=java.util.HashMap.hash(Ljava/lang/Object;)I @ 1 c2
Event: 24.190 Thread 0x000001e52f4df800 Uncommon trap: reason=unstable_if action=reinterpret pc=0x000001e521fa52d0 method=org.gradle.internal.reflect.PropertyAccessorType.isGetGetterName(Ljava/lang/String;)Z @ 14 c2
Event: 24.254 Thread 0x000001e52f4df800 Uncommon trap: reason=unstable_if action=reinterpret pc=0x000001e521f15988 method=org.objectweb.asm.ByteVector.putShort(I)Lorg/objectweb/asm/ByteVector; @ 13 c2
Event: 24.284 Thread 0x000001e52fd0c800 Uncommon trap: reason=profile_predicate action=maybe_recompile pc=0x000001e521f51f88 method=java.util.stream.ReferencePipeline.forEachWithCancel(Ljava/util/Spliterator;Ljava/util/stream/Sink;)Z @ 8 c2
Event: 24.320 Thread 0x000001e52f4df800 Uncommon trap: reason=unstable_if action=reinterpret pc=0x000001e521f4fe44 method=java.util.concurrent.ConcurrentHashMap.computeIfAbsent(Ljava/lang/Object;Ljava/util/function/Function;)Ljava/lang/Object; @ 123 c2
Event: 25.159 Thread 0x000001e52f4df800 Uncommon trap: reason=unstable_if action=reinterpret pc=0x000001e521ff19c8 method=org.objectweb.asm.Frame.execute(IILorg/objectweb/asm/Symbol;Lorg/objectweb/asm/SymbolTable;)V @ 1 c2
Event: 25.283 Thread 0x000001e52fd0c800 Uncommon trap: reason=profile_predicate action=maybe_recompile pc=0x000001e521f51f88 method=java.util.stream.ReferencePipeline.forEachWithCancel(Ljava/util/Spliterator;Ljava/util/stream/Sink;)Z @ 8 c2

Classes redefined (0 events):
No events

Internal exceptions (10 events):
Event: 24.819 Thread 0x000001e52f4df800 Exception <a 'java/lang/NoSuchMethodError'{0x00000000efe04fd0}: java.lang.invoke.DirectMethodHandle$Holder.invokeStatic(Ljava/lang/Object;Ljava/lang/Object;Ljava/lang/Object;Ljava/lang/Object;Ljava/lang/Object;Ljava/lang/Object;Ljava/lang/Object;Ljava/lan
Event: 24.824 Thread 0x000001e52f4df800 Exception <a 'java/lang/NoSuchMethodError'{0x00000000efe15608}: java.lang.invoke.DirectMethodHandle$Holder.invokeStatic(Ljava/lang/Object;Ljava/lang/Object;Ljava/lang/Object;Ljava/lang/Object;Ljava/lang/Object;Ljava/lang/Object;Ljava/lang/Object;Ljava/lan
Event: 24.825 Thread 0x000001e52f4df800 Exception <a 'java/lang/NoSuchMethodError'{0x00000000efe25b50}: java.lang.invoke.DelegatingMethodHandle$Holder.reinvoke_L(Ljava/lang/Object;Ljava/lang/Object;Ljava/lang/Object;Ljava/lang/Object;Ljava/lang/Object;Ljava/lang/Object;Ljava/lang/Object;Ljava/l
Event: 25.158 Thread 0x000001e52f4df800 Exception <a 'java/lang/NoSuchMethodError'{0x00000000eefe24f0}: java.lang.invoke.DirectMethodHandle$Holder.invokeStatic(Ljava/lang/Object;Ljava/lang/Object;Ljava/lang/Object;Ljava/lang/Object;I)Ljava/lang/Object;> (0x00000000eefe24f0) thrown at [./open/sr
Event: 25.159 Thread 0x000001e52f4df800 Exception <a 'java/lang/NoSuchMethodError'{0x00000000eefe7188}: java.lang.invoke.DirectMethodHandle$Holder.invokeSpecial(Ljava/lang/Object;Ljava/lang/Object;Ljava/lang/Object;Ljava/lang/Object;Ljava/lang/Object;I)Ljava/lang/Object;> (0x00000000eefe7188) t
Event: 25.159 Thread 0x000001e52f4df800 Exception <a 'java/lang/NoSuchMethodError'{0x00000000eefeba68}: java.lang.invoke.Invokers$Holder.linkToTargetMethod(Ljava/lang/Object;Ljava/lang/Object;Ljava/lang/Object;ILjava/lang/Object;)Ljava/lang/Object;> (0x00000000eefeba68) thrown at [./open/src/ho
Event: 25.204 Thread 0x000001e52f4df800 Exception <a 'java/lang/NoSuchMethodError'{0x00000000eed3c940}: java.lang.invoke.DirectMethodHandle$Holder.invokeSpecial(Ljava/lang/Object;Ljava/lang/Object;IILjava/lang/Object;Ljava/lang/Object;Ljava/lang/Object;)Ljava/lang/Object;> (0x00000000eed3c940) 
Event: 25.204 Thread 0x000001e52f4df800 Exception <a 'java/lang/NoSuchMethodError'{0x00000000eed41160}: java.lang.invoke.DelegatingMethodHandle$Holder.reinvoke_L(Ljava/lang/Object;IILjava/lang/Object;Ljava/lang/Object;Ljava/lang/Object;)Ljava/lang/Object;> (0x00000000eed41160) thrown at [./open
Event: 25.290 Thread 0x000001e52f4df800 Exception <a 'java/lang/NoSuchMethodError'{0x00000000eecf0018}: java.lang.invoke.DirectMethodHandle$Holder.invokeInterface(Ljava/lang/Object;Ljava/lang/Object;)I> (0x00000000eecf0018) thrown at [./open/src/hotspot/share/interpreter/linkResolver.cpp, line 
Event: 25.290 Thread 0x000001e52f4df800 Exception <a 'java/lang/IncompatibleClassChangeError'{0x00000000eecf4048}: Found class java.lang.Object, but interface was expected> (0x00000000eecf4048) thrown at [./open/src/hotspot/share/interpreter/linkResolver.cpp, line 838]

Events (10 events):
Event: 25.394 loading class sun/reflect/generics/tree/LongSignature
Event: 25.395 loading class sun/reflect/generics/tree/LongSignature done
Event: 25.395 loading class jdk/management/jfr/ConfigurationInfo
Event: 25.396 loading class jdk/management/jfr/ConfigurationInfo done
Event: 25.396 loading class jdk/management/jfr/RecordingInfo
Event: 25.397 loading class jdk/management/jfr/RecordingInfo done
Event: 25.397 loading class jdk/management/jfr/EventTypeInfo
Event: 25.397 loading class jdk/management/jfr/EventTypeInfo done
Event: 25.399 loading class jdk/management/jfr/StreamManager
Event: 25.399 loading class jdk/management/jfr/StreamManager done


Dynamic libraries:
0x00007ff7d7c00000 - 0x00007ff7d7c0f000 	C:\Program Files\Java\jdk-11.0.17\bin\java.exe
0x00007ff91fdd0000 - 0x00007ff91ffbe000 	C:\Windows\SYSTEM32\ntdll.dll
0x00007ff91e260000 - 0x00007ff91e313000 	C:\Windows\System32\KERNEL32.DLL
0x00007ff91cb60000 - 0x00007ff91cdfc000 	C:\Windows\System32\KERNELBASE.dll
0x00007ff91cf00000 - 0x00007ff91cffa000 	C:\Windows\System32\ucrtbase.dll
0x00007ff911d00000 - 0x00007ff911d18000 	C:\Program Files\Java\jdk-11.0.17\bin\jli.dll
0x00007ff91db40000 - 0x00007ff91dbe7000 	C:\Windows\System32\ADVAPI32.dll
0x00007ff91e0b0000 - 0x00007ff91e14e000 	C:\Windows\System32\msvcrt.dll
0x00007ff91d8f0000 - 0x00007ff91d98f000 	C:\Windows\System32\sechost.dll
0x00007ff91f820000 - 0x00007ff91f93d000 	C:\Windows\System32\RPCRT4.dll
0x00007ff91d2d0000 - 0x00007ff91d468000 	C:\Windows\System32\USER32.dll
0x00007ff91cb40000 - 0x00007ff91cb60000 	C:\Windows\System32\win32u.dll
0x00007ff91e080000 - 0x00007ff91e0a9000 	C:\Windows\System32\GDI32.dll
0x00007ff91c9a0000 - 0x00007ff91cb40000 	C:\Windows\System32\gdi32full.dll
0x00007ff91be70000 - 0x00007ff91bf10000 	C:\Windows\System32\msvcp_win.dll
0x00007ff911bf0000 - 0x00007ff911c05000 	C:\Program Files\Java\jdk-11.0.17\bin\VCRUNTIME140.dll
0x00007ff90d210000 - 0x00007ff90d489000 	C:\Windows\WinSxS\amd64_microsoft.windows.common-controls_6595b64144ccf1df_6.0.17763.4131_none_de70d21e534b9adf\COMCTL32.dll
0x00007ff91f940000 - 0x00007ff91fc6c000 	C:\Windows\System32\combase.dll
0x00007ff91c910000 - 0x00007ff91c992000 	C:\Windows\System32\bcryptPrimitives.dll
0x00007ff917650000 - 0x00007ff91765a000 	C:\Windows\SYSTEM32\VERSION.dll
0x00007ff91d6b0000 - 0x00007ff91d6de000 	C:\Windows\System32\IMM32.DLL
0x00007ff90e290000 - 0x00007ff90e32b000 	C:\Program Files\Java\jdk-11.0.17\bin\msvcp140.dll
0x00007ff8f6090000 - 0x00007ff8f6baa000 	C:\Program Files\Java\jdk-11.0.17\bin\server\jvm.dll
0x00007ff91d520000 - 0x00007ff91d528000 	C:\Windows\System32\PSAPI.DLL
0x00007ff911b30000 - 0x00007ff911b39000 	C:\Windows\SYSTEM32\WSOCK32.dll
0x00007ff91d5d0000 - 0x00007ff91d63d000 	C:\Windows\System32\WS2_32.dll
0x00007ff919730000 - 0x00007ff919754000 	C:\Windows\SYSTEM32\WINMM.dll
0x00007ff919700000 - 0x00007ff91972d000 	C:\Windows\SYSTEM32\WINMMBASE.dll
0x00007ff91ceb0000 - 0x00007ff91cefa000 	C:\Windows\System32\cfgmgr32.dll
0x00007ff91be50000 - 0x00007ff91be61000 	C:\Windows\System32\kernel.appcore.dll
0x00007ff914a30000 - 0x00007ff914a40000 	C:\Program Files\Java\jdk-11.0.17\bin\verify.dll
0x00007ff906d70000 - 0x00007ff906f5d000 	C:\Windows\SYSTEM32\DBGHELP.DLL
0x00007ff906d40000 - 0x00007ff906d6a000 	C:\Windows\SYSTEM32\dbgcore.DLL
0x00007ff910370000 - 0x00007ff910398000 	C:\Program Files\Java\jdk-11.0.17\bin\java.dll
0x00007ff913310000 - 0x00007ff91331a000 	C:\Program Files\Java\jdk-11.0.17\bin\jimage.dll
0x00007ff910350000 - 0x00007ff910366000 	C:\Program Files\Java\jdk-11.0.17\bin\zip.dll
0x00007ff91e320000 - 0x00007ff91f818000 	C:\Windows\System32\SHELL32.dll
0x00007ff91d470000 - 0x00007ff91d517000 	C:\Windows\System32\shcore.dll
0x00007ff91c1c0000 - 0x00007ff91c909000 	C:\Windows\System32\windows.storage.dll
0x00007ff91be20000 - 0x00007ff91be43000 	C:\Windows\System32\profapi.dll
0x00007ff91bdc0000 - 0x00007ff91be1d000 	C:\Windows\System32\powrprof.dll
0x00007ff91e200000 - 0x00007ff91e252000 	C:\Windows\System32\shlwapi.dll
0x00007ff91bf10000 - 0x00007ff91bf2b000 	C:\Windows\System32\cryptsp.dll
0x00007ff9102e0000 - 0x00007ff9102f9000 	C:\Program Files\Java\jdk-11.0.17\bin\net.dll
0x00007ff911fb0000 - 0x00007ff9120af000 	C:\Windows\SYSTEM32\WINHTTP.dll
0x00007ff91b540000 - 0x00007ff91b5a7000 	C:\Windows\system32\mswsock.dll
0x00007ff9102c0000 - 0x00007ff9102d2000 	C:\Program Files\Java\jdk-11.0.17\bin\nio.dll
0x00007ff911eb0000 - 0x00007ff911ed7000 	C:\Users\Lenovo\.gradle\native\e1d6ef7f7dcc3fd88c89a11ec53ec762bb8ba0a96d01ffa2cd45eb1d1d8dd5c5\windows-amd64\native-platform.dll
0x00007ff8f5170000 - 0x00007ff8f52b4000 	C:\Users\Lenovo\.gradle\native\0d407fdbe67a94daf76414ababcb853783967236a71b16ec16e742cd7a986fd3\windows-amd64\native-platform-file-events.dll
0x00007ff911cf0000 - 0x00007ff911cf9000 	C:\Program Files\Java\jdk-11.0.17\bin\management.dll
0x00007ff911cc0000 - 0x00007ff911ccb000 	C:\Program Files\Java\jdk-11.0.17\bin\management_ext.dll
0x00007ff91b0d0000 - 0x00007ff91b103000 	C:\Windows\system32\rsaenh.dll
0x00007ff91bf30000 - 0x00007ff91bf56000 	C:\Windows\System32\bcrypt.dll
0x00007ff91bcd0000 - 0x00007ff91bcf9000 	C:\Windows\SYSTEM32\USERENV.dll
0x00007ff91b6c0000 - 0x00007ff91b6cc000 	C:\Windows\SYSTEM32\CRYPTBASE.dll
0x00007ff91b260000 - 0x00007ff91b29d000 	C:\Windows\SYSTEM32\IPHLPAPI.DLL
0x00007ff91d6a0000 - 0x00007ff91d6a8000 	C:\Windows\System32\NSI.dll
0x00007ff912ef0000 - 0x00007ff912f06000 	C:\Windows\SYSTEM32\dhcpcsvc6.DLL
0x00007ff912ed0000 - 0x00007ff912eec000 	C:\Windows\SYSTEM32\dhcpcsvc.DLL
0x00007ff91b2a0000 - 0x00007ff91b366000 	C:\Windows\SYSTEM32\DNSAPI.dll

dbghelp: loaded successfully - version: 4.0.5 - missing functions: none
symbol engine: initialized successfully - sym options: 0x614 - pdb path: .;C:\Program Files\Java\jdk-11.0.17\bin;C:\Windows\SYSTEM32;C:\Windows\WinSxS\amd64_microsoft.windows.common-controls_6595b64144ccf1df_6.0.17763.4131_none_de70d21e534b9adf;C:\Program Files\Java\jdk-11.0.17\bin\server;C:\Users\Lenovo\.gradle\native\e1d6ef7f7dcc3fd88c89a11ec53ec762bb8ba0a96d01ffa2cd45eb1d1d8dd5c5\windows-amd64;C:\Users\Lenovo\.gradle\native\0d407fdbe67a94daf76414ababcb853783967236a71b16ec16e742cd7a986fd3\windows-amd64

VM Arguments:
jvm_args: --add-opens=java.base/java.util=ALL-UNNAMED --add-opens=java.base/java.lang=ALL-UNNAMED --add-opens=java.base/java.lang.invoke=ALL-UNNAMED --add-opens=java.base/java.util=ALL-UNNAMED --add-opens=java.prefs/java.util.prefs=ALL-UNNAMED --add-opens=java.prefs/java.util.prefs=ALL-UNNAMED --add-opens=java.base/java.nio.charset=ALL-UNNAMED --add-opens=java.base/java.net=ALL-UNNAMED --add-opens=java.base/java.util.concurrent.atomic=ALL-UNNAMED -XX:MaxMetaspaceSize=256m -XX:+HeapDumpOnOutOfMemoryError -Xms256m -Xmx512m -Dfile.encoding=windows-1251 -Duser.country=UA -Duser.language=uk -Duser.variant 
java_command: org.gradle.launcher.daemon.bootstrap.GradleDaemon 7.4
java_class_path (initial): C:\Users\Lenovo\.gradle\wrapper\dists\gradle-7.4-bin\c0gwcg53nkjbqw7r0h0umtfvt\gradle-7.4\lib\gradle-launcher-7.4.jar
Launcher Type: SUN_STANDARD

[Global flags]
     intx CICompilerCount                          = 3                                         {product} {ergonomic}
   size_t CompressedClassSpaceSize                 = 260046848                                 {product} {ergonomic}
     uint ConcGCThreads                            = 1                                         {product} {ergonomic}
     uint G1ConcRefinementThreads                  = 4                                         {product} {ergonomic}
   size_t G1HeapRegionSize                         = 1048576                                   {product} {ergonomic}
    uintx GCDrainStackTargetSize                   = 64                                        {product} {ergonomic}
     bool HeapDumpOnOutOfMemoryError               = true                                   {manageable} {command line}
   size_t InitialHeapSize                          = 268435456                                 {product} {command line}
   size_t MarkStackSize                            = 4194304                                   {product} {ergonomic}
   size_t MaxHeapSize                              = 536870912                                 {product} {command line}
   size_t MaxMetaspaceSize                         = 268435456                                 {product} {command line}
   size_t MaxNewSize                               = 321912832                                 {product} {ergonomic}
   size_t MinHeapDeltaBytes                        = 1048576                                   {product} {ergonomic}
    uintx NonNMethodCodeHeapSize                   = 5830732                                {pd product} {ergonomic}
    uintx NonProfiledCodeHeapSize                  = 122913754                              {pd product} {ergonomic}
    uintx ProfiledCodeHeapSize                     = 122913754                              {pd product} {ergonomic}
    uintx ReservedCodeCacheSize                    = 251658240                              {pd product} {ergonomic}
     bool SegmentedCodeCache                       = true                                      {product} {ergonomic}
     bool UseCompressedClassPointers               = true                                 {lp64_product} {ergonomic}
     bool UseCompressedOops                        = true                                 {lp64_product} {ergonomic}
     bool UseG1GC                                  = true                                      {product} {ergonomic}
     bool UseLargePagesIndividualAllocation        = false                                  {pd product} {ergonomic}

Logging:
Log output configuration:
 #0: stdout all=warning uptime,level,tags
 #1: stderr all=off uptime,level,tags

Environment Variables:
PATH=C:\Program Files\Common Files\Oracle\Java\javapath;C:\Program Files\Python39\Scripts\;C:\Program Files\Python39\;C:\Program Files (x86)\Common Files\Oracle\Java\javapath;C:\Windows\system32;C:\Windows;C:\Windows\System32\Wbem;C:\Windows\System32\WindowsPowerShell\v1.0\;C:\Windows\System32\OpenSSH\;D:\prog\Git\cmd;C:\Users\Lenovo\AppData\Local\Microsoft\WindowsApps;C:\Program Files\JetBrains\IntelliJ IDEA Community Edition 2022.2.3\bin;C:\Users\Lenovo\AppData\Local\GitHubDesktop\bin
USERNAME=Lenovo
OS=Windows_NT
PROCESSOR_IDENTIFIER=AMD64 Family 23 Model 24 Stepping 1, AuthenticAMD



---------------  S Y S T E M  ---------------

OS: Windows 10 , 64 bit Build 17763 (10.0.17763.4131)
Hyper-V role detected

CPU:total 4 (initial active 4) (4 cores per cpu, 2 threads per core) family 23 model 24 stepping 1 microcode 0x0, cmov, cx8, fxsr, mmx, sse, sse2, sse3, ssse3, sse4.1, sse4.2, popcnt, avx, avx2, aes, clmul, mmxext, 3dnowpref, lzcnt, sse4a, ht, tsc, tscinvbit, tscinv, bmi1, bmi2, adx, s

Memory: 4k page, system-wide physical 10115M (1524M free)
TotalPageFile size 10915M (AvailPageFile size 5M)
current process WorkingSet (physical memory assigned to process): 301M, peak: 302M
current process commit charge ("private bytes"): 458M, peak: 460M

vm_info: Java HotSpot(TM) 64-Bit Server VM (11.0.17+10-LTS-269) for windows-amd64 JRE (11.0.17+10-LTS-269), built on Sep 13 2022 19:26:37 by "mach5one" with MS VC++ 15.9 (VS2017)

END.
