#
# There is insufficient memory for the Java Runtime Environment to continue.
# Native memory allocation (malloc) failed to allocate 675856 bytes for Chunk::new
# Possible reasons:
#   The system is out of physical RAM or swap space
#   The process is running with CompressedOops enabled, and the Java Heap may be blocking the growth of the native heap
# Possible solutions:
#   Reduce memory load on the system
#   Increase physical memory or swap space
#   Check if swap backing store is full
#   Decrease Java heap size (-Xmx/-Xms)
#   Decrease number of Java threads
#   Decrease Java thread stack sizes (-Xss)
#   Set larger code cache with -XX:ReservedCodeCacheSize=
#   JVM is running with Unscaled Compressed Oops mode in which the Java heap is
#     placed in the first 4GB address space. The Java Heap base address is the
#     maximum limit for the native heap growth. Please use -XX:HeapBaseMinAddress
#     to set the Java Heap base and to place the Java Heap above 4GB virtual address.
# This output file may be truncated or incomplete.
#
#  Out of Memory Error (./open/src/hotspot/share/memory/arena.cpp:197), pid=2224, tid=10976
#
# JRE version: Java(TM) SE Runtime Environment 18.9 (11.0.17+10) (build 11.0.17+10-LTS-269)
# Java VM: Java HotSpot(TM) 64-Bit Server VM 18.9 (11.0.17+10-LTS-269, mixed mode, tiered, compressed oops, g1 gc, windows-amd64)
# No core dump will be written. Minidumps are not enabled by default on client versions of Windows
#

---------------  S U M M A R Y ------------

Command Line: --add-opens=java.base/java.util=ALL-UNNAMED --add-opens=java.base/java.lang=ALL-UNNAMED --add-opens=java.base/java.lang.invoke=ALL-UNNAMED --add-opens=java.base/java.util=ALL-UNNAMED --add-opens=java.prefs/java.util.prefs=ALL-UNNAMED --add-opens=java.prefs/java.util.prefs=ALL-UNNAMED --add-opens=java.base/java.nio.charset=ALL-UNNAMED --add-opens=java.base/java.net=ALL-UNNAMED --add-opens=java.base/java.util.concurrent.atomic=ALL-UNNAMED -XX:MaxMetaspaceSize=256m -XX:+HeapDumpOnOutOfMemoryError -Xms256m -Xmx512m -Dfile.encoding=windows-1251 -Duser.country=UA -Duser.language=uk -Duser.variant org.gradle.launcher.daemon.bootstrap.GradleDaemon 7.4

Host: AMD Ryzen 3 3200U with Radeon Vega Mobile Gfx  , 4 cores, 9G,  Windows 10 , 64 bit Build 17763 (10.0.17763.4131)
Time: Mon Mar 20 09:24:46 2023 Фінляндія (зима) elapsed time: 1833.183017 seconds (0d 0h 30m 33s)

---------------  T H R E A D  ---------------

Current thread (0x000001acc2779800):  JavaThread "C2 CompilerThread0" daemon [_thread_in_native, id=10976, stack(0x0000009856500000,0x0000009856600000)]


Current CompileTask:
C2:1833183 13564       4       org.gradle.api.internal.artifacts.ivyservice.modulecache.ModuleMetadataSerializer$Reader::readMavenDependencyExcludes (68 bytes)

Stack: [0x0000009856500000,0x0000009856600000]
Native frames: (J=compiled Java code, j=interpreted, Vv=VM code, C=native code)
V  [jvm.dll+0x62b5da]
V  [jvm.dll+0x7653df]
V  [jvm.dll+0x766a89]
V  [jvm.dll+0x767113]
V  [jvm.dll+0x23dd28]
V  [jvm.dll+0xb2a1c]
V  [jvm.dll+0xb2fdc]
V  [jvm.dll+0x341597]
V  [jvm.dll+0x30ef13]
V  [jvm.dll+0x30e25a]
V  [jvm.dll+0x1f8733]
V  [jvm.dll+0x1f78fd]
V  [jvm.dll+0x177c91]
V  [jvm.dll+0x207296]
V  [jvm.dll+0x20542b]
V  [jvm.dll+0x72b2c0]
V  [jvm.dll+0x723e64]
V  [jvm.dll+0x62a485]
C  [ucrtbase.dll+0x2268a]
C  [KERNEL32.DLL+0x17ab4]
C  [ntdll.dll+0x5a351]


---------------  P R O C E S S  ---------------

Threads class SMR info:
_java_thread_list=0x000001accae22a80, length=50, elements={
0x000001aca887c000, 0x000001acc2751000, 0x000001acc275c000, 0x000001acc2770800,
0x000001acc2773800, 0x000001acc2774800, 0x000001acc2779800, 0x000001acc277e000,
0x000001acc30c4800, 0x000001acc3235000, 0x000001acc5402800, 0x000001acc347b000,
0x000001acc5887000, 0x000001acc3c93000, 0x000001acc3c95000, 0x000001acc3c93800,
0x000001acc3c94800, 0x000001acc3c96000, 0x000001acc3c90800, 0x000001acc3c97000,
0x000001acc3c92000, 0x000001acc33c2000, 0x000001acc33c8800, 0x000001acc33c4000,
0x000001acc33c6000, 0x000001accc885000, 0x000001accc882800, 0x000001accc880000,
0x000001accc881000, 0x000001accc87f000, 0x000001accc881800, 0x000001accc883800,
0x000001accc87d800, 0x000001accc884000, 0x000001accc87e800, 0x000001accc889000,
0x000001accc88a000, 0x000001accc886800, 0x000001accc88a800, 0x000001accc88b800,
0x000001accc885800, 0x000001accc88c800, 0x000001accc887800, 0x000001accc888000,
0x000001acc7c52800, 0x000001acc33c8000, 0x000001acc33c4800, 0x000001acc33cb000,
0x000001acc33c5800, 0x000001acc33cc000
}

Java Threads: ( => current thread )
  0x000001aca887c000 JavaThread "main" [_thread_blocked, id=1568, stack(0x0000009855900000,0x0000009855a00000)]
  0x000001acc2751000 JavaThread "Reference Handler" daemon [_thread_blocked, id=9584, stack(0x0000009856000000,0x0000009856100000)]
  0x000001acc275c000 JavaThread "Finalizer" daemon [_thread_blocked, id=6128, stack(0x0000009856100000,0x0000009856200000)]
  0x000001acc2770800 JavaThread "Signal Dispatcher" daemon [_thread_blocked, id=6096, stack(0x0000009856200000,0x0000009856300000)]
  0x000001acc2773800 JavaThread "Attach Listener" daemon [_thread_blocked, id=5068, stack(0x0000009856300000,0x0000009856400000)]
  0x000001acc2774800 JavaThread "Service Thread" daemon [_thread_blocked, id=9536, stack(0x0000009856400000,0x0000009856500000)]
=>0x000001acc2779800 JavaThread "C2 CompilerThread0" daemon [_thread_in_native, id=10976, stack(0x0000009856500000,0x0000009856600000)]
  0x000001acc277e000 JavaThread "C1 CompilerThread0" daemon [_thread_blocked, id=7028, stack(0x0000009856600000,0x0000009856700000)]
  0x000001acc30c4800 JavaThread "Sweeper thread" daemon [_thread_blocked, id=11080, stack(0x0000009856700000,0x0000009856800000)]
  0x000001acc3235000 JavaThread "Common-Cleaner" daemon [_thread_blocked, id=4468, stack(0x0000009856800000,0x0000009856900000)]
  0x000001acc5402800 JavaThread "Daemon health stats" [_thread_blocked, id=11064, stack(0x0000009856e00000,0x0000009856f00000)]
  0x000001acc347b000 JavaThread "Incoming local TCP Connector on port 50976" [_thread_in_native, id=8828, stack(0x0000009856a00000,0x0000009856b00000)]
  0x000001acc5887000 JavaThread "Daemon periodic checks" [_thread_blocked, id=9620, stack(0x0000009856f00000,0x0000009857000000)]
  0x000001acc3c93000 JavaThread "Cache worker for journal cache (C:\Users\Lenovo\.gradle\caches\journal-1)" [_thread_blocked, id=9100, stack(0x0000009857700000,0x0000009857800000)]
  0x000001acc3c95000 JavaThread "File lock request listener" [_thread_in_native, id=10020, stack(0x0000009857800000,0x0000009857900000)]
  0x000001acc3c93800 JavaThread "Cache worker for file hash cache (C:\Users\Lenovo\.gradle\caches\7.4\fileHashes)" [_thread_blocked, id=10340, stack(0x0000009857900000,0x0000009857a00000)]
  0x000001acc3c94800 JavaThread "File watcher server" daemon [_thread_in_native, id=4932, stack(0x0000009857b00000,0x0000009857c00000)]
  0x000001acc3c96000 JavaThread "File watcher consumer" daemon [_thread_blocked, id=10968, stack(0x0000009857c00000,0x0000009857d00000)]
  0x000001acc3c90800 JavaThread "jar transforms" [_thread_blocked, id=10328, stack(0x0000009857d00000,0x0000009857e00000)]
  0x000001acc3c97000 JavaThread "jar transforms Thread 2" [_thread_blocked, id=3320, stack(0x0000009857e00000,0x0000009857f00000)]
  0x000001acc3c92000 JavaThread "jar transforms Thread 3" [_thread_blocked, id=6232, stack(0x0000009857f00000,0x0000009858000000)]
  0x000001acc33c2000 JavaThread "jar transforms Thread 4" [_thread_blocked, id=3744, stack(0x0000009858000000,0x0000009858100000)]
  0x000001acc33c8800 JavaThread "Cache worker for execution history cache (C:\Users\Lenovo\.gradle\caches\7.4\executionHistory)" [_thread_blocked, id=8480, stack(0x0000009858400000,0x0000009858500000)]
  0x000001acc33c4000 JavaThread "Cache worker for file content cache (C:\Users\Lenovo\.gradle\caches\7.4\fileContent)" [_thread_blocked, id=10156, stack(0x0000009858600000,0x0000009858700000)]
  0x000001acc33c6000 JavaThread "Memory manager" [_thread_blocked, id=3180, stack(0x0000009858900000,0x0000009858a00000)]
  0x000001accc885000 JavaThread "Cache worker for Java compile cache (C:\Users\Lenovo\.gradle\caches\7.4\javaCompile)" [_thread_blocked, id=7328, stack(0x000000985b600000,0x000000985b700000)]
  0x000001accc882800 JavaThread "Daemon Thread 4" [_thread_blocked, id=8128, stack(0x0000009855600000,0x0000009855700000)]
  0x000001accc880000 JavaThread "Handler for socket connection from /127.0.0.1:50976 to /127.0.0.1:51329" [_thread_in_native, id=10480, stack(0x0000009855700000,0x0000009855800000)]
  0x000001accc881000 JavaThread "Cancel handler" [_thread_blocked, id=10804, stack(0x0000009855800000,0x0000009855900000)]
  0x000001accc87f000 JavaThread "Daemon worker Thread 4" [_thread_blocked, id=5316, stack(0x0000009857000000,0x0000009857100000)]
  0x000001accc881800 JavaThread "Asynchronous log dispatcher for DefaultDaemonConnection: socket connection from /127.0.0.1:50976 to /127.0.0.1:51329" [_thread_blocked, id=7456, stack(0x0000009857100000,0x0000009857200000)]
  0x000001accc883800 JavaThread "Stdin handler" [_thread_blocked, id=7348, stack(0x0000009857200000,0x0000009857300000)]
  0x000001accc87d800 JavaThread "Daemon client event forwarder" [_thread_blocked, id=8276, stack(0x0000009857300000,0x0000009857400000)]
  0x000001accc884000 JavaThread "Cache worker for checksums cache (D:\goit\ProjectGOITGroup3\.gradle\7.4\checksums)" [_thread_blocked, id=2844, stack(0x0000009857400000,0x0000009857500000)]
  0x000001accc87e800 JavaThread "Cache worker for cache directory md-rule (C:\Users\Lenovo\.gradle\caches\7.4\md-rule)" [_thread_blocked, id=9964, stack(0x0000009857500000,0x0000009857600000)]
  0x000001accc889000 JavaThread "Cache worker for file hash cache (D:\goit\ProjectGOITGroup3\.gradle\7.4\fileHashes)" [_thread_blocked, id=5180, stack(0x0000009857600000,0x0000009857700000)]
  0x000001accc88a000 JavaThread "Cache worker for cache directory md-supplier (C:\Users\Lenovo\.gradle\caches\7.4\md-supplier)" [_thread_blocked, id=6340, stack(0x0000009857a00000,0x0000009857b00000)]
  0x000001accc886800 JavaThread "Cache worker for dependencies-accessors (D:\goit\ProjectGOITGroup3\.gradle\7.4\dependencies-accessors)" [_thread_blocked, id=5032, stack(0x0000009858100000,0x0000009858200000)]
  0x000001accc88a800 JavaThread "Cache worker for Build Output Cleanup Cache (D:\goit\ProjectGOITGroup3\.gradle\buildOutputCleanup)" [_thread_blocked, id=7804, stack(0x0000009858200000,0x0000009858300000)]
  0x000001accc88b800 JavaThread "included builds" [_thread_in_vm, id=10660, stack(0x0000009858300000,0x0000009858400000)]
  0x000001accc885800 JavaThread "Execution worker for ':'" [_thread_blocked, id=7280, stack(0x0000009858700000,0x0000009858800000)]
  0x000001accc88c800 JavaThread "Execution worker for ':' Thread 2" [_thread_blocked, id=236, stack(0x0000009858800000,0x0000009858900000)]
  0x000001accc887800 JavaThread "Execution worker for ':' Thread 3" [_thread_blocked, id=11160, stack(0x0000009858a00000,0x0000009858b00000)]
  0x000001accc888000 JavaThread "Cache worker for execution history cache (D:\goit\ProjectGOITGroup3\.gradle\7.4\executionHistory)" [_thread_blocked, id=10668, stack(0x0000009858b00000,0x0000009858c00000)]
  0x000001acc7c52800 JavaThread "C2 CompilerThread1" daemon [_thread_in_native, id=108, stack(0x0000009858c00000,0x0000009858d00000)]
  0x000001acc33c8000 JavaThread "Unconstrained build operations" [_thread_new, id=10268, stack(0x0000000000000000,0x0000000000000000)]
  0x000001acc33c4800 JavaThread "Unconstrained build operations Thread 2" [_thread_new, id=10548, stack(0x0000000000000000,0x0000000000000000)]
  0x000001acc33cb000 JavaThread "Unconstrained build operations Thread 3" [_thread_new, id=10556, stack(0x0000000000000000,0x0000000000000000)]
  0x000001acc33c5800 JavaThread "Unconstrained build operations Thread 4" [_thread_new, id=4516, stack(0x0000000000000000,0x0000000000000000)]
  0x000001acc33cc000 JavaThread "Unconstrained build operations Thread 5" [_thread_new, id=10744, stack(0x0000000000000000,0x0000000000000000)]
  0x000001acc33c7000 JavaThread "Unconstrained build operations Thread 6" [_thread_new, id=10552, stack(0x0000000000000000,0x0000000000000000)]

Other Threads:
  0x000001acc272a000 VMThread "VM Thread" [stack: 0x0000009855f00000,0x0000009856000000] [id=10848]
  0x000001acc326a800 WatcherThread [stack: 0x0000009856900000,0x0000009856a00000] [id=9500]
  0x000001aca8892000 GCTaskThread "GC Thread#0" [stack: 0x0000009855a00000,0x0000009855b00000] [id=1992]
  0x000001acc3621000 GCTaskThread "GC Thread#1" [stack: 0x0000009856b00000,0x0000009856c00000] [id=10800]
  0x000001acc347b800 GCTaskThread "GC Thread#2" [stack: 0x0000009856c00000,0x0000009856d00000] [id=11084]
  0x000001acc34cc800 GCTaskThread "GC Thread#3" [stack: 0x0000009856d00000,0x0000009856e00000] [id=6540]
  0x000001aca88a4800 ConcurrentGCThread "G1 Main Marker" [stack: 0x0000009855b00000,0x0000009855c00000] [id=11012]
  0x000001aca88a6000 ConcurrentGCThread "G1 Conc#0" [stack: 0x0000009855c00000,0x0000009855d00000] [id=10832]
  0x000001acc25c8800 ConcurrentGCThread "G1 Refine#0" [stack: 0x0000009855d00000,0x0000009855e00000] [id=208]
  0x000001acc37f7800 ConcurrentGCThread "G1 Refine#1" [stack: 0x000000985b200000,0x000000985b300000] [id=7572]
  0x000001accae56000 ConcurrentGCThread "G1 Refine#2" [stack: 0x0000009858500000,0x0000009858600000] [id=9696]
  0x000001acc25c9000 ConcurrentGCThread "G1 Young RemSet Sampling" [stack: 0x0000009855e00000,0x0000009855f00000] [id=6808]

Threads with active compile tasks:
C2 CompilerThread0  1833207 13564       4       org.gradle.api.internal.artifacts.ivyservice.modulecache.ModuleMetadataSerializer$Reader::readMavenDependencyExcludes (68 bytes)
C2 CompilerThread1  1833207 13596 %     4       java.security.AccessControlContext::combine @ 104 (205 bytes)

VM state:not at safepoint (normal execution)

VM Mutex/Monitor currently owned by a thread:  ([mutex/lock_event])
[0x000001aca8877970] Threads_lock - owner thread: 0x000001accc88b800

Heap address: 0x00000000e0000000, size: 512 MB, Compressed Oops mode: 32-bit
Narrow klass base: 0x0000000000000000, Narrow klass shift: 3
Compressed class space size: 260046848 Address: 0x0000000100000000

Heap:
 garbage-first heap   total 262144K, used 208896K [0x00000000e0000000, 0x0000000100000000)
  region size 1024K, 49 young (50176K), 4 survivors (4096K)
 Metaspace       used 91140K, capacity 94085K, committed 94208K, reserved 335872K
  class space    used 11449K, capacity 12497K, committed 12544K, reserved 253952K
Heap Regions: E=young(eden), S=young(survivor), O=old, HS=humongous(starts), HC=humongous(continues), CS=collection set, F=free, A=archive, TAMS=top-at-mark-start (previous, next)
|   0|0x00000000e0000000, 0x00000000e0100000, 0x00000000e0100000|100%|HS|  |TAMS 0x00000000e0100000, 0x00000000e0000000| Complete 
|   1|0x00000000e0100000, 0x00000000e0200000, 0x00000000e0200000|100%|HC|  |TAMS 0x00000000e0200000, 0x00000000e0100000| Complete 
|   2|0x00000000e0200000, 0x00000000e0300000, 0x00000000e0300000|100%|HC|  |TAMS 0x00000000e0300000, 0x00000000e0200000| Complete 
|   3|0x00000000e0300000, 0x00000000e0400000, 0x00000000e0400000|100%| O|  |TAMS 0x00000000e0400000, 0x00000000e0300000| Untracked 
|   4|0x00000000e0400000, 0x00000000e0500000, 0x00000000e0500000|100%| O|  |TAMS 0x00000000e0500000, 0x00000000e0400000| Untracked 
|   5|0x00000000e0500000, 0x00000000e0600000, 0x00000000e0600000|100%| O|  |TAMS 0x00000000e0600000, 0x00000000e0500000| Untracked 
|   6|0x00000000e0600000, 0x00000000e0700000, 0x00000000e0700000|100%| O|  |TAMS 0x00000000e0700000, 0x00000000e0600000| Untracked 
|   7|0x00000000e0700000, 0x00000000e0800000, 0x00000000e0800000|100%| O|  |TAMS 0x00000000e0800000, 0x00000000e0700000| Untracked 
|   8|0x00000000e0800000, 0x00000000e0900000, 0x00000000e0900000|100%| O|  |TAMS 0x00000000e0900000, 0x00000000e0800000| Untracked 
|   9|0x00000000e0900000, 0x00000000e0a00000, 0x00000000e0a00000|100%| O|  |TAMS 0x00000000e0a00000, 0x00000000e0900000| Complete 
|  10|0x00000000e0a00000, 0x00000000e0b00000, 0x00000000e0b00000|100%| O|  |TAMS 0x00000000e0b00000, 0x00000000e0a00000| Complete 
|  11|0x00000000e0b00000, 0x00000000e0c00000, 0x00000000e0c00000|100%| O|  |TAMS 0x00000000e0c00000, 0x00000000e0b00000| Untracked 
|  12|0x00000000e0c00000, 0x00000000e0d00000, 0x00000000e0d00000|100%| O|  |TAMS 0x00000000e0d00000, 0x00000000e0c00000| Untracked 
|  13|0x00000000e0d00000, 0x00000000e0e00000, 0x00000000e0e00000|100%| O|  |TAMS 0x00000000e0e00000, 0x00000000e0d00000| Complete 
|  14|0x00000000e0e00000, 0x00000000e0f00000, 0x00000000e0f00000|100%| O|  |TAMS 0x00000000e0f00000, 0x00000000e0e00000| Untracked 
|  15|0x00000000e0f00000, 0x00000000e1000000, 0x00000000e1000000|100%| O|  |TAMS 0x00000000e1000000, 0x00000000e0f00000| Untracked 
|  16|0x00000000e1000000, 0x00000000e1100000, 0x00000000e1100000|100%| O|  |TAMS 0x00000000e1100000, 0x00000000e1000000| Complete 
|  17|0x00000000e1100000, 0x00000000e1200000, 0x00000000e1200000|100%|HS|  |TAMS 0x00000000e1200000, 0x00000000e1100000| Complete 
|  18|0x00000000e1200000, 0x00000000e1300000, 0x00000000e1300000|100%|HC|  |TAMS 0x00000000e1300000, 0x00000000e1200000| Complete 
|  19|0x00000000e1300000, 0x00000000e1400000, 0x00000000e1400000|100%|HS|  |TAMS 0x00000000e1400000, 0x00000000e1300000| Complete 
|  20|0x00000000e1400000, 0x00000000e1500000, 0x00000000e1500000|100%|HC|  |TAMS 0x00000000e1500000, 0x00000000e1400000| Complete 
|  21|0x00000000e1500000, 0x00000000e1600000, 0x00000000e1600000|100%|HC|  |TAMS 0x00000000e1600000, 0x00000000e1500000| Complete 
|  22|0x00000000e1600000, 0x00000000e1700000, 0x00000000e1700000|100%|HS|  |TAMS 0x00000000e1700000, 0x00000000e1600000| Complete 
|  23|0x00000000e1700000, 0x00000000e1800000, 0x00000000e1800000|100%|HC|  |TAMS 0x00000000e1800000, 0x00000000e1700000| Complete 
|  24|0x00000000e1800000, 0x00000000e1900000, 0x00000000e1900000|100%|HC|  |TAMS 0x00000000e1900000, 0x00000000e1800000| Complete 
|  25|0x00000000e1900000, 0x00000000e1a00000, 0x00000000e1a00000|100%|HS|  |TAMS 0x00000000e1a00000, 0x00000000e1900000| Complete 
|  26|0x00000000e1a00000, 0x00000000e1b00000, 0x00000000e1b00000|100%|HC|  |TAMS 0x00000000e1b00000, 0x00000000e1a00000| Complete 
|  27|0x00000000e1b00000, 0x00000000e1c00000, 0x00000000e1c00000|100%|HC|  |TAMS 0x00000000e1c00000, 0x00000000e1b00000| Complete 
|  28|0x00000000e1c00000, 0x00000000e1d00000, 0x00000000e1d00000|100%|HC|  |TAMS 0x00000000e1d00000, 0x00000000e1c00000| Complete 
|  29|0x00000000e1d00000, 0x00000000e1e00000, 0x00000000e1e00000|100%|HC|  |TAMS 0x00000000e1e00000, 0x00000000e1d00000| Complete 
|  30|0x00000000e1e00000, 0x00000000e1f00000, 0x00000000e1f00000|100%|HS|  |TAMS 0x00000000e1f00000, 0x00000000e1e00000| Complete 
|  31|0x00000000e1f00000, 0x00000000e2000000, 0x00000000e2000000|100%|HC|  |TAMS 0x00000000e2000000, 0x00000000e1f00000| Complete 
|  32|0x00000000e2000000, 0x00000000e2100000, 0x00000000e2100000|100%|HS|  |TAMS 0x00000000e2100000, 0x00000000e2000000| Complete 
|  33|0x00000000e2100000, 0x00000000e2200000, 0x00000000e2200000|100%|HC|  |TAMS 0x00000000e2200000, 0x00000000e2100000| Complete 
|  34|0x00000000e2200000, 0x00000000e2300000, 0x00000000e2300000|100%|HC|  |TAMS 0x00000000e2300000, 0x00000000e2200000| Complete 
|  35|0x00000000e2300000, 0x00000000e2400000, 0x00000000e2400000|100%|HC|  |TAMS 0x00000000e2400000, 0x00000000e2300000| Complete 
|  36|0x00000000e2400000, 0x00000000e2500000, 0x00000000e2500000|100%|HC|  |TAMS 0x00000000e2500000, 0x00000000e2400000| Complete 
|  37|0x00000000e2500000, 0x00000000e2600000, 0x00000000e2600000|100%|HC|  |TAMS 0x00000000e2600000, 0x00000000e2500000| Complete 
|  38|0x00000000e2600000, 0x00000000e2700000, 0x00000000e2700000|100%|HC|  |TAMS 0x00000000e2700000, 0x00000000e2600000| Complete 
|  39|0x00000000e2700000, 0x00000000e2800000, 0x00000000e2800000|100%|HC|  |TAMS 0x00000000e2800000, 0x00000000e2700000| Complete 
|  40|0x00000000e2800000, 0x00000000e2900000, 0x00000000e2900000|100%|HC|  |TAMS 0x00000000e2900000, 0x00000000e2800000| Complete 
|  41|0x00000000e2900000, 0x00000000e2a00000, 0x00000000e2a00000|100%|HC|  |TAMS 0x00000000e2a00000, 0x00000000e2900000| Complete 
|  42|0x00000000e2a00000, 0x00000000e2b00000, 0x00000000e2b00000|100%|HS|  |TAMS 0x00000000e2b00000, 0x00000000e2a00000| Complete 
|  43|0x00000000e2b00000, 0x00000000e2c00000, 0x00000000e2c00000|100%|HC|  |TAMS 0x00000000e2c00000, 0x00000000e2b00000| Complete 
|  44|0x00000000e2c00000, 0x00000000e2d00000, 0x00000000e2d00000|100%| O|  |TAMS 0x00000000e2d00000, 0x00000000e2c00000| Complete 
|  45|0x00000000e2d00000, 0x00000000e2e00000, 0x00000000e2e00000|100%|HS|  |TAMS 0x00000000e2e00000, 0x00000000e2d00000| Complete 
|  46|0x00000000e2e00000, 0x00000000e2f00000, 0x00000000e2f00000|100%| O|  |TAMS 0x00000000e2f00000, 0x00000000e2e00000| Untracked 
|  47|0x00000000e2f00000, 0x00000000e3000000, 0x00000000e3000000|100%|HS|  |TAMS 0x00000000e3000000, 0x00000000e2f00000| Complete 
|  48|0x00000000e3000000, 0x00000000e3100000, 0x00000000e3100000|100%|HC|  |TAMS 0x00000000e3100000, 0x00000000e3000000| Complete 
|  49|0x00000000e3100000, 0x00000000e3200000, 0x00000000e3200000|100%|HC|  |TAMS 0x00000000e3200000, 0x00000000e3100000| Complete 
|  50|0x00000000e3200000, 0x00000000e3300000, 0x00000000e3300000|100%|HC|  |TAMS 0x00000000e3300000, 0x00000000e3200000| Complete 
|  51|0x00000000e3300000, 0x00000000e3400000, 0x00000000e3400000|100%|HC|  |TAMS 0x00000000e3400000, 0x00000000e3300000| Complete 
|  52|0x00000000e3400000, 0x00000000e3500000, 0x00000000e3500000|100%|HC|  |TAMS 0x00000000e3500000, 0x00000000e3400000| Complete 
|  53|0x00000000e3500000, 0x00000000e3600000, 0x00000000e3600000|100%|HC|  |TAMS 0x00000000e3600000, 0x00000000e3500000| Complete 
|  54|0x00000000e3600000, 0x00000000e3700000, 0x00000000e3700000|100%|HC|  |TAMS 0x00000000e3700000, 0x00000000e3600000| Complete 
|  55|0x00000000e3700000, 0x00000000e3800000, 0x00000000e3800000|100%|HC|  |TAMS 0x00000000e3800000, 0x00000000e3700000| Complete 
|  56|0x00000000e3800000, 0x00000000e3900000, 0x00000000e3900000|100%|HC|  |TAMS 0x00000000e3900000, 0x00000000e3800000| Complete 
|  57|0x00000000e3900000, 0x00000000e3a00000, 0x00000000e3a00000|100%|HS|  |TAMS 0x00000000e3a00000, 0x00000000e3900000| Complete 
|  58|0x00000000e3a00000, 0x00000000e3b00000, 0x00000000e3b00000|100%|HC|  |TAMS 0x00000000e3b00000, 0x00000000e3a00000| Complete 
|  59|0x00000000e3b00000, 0x00000000e3c00000, 0x00000000e3c00000|100%|HS|  |TAMS 0x00000000e3c00000, 0x00000000e3b00000| Complete 
|  60|0x00000000e3c00000, 0x00000000e3d00000, 0x00000000e3d00000|100%|HC|  |TAMS 0x00000000e3d00000, 0x00000000e3c00000| Complete 
|  61|0x00000000e3d00000, 0x00000000e3e00000, 0x00000000e3e00000|100%|HC|  |TAMS 0x00000000e3e00000, 0x00000000e3d00000| Complete 
|  62|0x00000000e3e00000, 0x00000000e3f00000, 0x00000000e3f00000|100%|HS|  |TAMS 0x00000000e3f00000, 0x00000000e3e00000| Complete 
|  63|0x00000000e3f00000, 0x00000000e4000000, 0x00000000e4000000|100%|HC|  |TAMS 0x00000000e4000000, 0x00000000e3f00000| Complete 
|  64|0x00000000e4000000, 0x00000000e4100000, 0x00000000e4100000|100%|HS|  |TAMS 0x00000000e4100000, 0x00000000e4000000| Complete 
|  65|0x00000000e4100000, 0x00000000e4200000, 0x00000000e4200000|100%|HC|  |TAMS 0x00000000e4200000, 0x00000000e4100000| Complete 
|  66|0x00000000e4200000, 0x00000000e4300000, 0x00000000e4300000|100%|HC|  |TAMS 0x00000000e4300000, 0x00000000e4200000| Complete 
|  67|0x00000000e4300000, 0x00000000e4400000, 0x00000000e4400000|100%| O|  |TAMS 0x00000000e4400000, 0x00000000e4300000| Complete 
|  68|0x00000000e4400000, 0x00000000e4500000, 0x00000000e4500000|100%| O|  |TAMS 0x00000000e4500000, 0x00000000e4400000| Untracked 
|  69|0x00000000e4500000, 0x00000000e4600000, 0x00000000e4600000|100%| O|  |TAMS 0x00000000e4600000, 0x00000000e4500000| Complete 
|  70|0x00000000e4600000, 0x00000000e4700000, 0x00000000e4700000|100%| O|  |TAMS 0x00000000e4700000, 0x00000000e4600000| Complete 
|  71|0x00000000e4700000, 0x00000000e4800000, 0x00000000e4800000|100%|HS|  |TAMS 0x00000000e4800000, 0x00000000e4700000| Complete 
|  72|0x00000000e4800000, 0x00000000e4900000, 0x00000000e4900000|100%|HC|  |TAMS 0x00000000e4900000, 0x00000000e4800000| Complete 
|  73|0x00000000e4900000, 0x00000000e4a00000, 0x00000000e4a00000|100%|HC|  |TAMS 0x00000000e4a00000, 0x00000000e4900000| Complete 
|  74|0x00000000e4a00000, 0x00000000e4b00000, 0x00000000e4b00000|100%|HC|  |TAMS 0x00000000e4b00000, 0x00000000e4a00000| Complete 
|  75|0x00000000e4b00000, 0x00000000e4c00000, 0x00000000e4c00000|100%|HC|  |TAMS 0x00000000e4c00000, 0x00000000e4b00000| Complete 
|  76|0x00000000e4c00000, 0x00000000e4d00000, 0x00000000e4d00000|100%|HC|  |TAMS 0x00000000e4d00000, 0x00000000e4c00000| Complete 
|  77|0x00000000e4d00000, 0x00000000e4e00000, 0x00000000e4e00000|100%| O|  |TAMS 0x00000000e4e00000, 0x00000000e4d00000| Untracked 
|  78|0x00000000e4e00000, 0x00000000e4f00000, 0x00000000e4f00000|100%| O|  |TAMS 0x00000000e4f00000, 0x00000000e4e00000| Untracked 
|  79|0x00000000e4f00000, 0x00000000e5000000, 0x00000000e5000000|100%| O|  |TAMS 0x00000000e5000000, 0x00000000e4f00000| Untracked 
|  80|0x00000000e5000000, 0x00000000e5100000, 0x00000000e5100000|100%| O|  |TAMS 0x00000000e5100000, 0x00000000e5000000| Complete 
|  81|0x00000000e5100000, 0x00000000e5200000, 0x00000000e5200000|100%| O|  |TAMS 0x00000000e5200000, 0x00000000e5100000| Complete 
|  82|0x00000000e5200000, 0x00000000e5300000, 0x00000000e5300000|100%| O|  |TAMS 0x00000000e5300000, 0x00000000e5200000| Complete 
|  83|0x00000000e5300000, 0x00000000e5400000, 0x00000000e5400000|100%|HS|  |TAMS 0x00000000e5400000, 0x00000000e5300000| Complete 
|  84|0x00000000e5400000, 0x00000000e5500000, 0x00000000e5500000|100%|HC|  |TAMS 0x00000000e5500000, 0x00000000e5400000| Complete 
|  85|0x00000000e5500000, 0x00000000e5600000, 0x00000000e5600000|100%|HS|  |TAMS 0x00000000e5600000, 0x00000000e5500000| Complete 
|  86|0x00000000e5600000, 0x00000000e5700000, 0x00000000e5700000|100%|HC|  |TAMS 0x00000000e5700000, 0x00000000e5600000| Complete 
|  87|0x00000000e5700000, 0x00000000e5800000, 0x00000000e5800000|100%|HC|  |TAMS 0x00000000e5800000, 0x00000000e5700000| Complete 
|  88|0x00000000e5800000, 0x00000000e5900000, 0x00000000e5900000|100%|HS|  |TAMS 0x00000000e5900000, 0x00000000e5800000| Complete 
|  89|0x00000000e5900000, 0x00000000e5a00000, 0x00000000e5a00000|100%|HC|  |TAMS 0x00000000e5a00000, 0x00000000e5900000| Complete 
|  90|0x00000000e5a00000, 0x00000000e5b00000, 0x00000000e5b00000|100%|HC|  |TAMS 0x00000000e5b00000, 0x00000000e5a00000| Complete 
|  91|0x00000000e5b00000, 0x00000000e5c00000, 0x00000000e5c00000|100%|HS|  |TAMS 0x00000000e5c00000, 0x00000000e5b00000| Complete 
|  92|0x00000000e5c00000, 0x00000000e5d00000, 0x00000000e5d00000|100%|HC|  |TAMS 0x00000000e5d00000, 0x00000000e5c00000| Complete 
|  93|0x00000000e5d00000, 0x00000000e5e00000, 0x00000000e5e00000|100%|HC|  |TAMS 0x00000000e5e00000, 0x00000000e5d00000| Complete 
|  94|0x00000000e5e00000, 0x00000000e5f00000, 0x00000000e5f00000|100%|HC|  |TAMS 0x00000000e5f00000, 0x00000000e5e00000| Complete 
|  95|0x00000000e5f00000, 0x00000000e6000000, 0x00000000e6000000|100%|HC|  |TAMS 0x00000000e6000000, 0x00000000e5f00000| Complete 
|  96|0x00000000e6000000, 0x00000000e6100000, 0x00000000e6100000|100%|HS|  |TAMS 0x00000000e6100000, 0x00000000e6000000| Complete 
|  97|0x00000000e6100000, 0x00000000e6200000, 0x00000000e6200000|100%|HC|  |TAMS 0x00000000e6200000, 0x00000000e6100000| Complete 
|  98|0x00000000e6200000, 0x00000000e6300000, 0x00000000e6300000|100%|HS|  |TAMS 0x00000000e6300000, 0x00000000e6200000| Complete 
|  99|0x00000000e6300000, 0x00000000e6400000, 0x00000000e6400000|100%|HC|  |TAMS 0x00000000e6400000, 0x00000000e6300000| Complete 
| 100|0x00000000e6400000, 0x00000000e6500000, 0x00000000e6500000|100%|HC|  |TAMS 0x00000000e6500000, 0x00000000e6400000| Complete 
| 101|0x00000000e6500000, 0x00000000e6600000, 0x00000000e6600000|100%|HC|  |TAMS 0x00000000e6600000, 0x00000000e6500000| Complete 
| 102|0x00000000e6600000, 0x00000000e6700000, 0x00000000e6700000|100%|HC|  |TAMS 0x00000000e6700000, 0x00000000e6600000| Complete 
| 103|0x00000000e6700000, 0x00000000e6800000, 0x00000000e6800000|100%|HC|  |TAMS 0x00000000e6800000, 0x00000000e6700000| Complete 
| 104|0x00000000e6800000, 0x00000000e6900000, 0x00000000e6900000|100%|HC|  |TAMS 0x00000000e6900000, 0x00000000e6800000| Complete 
| 105|0x00000000e6900000, 0x00000000e6a00000, 0x00000000e6a00000|100%|HC|  |TAMS 0x00000000e6a00000, 0x00000000e6900000| Complete 
| 106|0x00000000e6a00000, 0x00000000e6b00000, 0x00000000e6b00000|100%|HC|  |TAMS 0x00000000e6b00000, 0x00000000e6a00000| Complete 
| 107|0x00000000e6b00000, 0x00000000e6c00000, 0x00000000e6c00000|100%|HC|  |TAMS 0x00000000e6c00000, 0x00000000e6b00000| Complete 
| 108|0x00000000e6c00000, 0x00000000e6d00000, 0x00000000e6d00000|100%|HS|  |TAMS 0x00000000e6d00000, 0x00000000e6c00000| Complete 
| 109|0x00000000e6d00000, 0x00000000e6e00000, 0x00000000e6e00000|100%|HC|  |TAMS 0x00000000e6e00000, 0x00000000e6d00000| Complete 
| 110|0x00000000e6e00000, 0x00000000e6f00000, 0x00000000e6f00000|100%| O|  |TAMS 0x00000000e6f00000, 0x00000000e6e00000| Complete 
| 111|0x00000000e6f00000, 0x00000000e7000000, 0x00000000e7000000|100%| O|  |TAMS 0x00000000e7000000, 0x00000000e6f00000| Complete 
| 112|0x00000000e7000000, 0x00000000e7100000, 0x00000000e7100000|100%| O|  |TAMS 0x00000000e7100000, 0x00000000e7000000| Untracked 
| 113|0x00000000e7100000, 0x00000000e7200000, 0x00000000e7200000|100%| O|  |TAMS 0x00000000e7200000, 0x00000000e7100000| Complete 
| 114|0x00000000e7200000, 0x00000000e7300000, 0x00000000e7300000|100%| O|  |TAMS 0x00000000e7300000, 0x00000000e7200000| Complete 
| 115|0x00000000e7300000, 0x00000000e7400000, 0x00000000e7400000|100%| O|  |TAMS 0x00000000e7400000, 0x00000000e7300000| Complete 
| 116|0x00000000e7400000, 0x00000000e7500000, 0x00000000e7500000|100%| O|  |TAMS 0x00000000e7500000, 0x00000000e7400000| Complete 
| 117|0x00000000e7500000, 0x00000000e7600000, 0x00000000e7600000|100%| O|  |TAMS 0x00000000e7600000, 0x00000000e7500000| Complete 
| 118|0x00000000e7600000, 0x00000000e7700000, 0x00000000e7700000|100%| O|  |TAMS 0x00000000e7700000, 0x00000000e7600000| Untracked 
| 119|0x00000000e7700000, 0x00000000e7800000, 0x00000000e7800000|100%| O|  |TAMS 0x00000000e7800000, 0x00000000e7700000| Complete 
| 120|0x00000000e7800000, 0x00000000e7900000, 0x00000000e7900000|100%| O|  |TAMS 0x00000000e7900000, 0x00000000e7800000| Complete 
| 121|0x00000000e7900000, 0x00000000e7a00000, 0x00000000e7a00000|100%| O|  |TAMS 0x00000000e7a00000, 0x00000000e7900000| Complete 
| 122|0x00000000e7a00000, 0x00000000e7b00000, 0x00000000e7b00000|100%| O|  |TAMS 0x00000000e7b00000, 0x00000000e7a00000| Complete 
| 123|0x00000000e7b00000, 0x00000000e7c00000, 0x00000000e7c00000|100%| O|  |TAMS 0x00000000e7c00000, 0x00000000e7b00000| Untracked 
| 124|0x00000000e7c00000, 0x00000000e7d00000, 0x00000000e7d00000|100%| O|  |TAMS 0x00000000e7d00000, 0x00000000e7c00000| Complete 
| 125|0x00000000e7d00000, 0x00000000e7e00000, 0x00000000e7e00000|100%| O|  |TAMS 0x00000000e7e00000, 0x00000000e7d00000| Complete 
| 126|0x00000000e7e00000, 0x00000000e7f00000, 0x00000000e7f00000|100%| O|  |TAMS 0x00000000e7f00000, 0x00000000e7e00000| Complete 
| 127|0x00000000e7f00000, 0x00000000e8000000, 0x00000000e8000000|100%| O|  |TAMS 0x00000000e8000000, 0x00000000e7f00000| Complete 
| 128|0x00000000e8000000, 0x00000000e8100000, 0x00000000e8100000|100%| O|  |TAMS 0x00000000e8100000, 0x00000000e8000000| Complete 
| 129|0x00000000e8100000, 0x00000000e8200000, 0x00000000e8200000|100%| O|  |TAMS 0x00000000e8200000, 0x00000000e8100000| Complete 
| 130|0x00000000e8200000, 0x00000000e8300000, 0x00000000e8300000|100%| O|  |TAMS 0x00000000e8300000, 0x00000000e8200000| Complete 
| 131|0x00000000e8300000, 0x00000000e8400000, 0x00000000e8400000|100%| O|  |TAMS 0x00000000e8400000, 0x00000000e8300000| Complete 
| 132|0x00000000e8400000, 0x00000000e8400000, 0x00000000e8500000|  0%| F|  |TAMS 0x00000000e8400000, 0x00000000e8400000| Untracked 
| 133|0x00000000e8500000, 0x00000000e8600000, 0x00000000e8600000|100%| O|  |TAMS 0x00000000e8600000, 0x00000000e8500000| Complete 
| 134|0x00000000e8600000, 0x00000000e8700000, 0x00000000e8700000|100%| O|  |TAMS 0x00000000e8700000, 0x00000000e8600000| Untracked 
| 135|0x00000000e8700000, 0x00000000e8800000, 0x00000000e8800000|100%| O|  |TAMS 0x00000000e8800000, 0x00000000e8700000| Untracked 
| 136|0x00000000e8800000, 0x00000000e8900000, 0x00000000e8900000|100%| O|  |TAMS 0x00000000e8900000, 0x00000000e8800000| Complete 
| 137|0x00000000e8900000, 0x00000000e8a00000, 0x00000000e8a00000|100%| O|  |TAMS 0x00000000e8a00000, 0x00000000e8900000| Complete 
| 138|0x00000000e8a00000, 0x00000000e8b00000, 0x00000000e8b00000|100%| O|  |TAMS 0x00000000e8b00000, 0x00000000e8a00000| Complete 
| 139|0x00000000e8b00000, 0x00000000e8c00000, 0x00000000e8c00000|100%| O|  |TAMS 0x00000000e8c00000, 0x00000000e8b00000| Complete 
| 140|0x00000000e8c00000, 0x00000000e8d00000, 0x00000000e8d00000|100%| O|  |TAMS 0x00000000e8d00000, 0x00000000e8c00000| Complete 
| 141|0x00000000e8d00000, 0x00000000e8e00000, 0x00000000e8e00000|100%| O|  |TAMS 0x00000000e8e00000, 0x00000000e8d00000| Untracked 
| 142|0x00000000e8e00000, 0x00000000e8f00000, 0x00000000e8f00000|100%| O|  |TAMS 0x00000000e8f00000, 0x00000000e8e00000| Untracked 
| 143|0x00000000e8f00000, 0x00000000e9000000, 0x00000000e9000000|100%| O|  |TAMS 0x00000000e9000000, 0x00000000e8f00000| Untracked 
| 144|0x00000000e9000000, 0x00000000e9100000, 0x00000000e9100000|100%| O|  |TAMS 0x00000000e9100000, 0x00000000e9000000| Untracked 
| 145|0x00000000e9100000, 0x00000000e9200000, 0x00000000e9200000|100%| O|  |TAMS 0x00000000e9200000, 0x00000000e9100000| Untracked 
| 146|0x00000000e9200000, 0x00000000e9300000, 0x00000000e9300000|100%| O|  |TAMS 0x00000000e9300000, 0x00000000e9200000| Untracked 
| 147|0x00000000e9300000, 0x00000000e9400000, 0x00000000e9400000|100%| O|  |TAMS 0x00000000e9400000, 0x00000000e9300000| Untracked 
| 148|0x00000000e9400000, 0x00000000e9500000, 0x00000000e9500000|100%| O|  |TAMS 0x00000000e9500000, 0x00000000e9400000| Untracked 
| 149|0x00000000e9500000, 0x00000000e9600000, 0x00000000e9600000|100%| O|  |TAMS 0x00000000e9600000, 0x00000000e9500000| Untracked 
| 150|0x00000000e9600000, 0x00000000e9700000, 0x00000000e9700000|100%| O|  |TAMS 0x00000000e9700000, 0x00000000e9600000| Untracked 
| 151|0x00000000e9700000, 0x00000000e9800000, 0x00000000e9800000|100%| O|  |TAMS 0x00000000e9800000, 0x00000000e9700000| Untracked 
| 152|0x00000000e9800000, 0x00000000e9900000, 0x00000000e9900000|100%| O|  |TAMS 0x00000000e9900000, 0x00000000e9800000| Complete 
| 153|0x00000000e9900000, 0x00000000e9a00000, 0x00000000e9a00000|100%| O|  |TAMS 0x00000000e9a00000, 0x00000000e9900000| Complete 
| 154|0x00000000e9a00000, 0x00000000e9b00000, 0x00000000e9b00000|100%| O|  |TAMS 0x00000000e9b00000, 0x00000000e9a00000| Complete 
| 155|0x00000000e9b00000, 0x00000000e9c00000, 0x00000000e9c00000|100%| O|  |TAMS 0x00000000e9c00000, 0x00000000e9b00000| Complete 
| 156|0x00000000e9c00000, 0x00000000e9d00000, 0x00000000e9d00000|100%| O|  |TAMS 0x00000000e9d00000, 0x00000000e9c00000| Complete 
| 157|0x00000000e9d00000, 0x00000000e9e00000, 0x00000000e9e00000|100%| O|  |TAMS 0x00000000e9e00000, 0x00000000e9d00000| Complete 
| 158|0x00000000e9e00000, 0x00000000e9e00000, 0x00000000e9f00000|  0%| F|  |TAMS 0x00000000e9e00000, 0x00000000e9e00000| Untracked 
| 159|0x00000000e9f00000, 0x00000000e9f00000, 0x00000000ea000000|  0%| F|  |TAMS 0x00000000e9f00000, 0x00000000e9f00000| Untracked 
| 160|0x00000000ea000000, 0x00000000ea000000, 0x00000000ea100000|  0%| F|  |TAMS 0x00000000ea000000, 0x00000000ea000000| Untracked 
| 161|0x00000000ea100000, 0x00000000ea100000, 0x00000000ea200000|  0%| F|  |TAMS 0x00000000ea100000, 0x00000000ea100000| Untracked 
| 162|0x00000000ea200000, 0x00000000ea200000, 0x00000000ea300000|  0%| F|  |TAMS 0x00000000ea200000, 0x00000000ea200000| Untracked 
| 163|0x00000000ea300000, 0x00000000ea300000, 0x00000000ea400000|  0%| F|  |TAMS 0x00000000ea300000, 0x00000000ea300000| Untracked 
| 164|0x00000000ea400000, 0x00000000ea400000, 0x00000000ea500000|  0%| F|  |TAMS 0x00000000ea400000, 0x00000000ea400000| Untracked 
| 165|0x00000000ea500000, 0x00000000ea500000, 0x00000000ea600000|  0%| F|  |TAMS 0x00000000ea500000, 0x00000000ea500000| Untracked 
| 166|0x00000000ea600000, 0x00000000ea600000, 0x00000000ea700000|  0%| F|  |TAMS 0x00000000ea600000, 0x00000000ea600000| Untracked 
| 167|0x00000000ea700000, 0x00000000ea700000, 0x00000000ea800000|  0%| F|  |TAMS 0x00000000ea700000, 0x00000000ea700000| Untracked 
| 168|0x00000000ea800000, 0x00000000ea800000, 0x00000000ea900000|  0%| F|  |TAMS 0x00000000ea800000, 0x00000000ea800000| Untracked 
| 169|0x00000000ea900000, 0x00000000ea900000, 0x00000000eaa00000|  0%| F|  |TAMS 0x00000000ea900000, 0x00000000ea900000| Untracked 
| 170|0x00000000eaa00000, 0x00000000eaa00000, 0x00000000eab00000|  0%| F|  |TAMS 0x00000000eaa00000, 0x00000000eaa00000| Untracked 
| 171|0x00000000eab00000, 0x00000000eab00000, 0x00000000eac00000|  0%| F|  |TAMS 0x00000000eab00000, 0x00000000eab00000| Untracked 
| 172|0x00000000eac00000, 0x00000000eac00000, 0x00000000ead00000|  0%| F|  |TAMS 0x00000000eac00000, 0x00000000eac00000| Untracked 
| 173|0x00000000ead00000, 0x00000000ead00000, 0x00000000eae00000|  0%| F|  |TAMS 0x00000000ead00000, 0x00000000ead00000| Untracked 
| 174|0x00000000eae00000, 0x00000000eae00000, 0x00000000eaf00000|  0%| F|  |TAMS 0x00000000eae00000, 0x00000000eae00000| Untracked 
| 175|0x00000000eaf00000, 0x00000000eaf00000, 0x00000000eb000000|  0%| F|  |TAMS 0x00000000eaf00000, 0x00000000eaf00000| Untracked 
| 176|0x00000000eb000000, 0x00000000eb000000, 0x00000000eb100000|  0%| F|  |TAMS 0x00000000eb000000, 0x00000000eb000000| Untracked 
| 177|0x00000000eb100000, 0x00000000eb100000, 0x00000000eb200000|  0%| F|  |TAMS 0x00000000eb100000, 0x00000000eb100000| Untracked 
| 178|0x00000000eb200000, 0x00000000eb200000, 0x00000000eb300000|  0%| F|  |TAMS 0x00000000eb200000, 0x00000000eb200000| Untracked 
| 179|0x00000000eb300000, 0x00000000eb300000, 0x00000000eb400000|  0%| F|  |TAMS 0x00000000eb300000, 0x00000000eb300000| Untracked 
| 180|0x00000000eb400000, 0x00000000eb400000, 0x00000000eb500000|  0%| F|  |TAMS 0x00000000eb400000, 0x00000000eb400000| Untracked 
| 181|0x00000000eb500000, 0x00000000eb500000, 0x00000000eb600000|  0%| F|  |TAMS 0x00000000eb500000, 0x00000000eb500000| Untracked 
| 182|0x00000000eb600000, 0x00000000eb600000, 0x00000000eb700000|  0%| F|  |TAMS 0x00000000eb600000, 0x00000000eb600000| Untracked 
| 183|0x00000000eb700000, 0x00000000eb700000, 0x00000000eb800000|  0%| F|  |TAMS 0x00000000eb700000, 0x00000000eb700000| Untracked 
| 184|0x00000000eb800000, 0x00000000eb800000, 0x00000000eb900000|  0%| F|  |TAMS 0x00000000eb800000, 0x00000000eb800000| Untracked 
| 185|0x00000000eb900000, 0x00000000eb900000, 0x00000000eba00000|  0%| F|  |TAMS 0x00000000eb900000, 0x00000000eb900000| Untracked 
| 186|0x00000000eba00000, 0x00000000eba00000, 0x00000000ebb00000|  0%| F|  |TAMS 0x00000000eba00000, 0x00000000eba00000| Untracked 
| 187|0x00000000ebb00000, 0x00000000ebb00000, 0x00000000ebc00000|  0%| F|  |TAMS 0x00000000ebb00000, 0x00000000ebb00000| Untracked 
| 188|0x00000000ebc00000, 0x00000000ebc00000, 0x00000000ebd00000|  0%| F|  |TAMS 0x00000000ebc00000, 0x00000000ebc00000| Untracked 
| 189|0x00000000ebd00000, 0x00000000ebd00000, 0x00000000ebe00000|  0%| F|  |TAMS 0x00000000ebd00000, 0x00000000ebd00000| Untracked 
| 190|0x00000000ebe00000, 0x00000000ebe00000, 0x00000000ebf00000|  0%| F|  |TAMS 0x00000000ebe00000, 0x00000000ebe00000| Untracked 
| 191|0x00000000ebf00000, 0x00000000ebf00000, 0x00000000ec000000|  0%| F|  |TAMS 0x00000000ebf00000, 0x00000000ebf00000| Untracked 
| 192|0x00000000ec000000, 0x00000000ec000000, 0x00000000ec100000|  0%| F|  |TAMS 0x00000000ec000000, 0x00000000ec000000| Untracked 
| 193|0x00000000ec100000, 0x00000000ec200000, 0x00000000ec200000|100%| S|CS|TAMS 0x00000000ec100000, 0x00000000ec100000| Complete 
| 194|0x00000000ec200000, 0x00000000ec300000, 0x00000000ec300000|100%| S|CS|TAMS 0x00000000ec200000, 0x00000000ec200000| Complete 
| 195|0x00000000ec300000, 0x00000000ec400000, 0x00000000ec400000|100%| S|CS|TAMS 0x00000000ec300000, 0x00000000ec300000| Complete 
| 196|0x00000000ec400000, 0x00000000ec500000, 0x00000000ec500000|100%| S|CS|TAMS 0x00000000ec400000, 0x00000000ec400000| Complete 
| 197|0x00000000ec500000, 0x00000000ec500000, 0x00000000ec600000|  0%| F|  |TAMS 0x00000000ec500000, 0x00000000ec500000| Untracked 
| 198|0x00000000ec600000, 0x00000000ec600000, 0x00000000ec700000|  0%| F|  |TAMS 0x00000000ec600000, 0x00000000ec600000| Untracked 
| 199|0x00000000ec700000, 0x00000000ec700000, 0x00000000ec800000|  0%| F|  |TAMS 0x00000000ec700000, 0x00000000ec700000| Untracked 
| 200|0x00000000ec800000, 0x00000000ec800000, 0x00000000ec900000|  0%| F|  |TAMS 0x00000000ec800000, 0x00000000ec800000| Untracked 
| 201|0x00000000ec900000, 0x00000000ec900000, 0x00000000eca00000|  0%| F|  |TAMS 0x00000000ec900000, 0x00000000ec900000| Untracked 
| 202|0x00000000eca00000, 0x00000000eca00000, 0x00000000ecb00000|  0%| F|  |TAMS 0x00000000eca00000, 0x00000000eca00000| Untracked 
| 203|0x00000000ecb00000, 0x00000000ecb00000, 0x00000000ecc00000|  0%| F|  |TAMS 0x00000000ecb00000, 0x00000000ecb00000| Untracked 
| 204|0x00000000ecc00000, 0x00000000ecc00000, 0x00000000ecd00000|  0%| F|  |TAMS 0x00000000ecc00000, 0x00000000ecc00000| Untracked 
| 205|0x00000000ecd00000, 0x00000000ecd00000, 0x00000000ece00000|  0%| F|  |TAMS 0x00000000ecd00000, 0x00000000ecd00000| Untracked 
| 206|0x00000000ece00000, 0x00000000ece00000, 0x00000000ecf00000|  0%| F|  |TAMS 0x00000000ece00000, 0x00000000ece00000| Untracked 
| 207|0x00000000ecf00000, 0x00000000ecf00000, 0x00000000ed000000|  0%| F|  |TAMS 0x00000000ecf00000, 0x00000000ecf00000| Untracked 
| 208|0x00000000ed000000, 0x00000000ed000000, 0x00000000ed100000|  0%| F|  |TAMS 0x00000000ed000000, 0x00000000ed000000| Untracked 
| 209|0x00000000ed100000, 0x00000000ed100000, 0x00000000ed200000|  0%| F|  |TAMS 0x00000000ed100000, 0x00000000ed100000| Untracked 
| 210|0x00000000ed200000, 0x00000000ed200000, 0x00000000ed300000|  0%| F|  |TAMS 0x00000000ed200000, 0x00000000ed200000| Untracked 
| 211|0x00000000ed300000, 0x00000000ed3139f0, 0x00000000ed400000|  7%| E|  |TAMS 0x00000000ed300000, 0x00000000ed300000| Complete 
| 212|0x00000000ed400000, 0x00000000ed500000, 0x00000000ed500000|100%| E|CS|TAMS 0x00000000ed400000, 0x00000000ed400000| Complete 
| 213|0x00000000ed500000, 0x00000000ed600000, 0x00000000ed600000|100%| E|CS|TAMS 0x00000000ed500000, 0x00000000ed500000| Complete 
| 214|0x00000000ed600000, 0x00000000ed700000, 0x00000000ed700000|100%| E|CS|TAMS 0x00000000ed600000, 0x00000000ed600000| Complete 
| 215|0x00000000ed700000, 0x00000000ed800000, 0x00000000ed800000|100%| E|CS|TAMS 0x00000000ed700000, 0x00000000ed700000| Complete 
| 216|0x00000000ed800000, 0x00000000ed900000, 0x00000000ed900000|100%| E|CS|TAMS 0x00000000ed800000, 0x00000000ed800000| Complete 
| 217|0x00000000ed900000, 0x00000000eda00000, 0x00000000eda00000|100%| E|CS|TAMS 0x00000000ed900000, 0x00000000ed900000| Complete 
| 218|0x00000000eda00000, 0x00000000edb00000, 0x00000000edb00000|100%| E|CS|TAMS 0x00000000eda00000, 0x00000000eda00000| Complete 
| 219|0x00000000edb00000, 0x00000000edc00000, 0x00000000edc00000|100%| E|CS|TAMS 0x00000000edb00000, 0x00000000edb00000| Complete 
| 220|0x00000000edc00000, 0x00000000edd00000, 0x00000000edd00000|100%| E|CS|TAMS 0x00000000edc00000, 0x00000000edc00000| Complete 
| 221|0x00000000edd00000, 0x00000000ede00000, 0x00000000ede00000|100%| E|CS|TAMS 0x00000000edd00000, 0x00000000edd00000| Complete 
| 222|0x00000000ede00000, 0x00000000edf00000, 0x00000000edf00000|100%| E|CS|TAMS 0x00000000ede00000, 0x00000000ede00000| Complete 
| 223|0x00000000edf00000, 0x00000000ee000000, 0x00000000ee000000|100%| E|CS|TAMS 0x00000000edf00000, 0x00000000edf00000| Complete 
| 224|0x00000000ee000000, 0x00000000ee100000, 0x00000000ee100000|100%| E|CS|TAMS 0x00000000ee000000, 0x00000000ee000000| Complete 
| 225|0x00000000ee100000, 0x00000000ee200000, 0x00000000ee200000|100%| E|CS|TAMS 0x00000000ee100000, 0x00000000ee100000| Complete 
| 226|0x00000000ee200000, 0x00000000ee300000, 0x00000000ee300000|100%| E|CS|TAMS 0x00000000ee200000, 0x00000000ee200000| Complete 
| 227|0x00000000ee300000, 0x00000000ee400000, 0x00000000ee400000|100%| E|CS|TAMS 0x00000000ee300000, 0x00000000ee300000| Complete 
| 228|0x00000000ee400000, 0x00000000ee500000, 0x00000000ee500000|100%| E|CS|TAMS 0x00000000ee400000, 0x00000000ee400000| Complete 
| 229|0x00000000ee500000, 0x00000000ee600000, 0x00000000ee600000|100%| E|CS|TAMS 0x00000000ee500000, 0x00000000ee500000| Complete 
| 230|0x00000000ee600000, 0x00000000ee700000, 0x00000000ee700000|100%| E|CS|TAMS 0x00000000ee600000, 0x00000000ee600000| Complete 
| 231|0x00000000ee700000, 0x00000000ee800000, 0x00000000ee800000|100%| E|CS|TAMS 0x00000000ee700000, 0x00000000ee700000| Complete 
| 232|0x00000000ee800000, 0x00000000ee900000, 0x00000000ee900000|100%| E|CS|TAMS 0x00000000ee800000, 0x00000000ee800000| Complete 
| 233|0x00000000ee900000, 0x00000000eea00000, 0x00000000eea00000|100%| E|CS|TAMS 0x00000000ee900000, 0x00000000ee900000| Complete 
| 234|0x00000000eea00000, 0x00000000eeb00000, 0x00000000eeb00000|100%| E|CS|TAMS 0x00000000eea00000, 0x00000000eea00000| Complete 
| 235|0x00000000eeb00000, 0x00000000eec00000, 0x00000000eec00000|100%| E|CS|TAMS 0x00000000eeb00000, 0x00000000eeb00000| Complete 
| 236|0x00000000eec00000, 0x00000000eed00000, 0x00000000eed00000|100%| E|CS|TAMS 0x00000000eec00000, 0x00000000eec00000| Complete 
| 237|0x00000000eed00000, 0x00000000eee00000, 0x00000000eee00000|100%| E|CS|TAMS 0x00000000eed00000, 0x00000000eed00000| Complete 
| 238|0x00000000eee00000, 0x00000000eef00000, 0x00000000eef00000|100%| E|CS|TAMS 0x00000000eee00000, 0x00000000eee00000| Complete 
| 239|0x00000000eef00000, 0x00000000ef000000, 0x00000000ef000000|100%| E|CS|TAMS 0x00000000eef00000, 0x00000000eef00000| Complete 
| 240|0x00000000ef000000, 0x00000000ef100000, 0x00000000ef100000|100%| E|CS|TAMS 0x00000000ef000000, 0x00000000ef000000| Complete 
| 241|0x00000000ef100000, 0x00000000ef200000, 0x00000000ef200000|100%| E|CS|TAMS 0x00000000ef100000, 0x00000000ef100000| Complete 
| 242|0x00000000ef200000, 0x00000000ef300000, 0x00000000ef300000|100%| E|CS|TAMS 0x00000000ef200000, 0x00000000ef200000| Complete 
| 243|0x00000000ef300000, 0x00000000ef400000, 0x00000000ef400000|100%| E|CS|TAMS 0x00000000ef300000, 0x00000000ef300000| Complete 
| 244|0x00000000ef400000, 0x00000000ef500000, 0x00000000ef500000|100%| E|CS|TAMS 0x00000000ef400000, 0x00000000ef400000| Complete 
| 245|0x00000000ef500000, 0x00000000ef600000, 0x00000000ef600000|100%| E|CS|TAMS 0x00000000ef500000, 0x00000000ef500000| Complete 
| 246|0x00000000ef600000, 0x00000000ef700000, 0x00000000ef700000|100%| E|  |TAMS 0x00000000ef600000, 0x00000000ef600000| Complete 
| 247|0x00000000ef700000, 0x00000000ef800000, 0x00000000ef800000|100%| E|CS|TAMS 0x00000000ef700000, 0x00000000ef700000| Complete 
| 248|0x00000000ef800000, 0x00000000ef900000, 0x00000000ef900000|100%| E|CS|TAMS 0x00000000ef800000, 0x00000000ef800000| Complete 
| 249|0x00000000ef900000, 0x00000000efa00000, 0x00000000efa00000|100%| E|CS|TAMS 0x00000000ef900000, 0x00000000ef900000| Complete 
| 250|0x00000000efa00000, 0x00000000efb00000, 0x00000000efb00000|100%| E|CS|TAMS 0x00000000efa00000, 0x00000000efa00000| Complete 
| 251|0x00000000efb00000, 0x00000000efc00000, 0x00000000efc00000|100%| E|CS|TAMS 0x00000000efb00000, 0x00000000efb00000| Complete 
| 252|0x00000000efc00000, 0x00000000efd00000, 0x00000000efd00000|100%| E|CS|TAMS 0x00000000efc00000, 0x00000000efc00000| Complete 
| 253|0x00000000efd00000, 0x00000000efe00000, 0x00000000efe00000|100%| E|CS|TAMS 0x00000000efd00000, 0x00000000efd00000| Complete 
| 254|0x00000000efe00000, 0x00000000eff00000, 0x00000000eff00000|100%| E|CS|TAMS 0x00000000efe00000, 0x00000000efe00000| Complete 
| 255|0x00000000eff00000, 0x00000000f0000000, 0x00000000f0000000|100%| E|CS|TAMS 0x00000000eff00000, 0x00000000eff00000| Complete 

Card table byte_map: [0x000001acbef40000,0x000001acbf040000] _byte_map_base: 0x000001acbe840000

Marking Bits (Prev, Next): (CMBitMap*) 0x000001aca88a1e50, (CMBitMap*) 0x000001aca88a1e18
 Prev Bits: [0x000001acbf940000, 0x000001acc0140000)
 Next Bits: [0x000001acbf140000, 0x000001acbf940000)

Polling page: 0x000001aca67d0000

Metaspace:

Usage:
  Non-class:     79.68 MB capacity,    77.82 MB ( 98%) used,     1.56 MB (  2%) free+waste,   297.38 KB ( <1%) overhead. 
      Class:     12.20 MB capacity,    11.18 MB ( 92%) used,   908.40 KB (  7%) free+waste,   139.19 KB (  1%) overhead. 
       Both:     91.88 MB capacity,    89.01 MB ( 97%) used,     2.45 MB (  3%) free+waste,   436.56 KB ( <1%) overhead. 

Virtual space:
  Non-class space:       80.00 MB reserved,      79.75 MB (>99%) committed 
      Class space:      248.00 MB reserved,      12.25 MB (  5%) committed 
             Both:      328.00 MB reserved,      92.00 MB ( 28%) committed 

Chunk freelists:
   Non-Class:  1.50 KB
       Class:  128 bytes
        Both:  1.63 KB

CodeHeap 'non-profiled nmethods': size=120064Kb used=8912Kb max_used=8912Kb free=111151Kb
 bounds [0x000001acb7a00000, 0x000001acb82c0000, 0x000001acbef40000]
CodeHeap 'profiled nmethods': size=120000Kb used=31127Kb max_used=31127Kb free=88872Kb
 bounds [0x000001acb04d0000, 0x000001acb2340000, 0x000001acb7a00000]
CodeHeap 'non-nmethods': size=5696Kb used=2283Kb max_used=2370Kb free=3412Kb
 bounds [0x000001acaff40000, 0x000001acb01b0000, 0x000001acb04d0000]
 total_blobs=14376 nmethods=13484 adapters=802
 compilation: enabled
              stopped_count=0, restarted_count=0
 full_count=0

Compilation events (10 events):
Event: 1833.146 Thread 0x000001acc277e000 nmethod 13571 0x000001acb2329710 code [0x000001acb23298c0, 0x000001acb23299e8]
Event: 1833.172 Thread 0x000001acc277e000 13573       1       com.google.common.collect.RegularImmutableSet::hashCode (5 bytes)
Event: 1833.172 Thread 0x000001acc277e000 nmethod 13573 0x000001acb82b2b10 code [0x000001acb82b2ca0, 0x000001acb82b2d58]
Event: 1833.178 Thread 0x000001acc277e000 13574       3       org.gradle.api.internal.artifacts.ivyservice.resolveengine.result.ComponentSelectorSerializer::writeVersionConstraint (109 bytes)
Event: 1833.179 Thread 0x000001acc277e000 nmethod 13574 0x000001acb2329a90 code [0x000001acb2329d40, 0x000001acb232aae8]
Event: 1833.179 Thread 0x000001acc277e000 13575       3       org.gradle.api.internal.artifacts.ivyservice.resolveengine.result.ComponentSelectorSerializer$OptimizingAttributeContainerSerializer::write (105 bytes)
Event: 1833.180 Thread 0x000001acc277e000 nmethod 13575 0x000001acb232ae10 code [0x000001acb232b0a0, 0x000001acb232bdb8]
Event: 1833.180 Thread 0x000001acc277e000 13576       3       org.gradle.api.internal.artifacts.ivyservice.resolveengine.result.ComponentSelectorSerializer::writeCapabilities (82 bytes)
Event: 1833.180 Thread 0x000001acc277e000 nmethod 13576 0x000001acb232c190 code [0x000001acb232c400, 0x000001acb232cee8]
Event: 1833.181 Thread 0x000001acc277e000 13577       3       com.google.common.collect.RegularImmutableMap::createKeySet (9 bytes)

GC Heap History (10 events):
Event: 1606.623 GC heap before
{Heap before GC invocations=24 (full 0):
 garbage-first heap   total 262144K, used 156116K [0x00000000e0000000, 0x0000000100000000)
  region size 1024K, 12 young (12288K), 10 survivors (10240K)
 Metaspace       used 76562K, capacity 78946K, committed 79616K, reserved 323584K
  class space    used 9710K, capacity 10532K, committed 10752K, reserved 253952K
}
Event: 1606.688 GC heap after
{Heap after GC invocations=25 (full 0):
 garbage-first heap   total 262144K, used 148435K [0x00000000e0000000, 0x0000000100000000)
  region size 1024K, 1 young (1024K), 1 survivors (1024K)
 Metaspace       used 76562K, capacity 78946K, committed 79616K, reserved 323584K
  class space    used 9710K, capacity 10532K, committed 10752K, reserved 253952K
}
Event: 1608.485 GC heap before
{Heap before GC invocations=25 (full 0):
 garbage-first heap   total 262144K, used 220115K [0x00000000e0000000, 0x0000000100000000)
  region size 1024K, 72 young (73728K), 1 survivors (1024K)
 Metaspace       used 84522K, capacity 87408K, committed 87552K, reserved 329728K
  class space    used 10774K, capacity 11705K, committed 11776K, reserved 253952K
}
Event: 1608.503 GC heap after
{Heap after GC invocations=26 (full 0):
 garbage-first heap   total 262144K, used 154883K [0x00000000e0000000, 0x0000000100000000)
  region size 1024K, 8 young (8192K), 8 survivors (8192K)
 Metaspace       used 84522K, capacity 87408K, committed 87552K, reserved 329728K
  class space    used 10774K, capacity 11705K, committed 11776K, reserved 253952K
}
Event: 1613.587 GC heap before
{Heap before GC invocations=27 (full 0):
 garbage-first heap   total 262144K, used 218371K [0x00000000e0000000, 0x0000000100000000)
  region size 1024K, 71 young (72704K), 8 survivors (8192K)
 Metaspace       used 87011K, capacity 89665K, committed 90112K, reserved 333824K
  class space    used 11028K, capacity 11938K, committed 12032K, reserved 253952K
}
Event: 1613.631 GC heap after
{Heap after GC invocations=28 (full 0):
 garbage-first heap   total 262144K, used 161547K [0x00000000e0000000, 0x0000000100000000)
  region size 1024K, 7 young (7168K), 7 survivors (7168K)
 Metaspace       used 87011K, capacity 89665K, committed 90112K, reserved 333824K
  class space    used 11028K, capacity 11938K, committed 12032K, reserved 253952K
}
Event: 1613.933 GC heap before
{Heap before GC invocations=28 (full 0):
 garbage-first heap   total 262144K, used 166667K [0x00000000e0000000, 0x0000000100000000)
  region size 1024K, 12 young (12288K), 7 survivors (7168K)
 Metaspace       used 87069K, capacity 89747K, committed 90112K, reserved 333824K
  class space    used 11031K, capacity 11942K, committed 12032K, reserved 253952K
}
Event: 1613.949 GC heap after
{Heap after GC invocations=29 (full 0):
 garbage-first heap   total 262144K, used 161792K [0x00000000e0000000, 0x0000000100000000)
  region size 1024K, 1 young (1024K), 1 survivors (1024K)
 Metaspace       used 87069K, capacity 89747K, committed 90112K, reserved 333824K
  class space    used 11031K, capacity 11942K, committed 12032K, reserved 253952K
}
Event: 1620.400 GC heap before
{Heap before GC invocations=29 (full 0):
 garbage-first heap   total 262144K, used 221184K [0x00000000e0000000, 0x0000000100000000)
  region size 1024K, 59 young (60416K), 1 survivors (1024K)
 Metaspace       used 89874K, capacity 92745K, committed 92928K, reserved 335872K
  class space    used 11275K, capacity 12251K, committed 12288K, reserved 253952K
}
Event: 1620.413 GC heap after
{Heap after GC invocations=30 (full 0):
 garbage-first heap   total 262144K, used 164864K [0x00000000e0000000, 0x0000000100000000)
  region size 1024K, 4 young (4096K), 4 survivors (4096K)
 Metaspace       used 89874K, capacity 92745K, committed 92928K, reserved 335872K
  class space    used 11275K, capacity 12251K, committed 12288K, reserved 253952K
}

Deoptimization events (10 events):
Event: 1708.744 Thread 0x000001acc33cd800 Uncommon trap: reason=unstable_if action=reinterpret pc=0x000001acb7f9b994 method=java.io.ObjectOutputStream$BlockDataOutputStream.writeBytes(Ljava/lang/String;)V @ 22 c2
Event: 1708.747 Thread 0x000001acc33cd800 Uncommon trap: reason=unstable_if action=reinterpret pc=0x000001acb7f998e4 method=java.io.ObjectOutputStream$BlockDataOutputStream.writeBytes(Ljava/lang/String;)V @ 22 c2
Event: 1708.763 Thread 0x000001acc33cc000 Uncommon trap: reason=class_check action=maybe_recompile pc=0x000001acb7eb943c method=org.gradle.internal.logging.text.AbstractLineChoppingStyledTextOutput$StateContext.flushLineText()V @ 109 c2
Event: 1708.763 Thread 0x000001acc33cc000 Uncommon trap: reason=class_check action=maybe_recompile pc=0x000001acb7eb943c method=org.gradle.internal.logging.text.AbstractLineChoppingStyledTextOutput$StateContext.flushLineText()V @ 109 c2
Event: 1708.888 Thread 0x000001acc33cc000 Uncommon trap: reason=array_check action=maybe_recompile pc=0x000001acb7f9f25c method=java.util.ComparableTimSort.binarySort([Ljava/lang/Object;III)V @ 183 c2
Event: 1708.926 Thread 0x000001accc881800 Uncommon trap: reason=unstable_if action=reinterpret pc=0x000001acb813bca0 method=java.util.concurrent.locks.AbstractQueuedSynchronizer.enq(Ljava/util/concurrent/locks/AbstractQueuedSynchronizer$Node;)Ljava/util/concurrent/locks/AbstractQueuedSynchronizer
Event: 1785.346 Thread 0x000001acc3c96000 Uncommon trap: reason=unstable_if action=reinterpret pc=0x000001acb7b2ad5c method=java.lang.ThreadLocal.get()Ljava/lang/Object; @ 11 c2
Event: 1832.364 Thread 0x000001accc87f000 Uncommon trap: reason=bimorphic_or_optimized_type_check action=maybe_recompile pc=0x000001acb81a0758 method=java.util.stream.MatchOps$MatchOp.evaluateSequential(Ljava/util/stream/PipelineHelper;Ljava/util/Spliterator;)Ljava/lang/Boolean; @ 14 c2
Event: 1832.364 Thread 0x000001accc87f000 Uncommon trap: reason=unstable_if action=reinterpret pc=0x000001acb7eda500 method=java.util.stream.ReferencePipeline$7$1.accept(Ljava/lang/Object;)V @ 25 c2
Event: 1832.654 Thread 0x000001accc87f000 Uncommon trap: reason=intrinsic_or_type_checked_inlining action=make_not_entrant pc=0x000001acb829fe8c method=java.util.Arrays.copyOfRange([Ljava/lang/Object;IILjava/lang/Class;)[Ljava/lang/Object; @ 83 c2

Classes redefined (0 events):
No events

Internal exceptions (10 events):
Event: 1621.057 Thread 0x000001accc887800 Exception <a 'java/lang/NoSuchMethodError'{0x00000000ee530b08}: java.lang.invoke.Invokers$Holder.linkToTargetMethod(Ljava/lang/Object;JLjava/lang/Object;)Ljava/lang/Object;> (0x00000000ee530b08) thrown at [./open/src/hotspot/share/interpreter/linkResolver
Event: 1708.720 Thread 0x000001acc79cc800 Exception <a 'java/lang/reflect/InvocationTargetException'{0x00000000ee6f13e0}> (0x00000000ee6f13e0) thrown at [./open/src/hotspot/share/runtime/reflection.cpp, line 1242]
Event: 1708.740 Thread 0x000001acc33cd800 Exception <a 'java/lang/NoSuchMethodError'{0x00000000ee10d8d8}: static Lorg/gradle/internal/build/event/types/DefaultTaskFailureResult;.<clinit>()V> (0x00000000ee10d8d8) thrown at [./open/src/hotspot/share/prims/jni.cpp, line 1366]
Event: 1708.743 Thread 0x000001acc33cd800 Exception <a 'java/lang/NoSuchMethodError'{0x00000000ee120820}: static Lorg/gradle/internal/build/event/types/DefaultFailure;.<clinit>()V> (0x00000000ee120820) thrown at [./open/src/hotspot/share/prims/jni.cpp, line 1366]
Event: 1708.968 Thread 0x000001acc33c4800 Exception <a 'java/lang/NoSuchMethodError'{0x00000000ede54c90}: static Lorg/gradle/tooling/internal/provider/serialization/ClassLoaderDetails;.<clinit>()V> (0x00000000ede54c90) thrown at [./open/src/hotspot/share/prims/jni.cpp, line 1366]
Event: 1708.969 Thread 0x000001acc33c4800 Exception <a 'java/lang/NoSuchMethodError'{0x00000000ede66538}: static Lorg/gradle/tooling/internal/provider/serialization/WellKnownClassLoaderRegistry$KnownClassLoaderSpec;.<clinit>()V> (0x00000000ede66538) thrown at [./open/src/hotspot/share/prims/jni.c
Event: 1708.969 Thread 0x000001acc33c4800 Exception <a 'java/lang/NoSuchMethodError'{0x00000000ede6a3b8}: static Lorg/gradle/internal/classloader/ClassLoaderSpec;.<clinit>()V> (0x00000000ede6a3b8) thrown at [./open/src/hotspot/share/prims/jni.cpp, line 1366]
Event: 1708.970 Thread 0x000001acc33c4800 Exception <a 'java/lang/NoSuchMethodError'{0x00000000ede7ce78}: static Lorg/gradle/internal/classloader/ClassLoaderSpec;.<clinit>()V> (0x00000000ede7ce78) thrown at [./open/src/hotspot/share/prims/jni.cpp, line 1366]
Event: 1708.973 Thread 0x000001acc33c4800 Exception <a 'java/lang/NoSuchMethodError'{0x00000000ede897b8}: static Lorg/gradle/internal/classloader/VisitableURLClassLoader$Spec;.<clinit>()V> (0x00000000ede897b8) thrown at [./open/src/hotspot/share/prims/jni.cpp, line 1366]
Event: 1785.346 Thread 0x000001acc3c96000 Implicit null exception at 0x000001acb7b2ac6b to 0x000001acb7b2ad48

Events (10 events):
Event: 1832.889 Executing VM operation: RevokeBias done
Event: 1832.890 Thread 0x000001accc885800 Thread added: 0x000001accc885800
Event: 1832.890 Thread 0x000001accc88c800 Thread added: 0x000001accc88c800
Event: 1832.890 Thread 0x000001accc887800 Thread added: 0x000001accc887800
Event: 1832.922 Thread 0x000001accc888000 Thread added: 0x000001accc888000
Event: 1832.983 Executing VM operation: RevokeBias
Event: 1832.984 Executing VM operation: RevokeBias done
Event: 1832.994 Executing VM operation: RevokeBias
Event: 1832.995 Executing VM operation: RevokeBias done
Event: 1833.051 Thread 0x000001acc7c52800 Thread added: 0x000001acc7c52800


Dynamic libraries:
0x00007ff7d7c00000 - 0x00007ff7d7c0f000 	C:\Program Files\Java\jdk-11.0.17\bin\java.exe
0x00007ff91fdd0000 - 0x00007ff91ffbe000 	C:\Windows\SYSTEM32\ntdll.dll
0x00007ff91e260000 - 0x00007ff91e313000 	C:\Windows\System32\KERNEL32.DLL
0x00007ff91cb60000 - 0x00007ff91cdfc000 	C:\Windows\System32\KERNELBASE.dll
0x00007ff91cf00000 - 0x00007ff91cffa000 	C:\Windows\System32\ucrtbase.dll
0x00007ff911d00000 - 0x00007ff911d18000 	C:\Program Files\Java\jdk-11.0.17\bin\jli.dll
0x00007ff91db40000 - 0x00007ff91dbe7000 	C:\Windows\System32\ADVAPI32.dll
0x00007ff91e0b0000 - 0x00007ff91e14e000 	C:\Windows\System32\msvcrt.dll
0x00007ff911bf0000 - 0x00007ff911c05000 	C:\Program Files\Java\jdk-11.0.17\bin\VCRUNTIME140.dll
0x00007ff91d8f0000 - 0x00007ff91d98f000 	C:\Windows\System32\sechost.dll
0x00007ff91f820000 - 0x00007ff91f93d000 	C:\Windows\System32\RPCRT4.dll
0x00007ff91d2d0000 - 0x00007ff91d468000 	C:\Windows\System32\USER32.dll
0x00007ff91cb40000 - 0x00007ff91cb60000 	C:\Windows\System32\win32u.dll
0x00007ff90d210000 - 0x00007ff90d489000 	C:\Windows\WinSxS\amd64_microsoft.windows.common-controls_6595b64144ccf1df_6.0.17763.4131_none_de70d21e534b9adf\COMCTL32.dll
0x00007ff91e080000 - 0x00007ff91e0a9000 	C:\Windows\System32\GDI32.dll
0x00007ff91c9a0000 - 0x00007ff91cb40000 	C:\Windows\System32\gdi32full.dll
0x00007ff91f940000 - 0x00007ff91fc6c000 	C:\Windows\System32\combase.dll
0x00007ff91be70000 - 0x00007ff91bf10000 	C:\Windows\System32\msvcp_win.dll
0x00007ff91c910000 - 0x00007ff91c992000 	C:\Windows\System32\bcryptPrimitives.dll
0x00007ff917650000 - 0x00007ff91765a000 	C:\Windows\SYSTEM32\VERSION.dll
0x00007ff91d6b0000 - 0x00007ff91d6de000 	C:\Windows\System32\IMM32.DLL
0x00007ff90e290000 - 0x00007ff90e32b000 	C:\Program Files\Java\jdk-11.0.17\bin\msvcp140.dll
0x00007ff8f6090000 - 0x00007ff8f6baa000 	C:\Program Files\Java\jdk-11.0.17\bin\server\jvm.dll
0x00007ff91d520000 - 0x00007ff91d528000 	C:\Windows\System32\PSAPI.DLL
0x00007ff911b30000 - 0x00007ff911b39000 	C:\Windows\SYSTEM32\WSOCK32.dll
0x00007ff919730000 - 0x00007ff919754000 	C:\Windows\SYSTEM32\WINMM.dll
0x00007ff91d5d0000 - 0x00007ff91d63d000 	C:\Windows\System32\WS2_32.dll
0x00007ff919700000 - 0x00007ff91972d000 	C:\Windows\SYSTEM32\WINMMBASE.dll
0x00007ff91ceb0000 - 0x00007ff91cefa000 	C:\Windows\System32\cfgmgr32.dll
0x00007ff91be50000 - 0x00007ff91be61000 	C:\Windows\System32\kernel.appcore.dll
0x00007ff914a30000 - 0x00007ff914a40000 	C:\Program Files\Java\jdk-11.0.17\bin\verify.dll
0x00007ff906d70000 - 0x00007ff906f5d000 	C:\Windows\SYSTEM32\DBGHELP.DLL
0x00007ff906d40000 - 0x00007ff906d6a000 	C:\Windows\SYSTEM32\dbgcore.DLL
0x00007ff910370000 - 0x00007ff910398000 	C:\Program Files\Java\jdk-11.0.17\bin\java.dll
0x00007ff913310000 - 0x00007ff91331a000 	C:\Program Files\Java\jdk-11.0.17\bin\jimage.dll
0x00007ff910350000 - 0x00007ff910366000 	C:\Program Files\Java\jdk-11.0.17\bin\zip.dll
0x00007ff91e320000 - 0x00007ff91f818000 	C:\Windows\System32\SHELL32.dll
0x00007ff91d470000 - 0x00007ff91d517000 	C:\Windows\System32\shcore.dll
0x00007ff91c1c0000 - 0x00007ff91c909000 	C:\Windows\System32\windows.storage.dll
0x00007ff91be20000 - 0x00007ff91be43000 	C:\Windows\System32\profapi.dll
0x00007ff91bdc0000 - 0x00007ff91be1d000 	C:\Windows\System32\powrprof.dll
0x00007ff91e200000 - 0x00007ff91e252000 	C:\Windows\System32\shlwapi.dll
0x00007ff91bf10000 - 0x00007ff91bf2b000 	C:\Windows\System32\cryptsp.dll
0x00007ff9102e0000 - 0x00007ff9102f9000 	C:\Program Files\Java\jdk-11.0.17\bin\net.dll
0x00007ff911fb0000 - 0x00007ff9120af000 	C:\Windows\SYSTEM32\WINHTTP.dll
0x00007ff91b540000 - 0x00007ff91b5a7000 	C:\Windows\system32\mswsock.dll
0x00007ff9102c0000 - 0x00007ff9102d2000 	C:\Program Files\Java\jdk-11.0.17\bin\nio.dll
0x00007ff911eb0000 - 0x00007ff911ed7000 	C:\Users\Lenovo\.gradle\native\e1d6ef7f7dcc3fd88c89a11ec53ec762bb8ba0a96d01ffa2cd45eb1d1d8dd5c5\windows-amd64\native-platform.dll
0x00007ff90e0a0000 - 0x00007ff90e1e4000 	C:\Users\Lenovo\.gradle\native\0d407fdbe67a94daf76414ababcb853783967236a71b16ec16e742cd7a986fd3\windows-amd64\native-platform-file-events.dll
0x00007ff911cf0000 - 0x00007ff911cf9000 	C:\Program Files\Java\jdk-11.0.17\bin\management.dll
0x00007ff911cc0000 - 0x00007ff911ccb000 	C:\Program Files\Java\jdk-11.0.17\bin\management_ext.dll
0x00007ff91b0d0000 - 0x00007ff91b103000 	C:\Windows\system32\rsaenh.dll
0x00007ff91bf30000 - 0x00007ff91bf56000 	C:\Windows\System32\bcrypt.dll
0x00007ff91bcd0000 - 0x00007ff91bcf9000 	C:\Windows\SYSTEM32\USERENV.dll
0x00007ff91b6c0000 - 0x00007ff91b6cc000 	C:\Windows\SYSTEM32\CRYPTBASE.dll
0x00007ff91b260000 - 0x00007ff91b29d000 	C:\Windows\SYSTEM32\IPHLPAPI.DLL
0x00007ff91d6a0000 - 0x00007ff91d6a8000 	C:\Windows\System32\NSI.dll
0x00007ff912ef0000 - 0x00007ff912f06000 	C:\Windows\SYSTEM32\dhcpcsvc6.DLL
0x00007ff912ed0000 - 0x00007ff912eec000 	C:\Windows\SYSTEM32\dhcpcsvc.DLL
0x00007ff91b2a0000 - 0x00007ff91b366000 	C:\Windows\SYSTEM32\DNSAPI.dll

dbghelp: loaded successfully - version: 4.0.5 - missing functions: none
symbol engine: initialized successfully - sym options: 0x614 - pdb path: .;C:\Program Files\Java\jdk-11.0.17\bin;C:\Windows\SYSTEM32;C:\Windows\WinSxS\amd64_microsoft.windows.common-controls_6595b64144ccf1df_6.0.17763.4131_none_de70d21e534b9adf;C:\Program Files\Java\jdk-11.0.17\bin\server;C:\Users\Lenovo\.gradle\native\e1d6ef7f7dcc3fd88c89a11ec53ec762bb8ba0a96d01ffa2cd45eb1d1d8dd5c5\windows-amd64;C:\Users\Lenovo\.gradle\native\0d407fdbe67a94daf76414ababcb853783967236a71b16ec16e742cd7a986fd3\windows-amd64

VM Arguments:
jvm_args: --add-opens=java.base/java.util=ALL-UNNAMED --add-opens=java.base/java.lang=ALL-UNNAMED --add-opens=java.base/java.lang.invoke=ALL-UNNAMED --add-opens=java.base/java.util=ALL-UNNAMED --add-opens=java.prefs/java.util.prefs=ALL-UNNAMED --add-opens=java.prefs/java.util.prefs=ALL-UNNAMED --add-opens=java.base/java.nio.charset=ALL-UNNAMED --add-opens=java.base/java.net=ALL-UNNAMED --add-opens=java.base/java.util.concurrent.atomic=ALL-UNNAMED -XX:MaxMetaspaceSize=256m -XX:+HeapDumpOnOutOfMemoryError -Xms256m -Xmx512m -Dfile.encoding=windows-1251 -Duser.country=UA -Duser.language=uk -Duser.variant 
java_command: org.gradle.launcher.daemon.bootstrap.GradleDaemon 7.4
java_class_path (initial): C:\Users\Lenovo\.gradle\wrapper\dists\gradle-7.4-bin\c0gwcg53nkjbqw7r0h0umtfvt\gradle-7.4\lib\gradle-launcher-7.4.jar
Launcher Type: SUN_STANDARD

[Global flags]
     intx CICompilerCount                          = 3                                         {product} {ergonomic}
   size_t CompressedClassSpaceSize                 = 260046848                                 {product} {ergonomic}
     uint ConcGCThreads                            = 1                                         {product} {ergonomic}
     uint G1ConcRefinementThreads                  = 4                                         {product} {ergonomic}
   size_t G1HeapRegionSize                         = 1048576                                   {product} {ergonomic}
    uintx GCDrainStackTargetSize                   = 64                                        {product} {ergonomic}
     bool HeapDumpOnOutOfMemoryError               = true                                   {manageable} {command line}
   size_t InitialHeapSize                          = 268435456                                 {product} {command line}
   size_t MarkStackSize                            = 4194304                                   {product} {ergonomic}
   size_t MaxHeapSize                              = 536870912                                 {product} {command line}
   size_t MaxMetaspaceSize                         = 268435456                                 {product} {command line}
   size_t MaxNewSize                               = 321912832                                 {product} {ergonomic}
   size_t MinHeapDeltaBytes                        = 1048576                                   {product} {ergonomic}
    uintx NonNMethodCodeHeapSize                   = 5830732                                {pd product} {ergonomic}
    uintx NonProfiledCodeHeapSize                  = 122913754                              {pd product} {ergonomic}
    uintx ProfiledCodeHeapSize                     = 122913754                              {pd product} {ergonomic}
    uintx ReservedCodeCacheSize                    = 251658240                              {pd product} {ergonomic}
     bool SegmentedCodeCache                       = true                                      {product} {ergonomic}
     bool UseCompressedClassPointers               = true                                 {lp64_product} {ergonomic}
     bool UseCompressedOops                        = true                                 {lp64_product} {ergonomic}
     bool UseG1GC                                  = true                                      {product} {ergonomic}
     bool UseLargePagesIndividualAllocation        = false                                  {pd product} {ergonomic}

Logging:
Log output configuration:
 #0: stdout all=warning uptime,level,tags
 #1: stderr all=off uptime,level,tags

Environment Variables:
PATH=C:\Program Files\Common Files\Oracle\Java\javapath;C:\Program Files\Python39\Scripts\;C:\Program Files\Python39\;C:\Program Files (x86)\Common Files\Oracle\Java\javapath;C:\Windows\system32;C:\Windows;C:\Windows\System32\Wbem;C:\Windows\System32\WindowsPowerShell\v1.0\;C:\Windows\System32\OpenSSH\;D:\prog\Git\cmd;C:\Users\Lenovo\AppData\Local\Microsoft\WindowsApps;C:\Program Files\JetBrains\IntelliJ IDEA Community Edition 2022.2.3\bin;C:\Users\Lenovo\AppData\Local\GitHubDesktop\bin
USERNAME=Lenovo
OS=Windows_NT
PROCESSOR_IDENTIFIER=AMD64 Family 23 Model 24 Stepping 1, AuthenticAMD



---------------  S Y S T E M  ---------------

OS: Windows 10 , 64 bit Build 17763 (10.0.17763.4131)
Hyper-V role detected

CPU:total 4 (initial active 4) (4 cores per cpu, 2 threads per core) family 23 model 24 stepping 1 microcode 0x0, cmov, cx8, fxsr, mmx, sse, sse2, sse3, ssse3, sse4.1, sse4.2, popcnt, avx, avx2, aes, clmul, mmxext, 3dnowpref, lzcnt, sse4a, ht, tsc, tscinvbit, tscinv, bmi1, bmi2, adx, s

Memory: 4k page, system-wide physical 10115M (1708M free)
TotalPageFile size 10915M (AvailPageFile size 4M)
current process WorkingSet (physical memory assigned to process): 379M, peak: 481M
current process commit charge ("private bytes"): 530M, peak: 559M

vm_info: Java HotSpot(TM) 64-Bit Server VM (11.0.17+10-LTS-269) for windows-amd64 JRE (11.0.17+10-LTS-269), built on Sep 13 2022 19:26:37 by "mach5one" with MS VC++ 15.9 (VS2017)

END.
