#
# There is insufficient memory for the Java Runtime Environment to continue.
# Native memory allocation (malloc) failed to allocate 524304 bytes for Chunk::new
# Possible reasons:
#   The system is out of physical RAM or swap space
#   The process is running with CompressedOops enabled, and the Java Heap may be blocking the growth of the native heap
# Possible solutions:
#   Reduce memory load on the system
#   Increase physical memory or swap space
#   Check if swap backing store is full
#   Decrease Java heap size (-Xmx/-Xms)
#   Decrease number of Java threads
#   Decrease Java thread stack sizes (-Xss)
#   Set larger code cache with -XX:ReservedCodeCacheSize=
#   JVM is running with Unscaled Compressed Oops mode in which the Java heap is
#     placed in the first 4GB address space. The Java Heap base address is the
#     maximum limit for the native heap growth. Please use -XX:HeapBaseMinAddress
#     to set the Java Heap base and to place the Java Heap above 4GB virtual address.
# This output file may be truncated or incomplete.
#
#  Out of Memory Error (./open/src/hotspot/share/memory/arena.cpp:197), pid=7544, tid=8136
#
# JRE version: Java(TM) SE Runtime Environment 18.9 (11.0.17+10) (build 11.0.17+10-LTS-269)
# Java VM: Java HotSpot(TM) 64-Bit Server VM 18.9 (11.0.17+10-LTS-269, mixed mode, tiered, compressed oops, g1 gc, windows-amd64)
# No core dump will be written. Minidumps are not enabled by default on client versions of Windows
#

---------------  S U M M A R Y ------------

Command Line: -XX:MaxMetaspaceSize=256m -XX:+HeapDumpOnOutOfMemoryError -agentlib:jdwp=transport=dt_socket,server=n,suspend=y,address=127.0.0.1:51327 --add-opens=java.base/java.util=ALL-UNNAMED --add-opens=java.base/java.lang=ALL-UNNAMED --add-opens=java.base/java.lang.invoke=ALL-UNNAMED --add-opens=java.base/java.util=ALL-UNNAMED --add-opens=java.prefs/java.util.prefs=ALL-UNNAMED --add-opens=java.prefs/java.util.prefs=ALL-UNNAMED --add-opens=java.base/java.nio.charset=ALL-UNNAMED --add-opens=java.base/java.net=ALL-UNNAMED --add-opens=java.base/java.util.concurrent.atomic=ALL-UNNAMED -Xms256m -Xmx512m -Dfile.encoding=windows-1251 -Duser.country=UA -Duser.language=uk -Duser.variant org.gradle.launcher.daemon.bootstrap.GradleDaemon 7.4

Host: AMD Ryzen 3 3200U with Radeon Vega Mobile Gfx  , 4 cores, 9G,  Windows 10 , 64 bit Build 17763 (10.0.17763.4131)
Time: Mon Mar 20 09:25:16 2023 Фінляндія (зима) elapsed time: 30.892170 seconds (0d 0h 0m 30s)

---------------  T H R E A D  ---------------

Current thread (0x000002797f1d7800):  JavaThread "C2 CompilerThread0" daemon [_thread_in_native, id=8136, stack(0x000000afb5300000,0x000000afb5400000)]


Current CompileTask:
C2:  30892 6645   !   4       lombok.core.AST::buildWithField0 (121 bytes)

Stack: [0x000000afb5300000,0x000000afb5400000]
Native frames: (J=compiled Java code, j=interpreted, Vv=VM code, C=native code)
V  [jvm.dll+0x62b5da]
V  [jvm.dll+0x7653df]
V  [jvm.dll+0x766a89]
V  [jvm.dll+0x767113]
V  [jvm.dll+0x23dd28]
V  [jvm.dll+0xb2a1c]
V  [jvm.dll+0xb2fdc]
V  [jvm.dll+0xb2b2b]
V  [jvm.dll+0x104c27]
V  [jvm.dll+0x67fcd6]
V  [jvm.dll+0x67f137]
V  [jvm.dll+0x18cd50]
V  [jvm.dll+0x1f8815]
V  [jvm.dll+0x1f78fd]
V  [jvm.dll+0x177c91]
V  [jvm.dll+0x207296]
V  [jvm.dll+0x20542b]
V  [jvm.dll+0x72b2c0]
V  [jvm.dll+0x723e64]
V  [jvm.dll+0x62a485]
C  [ucrtbase.dll+0x2268a]
C  [KERNEL32.DLL+0x17ab4]
C  [ntdll.dll+0x5a351]


---------------  P R O C E S S  ---------------

Threads class SMR info:
_java_thread_list=0x00000279175fbce0, length=92, elements={
0x00000279743ac000, 0x000002797f1b2800, 0x000002797f1be000, 0x000002797fb23000,
0x000002797f1d5000, 0x000002797f1d6800, 0x000002797f1d7800, 0x000002797f1d9800,
0x000002797fb26800, 0x000002797fcad000, 0x000002797fcd8000, 0x000002797fcf2800,
0x000002797fcfc800, 0x0000027913663800, 0x0000027911d15800, 0x0000027913718000,
0x0000027912df5800, 0x0000027912e72800, 0x000002791390c000, 0x0000027912e32800,
0x0000027912a32800, 0x00000279126d3000, 0x0000027912e69800, 0x0000027912e6d000,
0x0000027912e69000, 0x0000027912e6a800, 0x0000027912e6b800, 0x0000027912e67000,
0x0000027912e6c000, 0x0000027912e6e000, 0x0000027912e68000, 0x0000027912fd7800,
0x0000027912fd7000, 0x0000027912fd8800, 0x0000027912fd9000, 0x0000027912fda000,
0x0000027912fdb800, 0x0000027912fd6000, 0x0000027912fe0800, 0x0000027912fdf000,
0x0000027912fe0000, 0x0000027912fe2000, 0x0000027912fde000, 0x0000027912fdd800,
0x0000027912fe1800, 0x0000027912fdc800, 0x0000027914994800, 0x0000027914991000,
0x0000027914996000, 0x0000027914992800, 0x0000027914992000, 0x0000027914999000,
0x0000027914993800, 0x000002791499a000, 0x0000027914995000, 0x0000027914998800,
0x000002791499c800, 0x000002791499b000, 0x000002791499b800, 0x0000027914997000,
0x000002791499d800, 0x0000027914997800, 0x00000279149a0000, 0x000002791499e000,
0x000002791499f000, 0x000002791879d000, 0x000002791879c800, 0x0000027918799000,
0x000002791879e000, 0x0000027918798000, 0x000002791879a800, 0x000002791879e800,
0x000002791879b800, 0x000002791879a000, 0x00000279144f9000, 0x00000279144fa000,
0x00000279144fa800, 0x00000279144fb800, 0x00000279144fc800, 0x00000279144fd000,
0x00000279144fe000, 0x00000279144f8000, 0x00000279144ff000, 0x0000027916c9e800,
0x0000027916c9f000, 0x0000027916ca0000, 0x0000027916ca0800, 0x0000027916ca1800,
0x0000027916c9c000, 0x0000027916ca2800, 0x0000027916c9c800, 0x00000279190ef800
}

Java Threads: ( => current thread )
  0x00000279743ac000 JavaThread "main" [_thread_blocked, id=3980, stack(0x000000afb4700000,0x000000afb4800000)]
  0x000002797f1b2800 JavaThread "Reference Handler" daemon [_thread_blocked, id=8224, stack(0x000000afb4e00000,0x000000afb4f00000)]
  0x000002797f1be000 JavaThread "Finalizer" daemon [_thread_blocked, id=7540, stack(0x000000afb4f00000,0x000000afb5000000)]
  0x000002797fb23000 JavaThread "Signal Dispatcher" daemon [_thread_blocked, id=8184, stack(0x000000afb5000000,0x000000afb5100000)]
  0x000002797f1d5000 JavaThread "Attach Listener" daemon [_thread_blocked, id=5304, stack(0x000000afb5100000,0x000000afb5200000)]
  0x000002797f1d6800 JavaThread "Service Thread" daemon [_thread_blocked, id=2428, stack(0x000000afb5200000,0x000000afb5300000)]
=>0x000002797f1d7800 JavaThread "C2 CompilerThread0" daemon [_thread_in_native, id=8136, stack(0x000000afb5300000,0x000000afb5400000)]
  0x000002797f1d9800 JavaThread "C1 CompilerThread0" daemon [_thread_blocked, id=7476, stack(0x000000afb5400000,0x000000afb5500000)]
  0x000002797fb26800 JavaThread "Sweeper thread" daemon [_thread_blocked, id=10796, stack(0x000000afb5500000,0x000000afb5600000)]
  0x000002797fcad000 JavaThread "Common-Cleaner" daemon [_thread_blocked, id=9908, stack(0x000000afb5600000,0x000000afb5700000)]
  0x000002797fcd8000 JavaThread "JDWP Transport Listener: dt_socket" daemon [_thread_blocked, id=2512, stack(0x000000afb5700000,0x000000afb5800000)]
  0x000002797fcf2800 JavaThread "JDWP Event Helper Thread" daemon [_thread_blocked, id=3780, stack(0x000000afb5800000,0x000000afb5900000)]
  0x000002797fcfc800 JavaThread "JDWP Command Reader" daemon [_thread_in_native, id=3264, stack(0x000000afb5900000,0x000000afb5a00000)]
  0x0000027913663800 JavaThread "Daemon health stats" [_thread_blocked, id=76, stack(0x000000afb5f00000,0x000000afb6000000)]
  0x0000027911d15800 JavaThread "Incoming local TCP Connector on port 51333" [_thread_in_native, id=6264, stack(0x000000afb5e00000,0x000000afb5f00000)]
  0x0000027913718000 JavaThread "Daemon periodic checks" [_thread_blocked, id=3492, stack(0x000000afb6200000,0x000000afb6300000)]
  0x0000027912df5800 JavaThread "Daemon" [_thread_blocked, id=10616, stack(0x000000afb6300000,0x000000afb6400000)]
  0x0000027912e72800 JavaThread "Handler for socket connection from /127.0.0.1:51333 to /127.0.0.1:51334" [_thread_in_native, id=7128, stack(0x000000afb6400000,0x000000afb6500000)]
  0x000002791390c000 JavaThread "Cancel handler" [_thread_blocked, id=10292, stack(0x000000afb6500000,0x000000afb6600000)]
  0x0000027912e32800 JavaThread "Daemon worker" [_thread_blocked, id=8576, stack(0x000000afb6600000,0x000000afb6700000)]
  0x0000027912a32800 JavaThread "Asynchronous log dispatcher for DefaultDaemonConnection: socket connection from /127.0.0.1:51333 to /127.0.0.1:51334" [_thread_blocked, id=2608, stack(0x000000afb6700000,0x000000afb6800000)]
  0x00000279126d3000 JavaThread "Stdin handler" [_thread_blocked, id=7148, stack(0x000000afb6800000,0x000000afb6900000)]
  0x0000027912e69800 JavaThread "Daemon client event forwarder" [_thread_blocked, id=6632, stack(0x000000afb6900000,0x000000afb6a00000)]
  0x0000027912e6d000 JavaThread "Cache worker for journal cache (C:\Users\Lenovo\.gradle\caches\journal-1)" [_thread_blocked, id=5084, stack(0x000000afb6a00000,0x000000afb6b00000)]
  0x0000027912e69000 JavaThread "File lock request listener" [_thread_in_native, id=1604, stack(0x000000afb6b00000,0x000000afb6c00000)]
  0x0000027912e6a800 JavaThread "Cache worker for file hash cache (C:\Users\Lenovo\.gradle\caches\7.4\fileHashes)" [_thread_blocked, id=9952, stack(0x000000afb6c00000,0x000000afb6d00000)]
  0x0000027912e6b800 JavaThread "File watcher server" daemon [_thread_in_native, id=10708, stack(0x000000afb6e00000,0x000000afb6f00000)]
  0x0000027912e67000 JavaThread "File watcher consumer" daemon [_thread_blocked, id=5244, stack(0x000000afb6f00000,0x000000afb7000000)]
  0x0000027912e6c000 JavaThread "Cache worker for checksums cache (D:\goit\ProjectGOITGroup3\.gradle\7.4\checksums)" [_thread_blocked, id=1188, stack(0x000000afb6d00000,0x000000afb6e00000)]
  0x0000027912e6e000 JavaThread "Cache worker for cache directory md-rule (C:\Users\Lenovo\.gradle\caches\7.4\md-rule)" [_thread_blocked, id=4836, stack(0x000000afb7000000,0x000000afb7100000)]
  0x0000027912e68000 JavaThread "Cache worker for file hash cache (D:\goit\ProjectGOITGroup3\.gradle\7.4\fileHashes)" [_thread_blocked, id=1212, stack(0x000000afb7100000,0x000000afb7200000)]
  0x0000027912fd7800 JavaThread "Cache worker for cache directory md-supplier (C:\Users\Lenovo\.gradle\caches\7.4\md-supplier)" [_thread_blocked, id=1868, stack(0x000000afb7200000,0x000000afb7300000)]
  0x0000027912fd7000 JavaThread "Cache worker for execution history cache (C:\Users\Lenovo\.gradle\caches\7.4\executionHistory)" [_thread_blocked, id=8728, stack(0x000000afb7300000,0x000000afb7400000)]
  0x0000027912fd8800 JavaThread "jar transforms" [_thread_blocked, id=11060, stack(0x000000afb7400000,0x000000afb7500000)]
  0x0000027912fd9000 JavaThread "jar transforms Thread 2" [_thread_blocked, id=7376, stack(0x000000afb7500000,0x000000afb7600000)]
  0x0000027912fda000 JavaThread "Cache worker for file content cache (C:\Users\Lenovo\.gradle\caches\7.4\fileContent)" [_thread_blocked, id=1944, stack(0x000000afb7700000,0x000000afb7800000)]
  0x0000027912fdb800 JavaThread "jar transforms Thread 3" [_thread_blocked, id=9364, stack(0x000000afb7800000,0x000000afb7900000)]
  0x0000027912fd6000 JavaThread "jar transforms Thread 4" [_thread_blocked, id=4060, stack(0x000000afb7900000,0x000000afb7a00000)]
  0x0000027912fe0800 JavaThread "Cache worker for dependencies-accessors (D:\goit\ProjectGOITGroup3\.gradle\7.4\dependencies-accessors)" [_thread_blocked, id=6732, stack(0x000000afb7a00000,0x000000afb7b00000)]
  0x0000027912fdf000 JavaThread "Cache worker for Build Output Cleanup Cache (D:\goit\ProjectGOITGroup3\.gradle\buildOutputCleanup)" [_thread_blocked, id=4512, stack(0x000000afb7b00000,0x000000afb7c00000)]
  0x0000027912fe0000 JavaThread "Memory manager" [_thread_blocked, id=11040, stack(0x000000afb7c00000,0x000000afb7d00000)]
  0x0000027912fe2000 JavaThread "included builds" [_thread_in_Java, id=11048, stack(0x000000afb7d00000,0x000000afb7e00000)]
  0x0000027912fde000 JavaThread "Execution worker for ':'" [_thread_blocked, id=4076, stack(0x000000afb7e00000,0x000000afb7f00000)]
  0x0000027912fdd800 JavaThread "Execution worker for ':' Thread 2" [_thread_blocked, id=7992, stack(0x000000afb7f00000,0x000000afb8000000)]
  0x0000027912fe1800 JavaThread "Execution worker for ':' Thread 3" [_thread_blocked, id=10816, stack(0x000000afb8000000,0x000000afb8100000)]
  0x0000027912fdc800 JavaThread "Cache worker for execution history cache (D:\goit\ProjectGOITGroup3\.gradle\7.4\executionHistory)" [_thread_blocked, id=10828, stack(0x000000afb8100000,0x000000afb8200000)]
  0x0000027914994800 JavaThread "Unconstrained build operations" [_thread_blocked, id=7996, stack(0x000000afb8200000,0x000000afb8300000)]
  0x0000027914991000 JavaThread "Unconstrained build operations Thread 2" [_thread_blocked, id=4056, stack(0x000000afb8300000,0x000000afb8400000)]
  0x0000027914996000 JavaThread "Unconstrained build operations Thread 3" [_thread_blocked, id=11232, stack(0x000000afb8400000,0x000000afb8500000)]
  0x0000027914992800 JavaThread "Unconstrained build operations Thread 4" [_thread_blocked, id=3308, stack(0x000000afb8500000,0x000000afb8600000)]
  0x0000027914992000 JavaThread "Unconstrained build operations Thread 5" [_thread_blocked, id=11208, stack(0x000000afb8600000,0x000000afb8700000)]
  0x0000027914999000 JavaThread "Unconstrained build operations Thread 6" [_thread_blocked, id=9544, stack(0x000000afb8700000,0x000000afb8800000)]
  0x0000027914993800 JavaThread "Unconstrained build operations Thread 7" [_thread_blocked, id=9372, stack(0x000000afb8800000,0x000000afb8900000)]
  0x000002791499a000 JavaThread "Unconstrained build operations Thread 8" [_thread_blocked, id=8168, stack(0x000000afb8900000,0x000000afb8a00000)]
  0x0000027914995000 JavaThread "Unconstrained build operations Thread 9" [_thread_blocked, id=10884, stack(0x000000afb8a00000,0x000000afb8b00000)]
  0x0000027914998800 JavaThread "Unconstrained build operations Thread 10" [_thread_blocked, id=7980, stack(0x000000afb8b00000,0x000000afb8c00000)]
  0x000002791499c800 JavaThread "Unconstrained build operations Thread 11" [_thread_blocked, id=5932, stack(0x000000afb8c00000,0x000000afb8d00000)]
  0x000002791499b000 JavaThread "Unconstrained build operations Thread 12" [_thread_blocked, id=2664, stack(0x000000afb8d00000,0x000000afb8e00000)]
  0x000002791499b800 JavaThread "Unconstrained build operations Thread 13" [_thread_blocked, id=10084, stack(0x000000afb8e00000,0x000000afb8f00000)]
  0x0000027914997000 JavaThread "Unconstrained build operations Thread 14" [_thread_blocked, id=2432, stack(0x000000afb8f00000,0x000000afb9000000)]
  0x000002791499d800 JavaThread "Unconstrained build operations Thread 15" [_thread_blocked, id=3396, stack(0x000000afb9000000,0x000000afb9100000)]
  0x0000027914997800 JavaThread "Unconstrained build operations Thread 16" [_thread_blocked, id=5656, stack(0x000000afb9100000,0x000000afb9200000)]
  0x00000279149a0000 JavaThread "Unconstrained build operations Thread 17" [_thread_blocked, id=7764, stack(0x000000afb9200000,0x000000afb9300000)]
  0x000002791499e000 JavaThread "Unconstrained build operations Thread 18" [_thread_blocked, id=9604, stack(0x000000afb9300000,0x000000afb9400000)]
  0x000002791499f000 JavaThread "Unconstrained build operations Thread 19" [_thread_blocked, id=1520, stack(0x000000afb9400000,0x000000afb9500000)]
  0x000002791879d000 JavaThread "Unconstrained build operations Thread 20" [_thread_blocked, id=4348, stack(0x000000afb9500000,0x000000afb9600000)]
  0x000002791879c800 JavaThread "Unconstrained build operations Thread 21" [_thread_blocked, id=11136, stack(0x000000afb9600000,0x000000afb9700000)]
  0x0000027918799000 JavaThread "Unconstrained build operations Thread 22" [_thread_blocked, id=5188, stack(0x000000afb9700000,0x000000afb9800000)]
  0x000002791879e000 JavaThread "Unconstrained build operations Thread 23" [_thread_blocked, id=1072, stack(0x000000afb9800000,0x000000afb9900000)]
  0x0000027918798000 JavaThread "Unconstrained build operations Thread 24" [_thread_blocked, id=10280, stack(0x000000afb9900000,0x000000afb9a00000)]
  0x000002791879a800 JavaThread "Unconstrained build operations Thread 25" [_thread_blocked, id=3008, stack(0x000000afb9a00000,0x000000afb9b00000)]
  0x000002791879e800 JavaThread "Unconstrained build operations Thread 26" [_thread_blocked, id=2848, stack(0x000000afb9b00000,0x000000afb9c00000)]
  0x000002791879b800 JavaThread "Unconstrained build operations Thread 27" [_thread_blocked, id=9668, stack(0x000000afb9c00000,0x000000afb9d00000)]
  0x000002791879a000 JavaThread "Unconstrained build operations Thread 28" [_thread_blocked, id=8572, stack(0x000000afb9d00000,0x000000afb9e00000)]
  0x00000279144f9000 JavaThread "Unconstrained build operations Thread 29" [_thread_blocked, id=5168, stack(0x000000afb9e00000,0x000000afb9f00000)]
  0x00000279144fa000 JavaThread "Unconstrained build operations Thread 30" [_thread_blocked, id=6692, stack(0x000000afb9f00000,0x000000afba000000)]
  0x00000279144fa800 JavaThread "Unconstrained build operations Thread 31" [_thread_blocked, id=11172, stack(0x000000afba000000,0x000000afba100000)]
  0x00000279144fb800 JavaThread "Unconstrained build operations Thread 32" [_thread_blocked, id=768, stack(0x000000afba100000,0x000000afba200000)]
  0x00000279144fc800 JavaThread "Unconstrained build operations Thread 33" [_thread_blocked, id=2072, stack(0x000000afba200000,0x000000afba300000)]
  0x00000279144fd000 JavaThread "Unconstrained build operations Thread 34" [_thread_blocked, id=7388, stack(0x000000afba300000,0x000000afba400000)]
  0x00000279144fe000 JavaThread "Unconstrained build operations Thread 35" [_thread_blocked, id=1544, stack(0x000000afba400000,0x000000afba500000)]
  0x00000279144f8000 JavaThread "Unconstrained build operations Thread 36" [_thread_blocked, id=3804, stack(0x000000afba500000,0x000000afba600000)]
  0x00000279144ff000 JavaThread "Unconstrained build operations Thread 37" [_thread_blocked, id=9888, stack(0x000000afba600000,0x000000afba700000)]
  0x0000027916c9e800 JavaThread "Unconstrained build operations Thread 38" [_thread_blocked, id=1736, stack(0x000000afba700000,0x000000afba800000)]
  0x0000027916c9f000 JavaThread "Unconstrained build operations Thread 39" [_thread_blocked, id=5416, stack(0x000000afba800000,0x000000afba900000)]
  0x0000027916ca0000 JavaThread "Unconstrained build operations Thread 40" [_thread_blocked, id=3160, stack(0x000000afba900000,0x000000afbaa00000)]
  0x0000027916ca0800 JavaThread "Cache worker for Java compile cache (C:\Users\Lenovo\.gradle\caches\7.4\javaCompile)" [_thread_blocked, id=1112, stack(0x000000afbaa00000,0x000000afbab00000)]
  0x0000027916ca1800 JavaThread "Build operations" [_thread_blocked, id=9800, stack(0x000000afbab00000,0x000000afbac00000)]
  0x0000027916c9c000 JavaThread "Build operations Thread 2" [_thread_blocked, id=3792, stack(0x000000afbac00000,0x000000afbad00000)]
  0x0000027916ca2800 JavaThread "Build operations Thread 3" [_thread_blocked, id=6252, stack(0x000000afbad00000,0x000000afbae00000)]
  0x0000027916c9c800 JavaThread "Build operations Thread 4" [_thread_blocked, id=6132, stack(0x000000afbae00000,0x000000afbaf00000)]
  0x00000279190ef800 JavaThread "C2 CompilerThread1" daemon [_thread_in_native, id=5312, stack(0x000000afb7600000,0x000000afb7700000)]

Other Threads:
  0x000002797f18a800 VMThread "VM Thread" [stack: 0x000000afb4d00000,0x000000afb4e00000] [id=10776]
  0x000002797fd18800 WatcherThread [stack: 0x000000afb5a00000,0x000000afb5b00000] [id=6636]
  0x00000279743c4000 GCTaskThread "GC Thread#0" [stack: 0x000000afb4800000,0x000000afb4900000] [id=7824]
  0x000002791159d800 GCTaskThread "GC Thread#1" [stack: 0x000000afb5b00000,0x000000afb5c00000] [id=4616]
  0x000002791156c800 GCTaskThread "GC Thread#2" [stack: 0x000000afb5c00000,0x000000afb5d00000] [id=1360]
  0x0000027911593800 GCTaskThread "GC Thread#3" [stack: 0x000000afb5d00000,0x000000afb5e00000] [id=7424]
  0x00000279743d6000 ConcurrentGCThread "G1 Main Marker" [stack: 0x000000afb4900000,0x000000afb4a00000] [id=8568]
  0x00000279743d7000 ConcurrentGCThread "G1 Conc#0" [stack: 0x000000afb4a00000,0x000000afb4b00000] [id=5468]
  0x000002797f028800 ConcurrentGCThread "G1 Refine#0" [stack: 0x000000afb4b00000,0x000000afb4c00000] [id=5876]
  0x00000279135c0000 ConcurrentGCThread "G1 Refine#1" [stack: 0x000000afb6000000,0x000000afb6100000] [id=6032]
  0x0000027913684000 ConcurrentGCThread "G1 Refine#2" [stack: 0x000000afb6100000,0x000000afb6200000] [id=4908]
  0x000002797f029000 ConcurrentGCThread "G1 Young RemSet Sampling" [stack: 0x000000afb4c00000,0x000000afb4d00000] [id=10508]

Threads with active compile tasks:
C2 CompilerThread0    30922 6645   !   4       lombok.core.AST::buildWithField0 (121 bytes)
C1 CompilerThread0    30922 6745       3       com.sun.tools.javac.code.Types::capture (556 bytes)
C2 CompilerThread1    30922 6649       4       lombok.javac.JavacAST::buildStatementOrExpression (104 bytes)

VM state:not at safepoint (normal execution)

VM Mutex/Monitor currently owned by a thread: None

Heap address: 0x00000000e0000000, size: 512 MB, Compressed Oops mode: 32-bit
Narrow klass base: 0x0000000000000000, Narrow klass shift: 3
Compressed class space size: 260046848 Address: 0x0000000100000000

Heap:
 garbage-first heap   total 262144K, used 103668K [0x00000000e0000000, 0x0000000100000000)
  region size 1024K, 60 young (61440K), 3 survivors (3072K)
 Metaspace       used 66020K, capacity 68427K, committed 68648K, reserved 313344K
  class space    used 8660K, capacity 9560K, committed 9676K, reserved 253952K
Heap Regions: E=young(eden), S=young(survivor), O=old, HS=humongous(starts), HC=humongous(continues), CS=collection set, F=free, A=archive, TAMS=top-at-mark-start (previous, next)
|   0|0x00000000e0000000, 0x00000000e0100000, 0x00000000e0100000|100%|HS|  |TAMS 0x00000000e0100000, 0x00000000e0000000| Complete 
|   1|0x00000000e0100000, 0x00000000e0200000, 0x00000000e0200000|100%|HC|  |TAMS 0x00000000e0200000, 0x00000000e0100000| Complete 
|   2|0x00000000e0200000, 0x00000000e0300000, 0x00000000e0300000|100%|HC|  |TAMS 0x00000000e0300000, 0x00000000e0200000| Complete 
|   3|0x00000000e0300000, 0x00000000e0400000, 0x00000000e0400000|100%| O|  |TAMS 0x00000000e0400000, 0x00000000e0300000| Untracked 
|   4|0x00000000e0400000, 0x00000000e0500000, 0x00000000e0500000|100%| O|  |TAMS 0x00000000e0500000, 0x00000000e0400000| Untracked 
|   5|0x00000000e0500000, 0x00000000e0600000, 0x00000000e0600000|100%| O|  |TAMS 0x00000000e0600000, 0x00000000e0500000| Untracked 
|   6|0x00000000e0600000, 0x00000000e0700000, 0x00000000e0700000|100%| O|  |TAMS 0x00000000e0700000, 0x00000000e0600000| Untracked 
|   7|0x00000000e0700000, 0x00000000e0800000, 0x00000000e0800000|100%| O|  |TAMS 0x00000000e0800000, 0x00000000e0700000| Untracked 
|   8|0x00000000e0800000, 0x00000000e0900000, 0x00000000e0900000|100%| O|  |TAMS 0x00000000e0900000, 0x00000000e0800000| Untracked 
|   9|0x00000000e0900000, 0x00000000e0a00000, 0x00000000e0a00000|100%| O|  |TAMS 0x00000000e0a00000, 0x00000000e0900000| Untracked 
|  10|0x00000000e0a00000, 0x00000000e0b00000, 0x00000000e0b00000|100%| O|  |TAMS 0x00000000e0b00000, 0x00000000e0a00000| Untracked 
|  11|0x00000000e0b00000, 0x00000000e0c00000, 0x00000000e0c00000|100%| O|  |TAMS 0x00000000e0c00000, 0x00000000e0b00000| Untracked 
|  12|0x00000000e0c00000, 0x00000000e0d00000, 0x00000000e0d00000|100%| O|  |TAMS 0x00000000e0d00000, 0x00000000e0c00000| Untracked 
|  13|0x00000000e0d00000, 0x00000000e0e00000, 0x00000000e0e00000|100%| O|  |TAMS 0x00000000e0e00000, 0x00000000e0d00000| Untracked 
|  14|0x00000000e0e00000, 0x00000000e0f00000, 0x00000000e0f00000|100%| O|  |TAMS 0x00000000e0f00000, 0x00000000e0e00000| Untracked 
|  15|0x00000000e0f00000, 0x00000000e1000000, 0x00000000e1000000|100%| O|  |TAMS 0x00000000e1000000, 0x00000000e0f00000| Untracked 
|  16|0x00000000e1000000, 0x00000000e1100000, 0x00000000e1100000|100%| O|  |TAMS 0x00000000e1100000, 0x00000000e1000000| Untracked 
|  17|0x00000000e1100000, 0x00000000e1200000, 0x00000000e1200000|100%| O|  |TAMS 0x00000000e1200000, 0x00000000e1100000| Untracked 
|  18|0x00000000e1200000, 0x00000000e1300000, 0x00000000e1300000|100%| O|  |TAMS 0x00000000e1300000, 0x00000000e1200000| Untracked 
|  19|0x00000000e1300000, 0x00000000e1400000, 0x00000000e1400000|100%| O|  |TAMS 0x00000000e1400000, 0x00000000e1300000| Untracked 
|  20|0x00000000e1400000, 0x00000000e1500000, 0x00000000e1500000|100%| O|  |TAMS 0x00000000e1500000, 0x00000000e1400000| Untracked 
|  21|0x00000000e1500000, 0x00000000e1600000, 0x00000000e1600000|100%| O|  |TAMS 0x00000000e1600000, 0x00000000e1500000| Untracked 
|  22|0x00000000e1600000, 0x00000000e1700000, 0x00000000e1700000|100%| O|  |TAMS 0x00000000e1700000, 0x00000000e1600000| Untracked 
|  23|0x00000000e1700000, 0x00000000e1800000, 0x00000000e1800000|100%| O|  |TAMS 0x00000000e1800000, 0x00000000e1700000| Untracked 
|  24|0x00000000e1800000, 0x00000000e1900000, 0x00000000e1900000|100%| O|  |TAMS 0x00000000e1900000, 0x00000000e1800000| Untracked 
|  25|0x00000000e1900000, 0x00000000e1a00000, 0x00000000e1a00000|100%| O|  |TAMS 0x00000000e1a00000, 0x00000000e1900000| Untracked 
|  26|0x00000000e1a00000, 0x00000000e1b00000, 0x00000000e1b00000|100%| O|  |TAMS 0x00000000e1b00000, 0x00000000e1a00000| Untracked 
|  27|0x00000000e1b00000, 0x00000000e1c00000, 0x00000000e1c00000|100%| O|  |TAMS 0x00000000e1c00000, 0x00000000e1b00000| Untracked 
|  28|0x00000000e1c00000, 0x00000000e1d00000, 0x00000000e1d00000|100%| O|  |TAMS 0x00000000e1d00000, 0x00000000e1c00000| Untracked 
|  29|0x00000000e1d00000, 0x00000000e1e00000, 0x00000000e1e00000|100%| O|  |TAMS 0x00000000e1e00000, 0x00000000e1d00000| Untracked 
|  30|0x00000000e1e00000, 0x00000000e1f00000, 0x00000000e1f00000|100%| O|  |TAMS 0x00000000e1f00000, 0x00000000e1e00000| Untracked 
|  31|0x00000000e1f00000, 0x00000000e2000000, 0x00000000e2000000|100%| O|  |TAMS 0x00000000e2000000, 0x00000000e1f00000| Untracked 
|  32|0x00000000e2000000, 0x00000000e2100000, 0x00000000e2100000|100%| O|  |TAMS 0x00000000e2100000, 0x00000000e2000000| Untracked 
|  33|0x00000000e2100000, 0x00000000e2200000, 0x00000000e2200000|100%| O|  |TAMS 0x00000000e2200000, 0x00000000e2100000| Untracked 
|  34|0x00000000e2200000, 0x00000000e2300000, 0x00000000e2300000|100%| O|  |TAMS 0x00000000e2300000, 0x00000000e2200000| Untracked 
|  35|0x00000000e2300000, 0x00000000e2400000, 0x00000000e2400000|100%| O|  |TAMS 0x00000000e2400000, 0x00000000e2300000| Untracked 
|  36|0x00000000e2400000, 0x00000000e2500000, 0x00000000e2500000|100%| O|  |TAMS 0x00000000e2500000, 0x00000000e2400000| Untracked 
|  37|0x00000000e2500000, 0x00000000e2600000, 0x00000000e2600000|100%| O|  |TAMS 0x00000000e2600000, 0x00000000e2500000| Untracked 
|  38|0x00000000e2600000, 0x00000000e2700000, 0x00000000e2700000|100%| O|  |TAMS 0x00000000e2700000, 0x00000000e2600000| Untracked 
|  39|0x00000000e2700000, 0x00000000e2800000, 0x00000000e2800000|100%| O|  |TAMS 0x00000000e2800000, 0x00000000e2700000| Untracked 
|  40|0x00000000e2800000, 0x00000000e2900000, 0x00000000e2900000|100%| O|  |TAMS 0x00000000e2900000, 0x00000000e2800000| Untracked 
|  41|0x00000000e2900000, 0x00000000e2a00000, 0x00000000e2a00000|100%| O|  |TAMS 0x00000000e2a00000, 0x00000000e2900000| Untracked 
|  42|0x00000000e2a00000, 0x00000000e2b00000, 0x00000000e2b00000|100%| O|  |TAMS 0x00000000e2b00000, 0x00000000e2a00000| Untracked 
|  43|0x00000000e2b00000, 0x00000000e2bbd000, 0x00000000e2c00000| 73%| O|  |TAMS 0x00000000e2bbd000, 0x00000000e2b00000| Untracked 
|  44|0x00000000e2c00000, 0x00000000e2c00000, 0x00000000e2d00000|  0%| F|  |TAMS 0x00000000e2c00000, 0x00000000e2c00000| Untracked 
|  45|0x00000000e2d00000, 0x00000000e2d00000, 0x00000000e2e00000|  0%| F|  |TAMS 0x00000000e2d00000, 0x00000000e2d00000| Untracked 
|  46|0x00000000e2e00000, 0x00000000e2e00000, 0x00000000e2f00000|  0%| F|  |TAMS 0x00000000e2e00000, 0x00000000e2e00000| Untracked 
|  47|0x00000000e2f00000, 0x00000000e2f00000, 0x00000000e3000000|  0%| F|  |TAMS 0x00000000e2f00000, 0x00000000e2f00000| Untracked 
|  48|0x00000000e3000000, 0x00000000e3000000, 0x00000000e3100000|  0%| F|  |TAMS 0x00000000e3000000, 0x00000000e3000000| Untracked 
|  49|0x00000000e3100000, 0x00000000e3100000, 0x00000000e3200000|  0%| F|  |TAMS 0x00000000e3100000, 0x00000000e3100000| Untracked 
|  50|0x00000000e3200000, 0x00000000e3200000, 0x00000000e3300000|  0%| F|  |TAMS 0x00000000e3200000, 0x00000000e3200000| Untracked 
|  51|0x00000000e3300000, 0x00000000e3300000, 0x00000000e3400000|  0%| F|  |TAMS 0x00000000e3300000, 0x00000000e3300000| Untracked 
|  52|0x00000000e3400000, 0x00000000e3400000, 0x00000000e3500000|  0%| F|  |TAMS 0x00000000e3400000, 0x00000000e3400000| Untracked 
|  53|0x00000000e3500000, 0x00000000e3500000, 0x00000000e3600000|  0%| F|  |TAMS 0x00000000e3500000, 0x00000000e3500000| Untracked 
|  54|0x00000000e3600000, 0x00000000e3600000, 0x00000000e3700000|  0%| F|  |TAMS 0x00000000e3600000, 0x00000000e3600000| Untracked 
|  55|0x00000000e3700000, 0x00000000e3700000, 0x00000000e3800000|  0%| F|  |TAMS 0x00000000e3700000, 0x00000000e3700000| Untracked 
|  56|0x00000000e3800000, 0x00000000e3800000, 0x00000000e3900000|  0%| F|  |TAMS 0x00000000e3800000, 0x00000000e3800000| Untracked 
|  57|0x00000000e3900000, 0x00000000e3900000, 0x00000000e3a00000|  0%| F|  |TAMS 0x00000000e3900000, 0x00000000e3900000| Untracked 
|  58|0x00000000e3a00000, 0x00000000e3a00000, 0x00000000e3b00000|  0%| F|  |TAMS 0x00000000e3a00000, 0x00000000e3a00000| Untracked 
|  59|0x00000000e3b00000, 0x00000000e3b00000, 0x00000000e3c00000|  0%| F|  |TAMS 0x00000000e3b00000, 0x00000000e3b00000| Untracked 
|  60|0x00000000e3c00000, 0x00000000e3c00000, 0x00000000e3d00000|  0%| F|  |TAMS 0x00000000e3c00000, 0x00000000e3c00000| Untracked 
|  61|0x00000000e3d00000, 0x00000000e3d00000, 0x00000000e3e00000|  0%| F|  |TAMS 0x00000000e3d00000, 0x00000000e3d00000| Untracked 
|  62|0x00000000e3e00000, 0x00000000e3e00000, 0x00000000e3f00000|  0%| F|  |TAMS 0x00000000e3e00000, 0x00000000e3e00000| Untracked 
|  63|0x00000000e3f00000, 0x00000000e3f00000, 0x00000000e4000000|  0%| F|  |TAMS 0x00000000e3f00000, 0x00000000e3f00000| Untracked 
|  64|0x00000000e4000000, 0x00000000e4000000, 0x00000000e4100000|  0%| F|  |TAMS 0x00000000e4000000, 0x00000000e4000000| Untracked 
|  65|0x00000000e4100000, 0x00000000e4100000, 0x00000000e4200000|  0%| F|  |TAMS 0x00000000e4100000, 0x00000000e4100000| Untracked 
|  66|0x00000000e4200000, 0x00000000e4200000, 0x00000000e4300000|  0%| F|  |TAMS 0x00000000e4200000, 0x00000000e4200000| Untracked 
|  67|0x00000000e4300000, 0x00000000e4300000, 0x00000000e4400000|  0%| F|  |TAMS 0x00000000e4300000, 0x00000000e4300000| Untracked 
|  68|0x00000000e4400000, 0x00000000e4400000, 0x00000000e4500000|  0%| F|  |TAMS 0x00000000e4400000, 0x00000000e4400000| Untracked 
|  69|0x00000000e4500000, 0x00000000e4500000, 0x00000000e4600000|  0%| F|  |TAMS 0x00000000e4500000, 0x00000000e4500000| Untracked 
|  70|0x00000000e4600000, 0x00000000e4600000, 0x00000000e4700000|  0%| F|  |TAMS 0x00000000e4600000, 0x00000000e4600000| Untracked 
|  71|0x00000000e4700000, 0x00000000e4700000, 0x00000000e4800000|  0%| F|  |TAMS 0x00000000e4700000, 0x00000000e4700000| Untracked 
|  72|0x00000000e4800000, 0x00000000e4800000, 0x00000000e4900000|  0%| F|  |TAMS 0x00000000e4800000, 0x00000000e4800000| Untracked 
|  73|0x00000000e4900000, 0x00000000e4900000, 0x00000000e4a00000|  0%| F|  |TAMS 0x00000000e4900000, 0x00000000e4900000| Untracked 
|  74|0x00000000e4a00000, 0x00000000e4a00000, 0x00000000e4b00000|  0%| F|  |TAMS 0x00000000e4a00000, 0x00000000e4a00000| Untracked 
|  75|0x00000000e4b00000, 0x00000000e4b00000, 0x00000000e4c00000|  0%| F|  |TAMS 0x00000000e4b00000, 0x00000000e4b00000| Untracked 
|  76|0x00000000e4c00000, 0x00000000e4c00000, 0x00000000e4d00000|  0%| F|  |TAMS 0x00000000e4c00000, 0x00000000e4c00000| Untracked 
|  77|0x00000000e4d00000, 0x00000000e4d00000, 0x00000000e4e00000|  0%| F|  |TAMS 0x00000000e4d00000, 0x00000000e4d00000| Untracked 
|  78|0x00000000e4e00000, 0x00000000e4e00000, 0x00000000e4f00000|  0%| F|  |TAMS 0x00000000e4e00000, 0x00000000e4e00000| Untracked 
|  79|0x00000000e4f00000, 0x00000000e4f00000, 0x00000000e5000000|  0%| F|  |TAMS 0x00000000e4f00000, 0x00000000e4f00000| Untracked 
|  80|0x00000000e5000000, 0x00000000e5000000, 0x00000000e5100000|  0%| F|  |TAMS 0x00000000e5000000, 0x00000000e5000000| Untracked 
|  81|0x00000000e5100000, 0x00000000e5100000, 0x00000000e5200000|  0%| F|  |TAMS 0x00000000e5100000, 0x00000000e5100000| Untracked 
|  82|0x00000000e5200000, 0x00000000e5200000, 0x00000000e5300000|  0%| F|  |TAMS 0x00000000e5200000, 0x00000000e5200000| Untracked 
|  83|0x00000000e5300000, 0x00000000e5300000, 0x00000000e5400000|  0%| F|  |TAMS 0x00000000e5300000, 0x00000000e5300000| Untracked 
|  84|0x00000000e5400000, 0x00000000e5400000, 0x00000000e5500000|  0%| F|  |TAMS 0x00000000e5400000, 0x00000000e5400000| Untracked 
|  85|0x00000000e5500000, 0x00000000e5500000, 0x00000000e5600000|  0%| F|  |TAMS 0x00000000e5500000, 0x00000000e5500000| Untracked 
|  86|0x00000000e5600000, 0x00000000e5600000, 0x00000000e5700000|  0%| F|  |TAMS 0x00000000e5600000, 0x00000000e5600000| Untracked 
|  87|0x00000000e5700000, 0x00000000e5700000, 0x00000000e5800000|  0%| F|  |TAMS 0x00000000e5700000, 0x00000000e5700000| Untracked 
|  88|0x00000000e5800000, 0x00000000e5800000, 0x00000000e5900000|  0%| F|  |TAMS 0x00000000e5800000, 0x00000000e5800000| Untracked 
|  89|0x00000000e5900000, 0x00000000e5900000, 0x00000000e5a00000|  0%| F|  |TAMS 0x00000000e5900000, 0x00000000e5900000| Untracked 
|  90|0x00000000e5a00000, 0x00000000e5a00000, 0x00000000e5b00000|  0%| F|  |TAMS 0x00000000e5a00000, 0x00000000e5a00000| Untracked 
|  91|0x00000000e5b00000, 0x00000000e5b00000, 0x00000000e5c00000|  0%| F|  |TAMS 0x00000000e5b00000, 0x00000000e5b00000| Untracked 
|  92|0x00000000e5c00000, 0x00000000e5c00000, 0x00000000e5d00000|  0%| F|  |TAMS 0x00000000e5c00000, 0x00000000e5c00000| Untracked 
|  93|0x00000000e5d00000, 0x00000000e5d00000, 0x00000000e5e00000|  0%| F|  |TAMS 0x00000000e5d00000, 0x00000000e5d00000| Untracked 
|  94|0x00000000e5e00000, 0x00000000e5e00000, 0x00000000e5f00000|  0%| F|  |TAMS 0x00000000e5e00000, 0x00000000e5e00000| Untracked 
|  95|0x00000000e5f00000, 0x00000000e5f00000, 0x00000000e6000000|  0%| F|  |TAMS 0x00000000e5f00000, 0x00000000e5f00000| Untracked 
|  96|0x00000000e6000000, 0x00000000e6000000, 0x00000000e6100000|  0%| F|  |TAMS 0x00000000e6000000, 0x00000000e6000000| Untracked 
|  97|0x00000000e6100000, 0x00000000e6100000, 0x00000000e6200000|  0%| F|  |TAMS 0x00000000e6100000, 0x00000000e6100000| Untracked 
|  98|0x00000000e6200000, 0x00000000e6200000, 0x00000000e6300000|  0%| F|  |TAMS 0x00000000e6200000, 0x00000000e6200000| Untracked 
|  99|0x00000000e6300000, 0x00000000e6300000, 0x00000000e6400000|  0%| F|  |TAMS 0x00000000e6300000, 0x00000000e6300000| Untracked 
| 100|0x00000000e6400000, 0x00000000e6400000, 0x00000000e6500000|  0%| F|  |TAMS 0x00000000e6400000, 0x00000000e6400000| Untracked 
| 101|0x00000000e6500000, 0x00000000e6500000, 0x00000000e6600000|  0%| F|  |TAMS 0x00000000e6500000, 0x00000000e6500000| Untracked 
| 102|0x00000000e6600000, 0x00000000e6600000, 0x00000000e6700000|  0%| F|  |TAMS 0x00000000e6600000, 0x00000000e6600000| Untracked 
| 103|0x00000000e6700000, 0x00000000e6700000, 0x00000000e6800000|  0%| F|  |TAMS 0x00000000e6700000, 0x00000000e6700000| Untracked 
| 104|0x00000000e6800000, 0x00000000e6800000, 0x00000000e6900000|  0%| F|  |TAMS 0x00000000e6800000, 0x00000000e6800000| Untracked 
| 105|0x00000000e6900000, 0x00000000e6900000, 0x00000000e6a00000|  0%| F|  |TAMS 0x00000000e6900000, 0x00000000e6900000| Untracked 
| 106|0x00000000e6a00000, 0x00000000e6a00000, 0x00000000e6b00000|  0%| F|  |TAMS 0x00000000e6a00000, 0x00000000e6a00000| Untracked 
| 107|0x00000000e6b00000, 0x00000000e6b00000, 0x00000000e6c00000|  0%| F|  |TAMS 0x00000000e6b00000, 0x00000000e6b00000| Untracked 
| 108|0x00000000e6c00000, 0x00000000e6c00000, 0x00000000e6d00000|  0%| F|  |TAMS 0x00000000e6c00000, 0x00000000e6c00000| Untracked 
| 109|0x00000000e6d00000, 0x00000000e6d00000, 0x00000000e6e00000|  0%| F|  |TAMS 0x00000000e6d00000, 0x00000000e6d00000| Untracked 
| 110|0x00000000e6e00000, 0x00000000e6e00000, 0x00000000e6f00000|  0%| F|  |TAMS 0x00000000e6e00000, 0x00000000e6e00000| Untracked 
| 111|0x00000000e6f00000, 0x00000000e6f00000, 0x00000000e7000000|  0%| F|  |TAMS 0x00000000e6f00000, 0x00000000e6f00000| Untracked 
| 112|0x00000000e7000000, 0x00000000e7000000, 0x00000000e7100000|  0%| F|  |TAMS 0x00000000e7000000, 0x00000000e7000000| Untracked 
| 113|0x00000000e7100000, 0x00000000e7100000, 0x00000000e7200000|  0%| F|  |TAMS 0x00000000e7100000, 0x00000000e7100000| Untracked 
| 114|0x00000000e7200000, 0x00000000e7200000, 0x00000000e7300000|  0%| F|  |TAMS 0x00000000e7200000, 0x00000000e7200000| Untracked 
| 115|0x00000000e7300000, 0x00000000e7300000, 0x00000000e7400000|  0%| F|  |TAMS 0x00000000e7300000, 0x00000000e7300000| Untracked 
| 116|0x00000000e7400000, 0x00000000e7400000, 0x00000000e7500000|  0%| F|  |TAMS 0x00000000e7400000, 0x00000000e7400000| Untracked 
| 117|0x00000000e7500000, 0x00000000e7500000, 0x00000000e7600000|  0%| F|  |TAMS 0x00000000e7500000, 0x00000000e7500000| Untracked 
| 118|0x00000000e7600000, 0x00000000e7600000, 0x00000000e7700000|  0%| F|  |TAMS 0x00000000e7600000, 0x00000000e7600000| Untracked 
| 119|0x00000000e7700000, 0x00000000e7700000, 0x00000000e7800000|  0%| F|  |TAMS 0x00000000e7700000, 0x00000000e7700000| Untracked 
| 120|0x00000000e7800000, 0x00000000e7800000, 0x00000000e7900000|  0%| F|  |TAMS 0x00000000e7800000, 0x00000000e7800000| Untracked 
| 121|0x00000000e7900000, 0x00000000e7900000, 0x00000000e7a00000|  0%| F|  |TAMS 0x00000000e7900000, 0x00000000e7900000| Untracked 
| 122|0x00000000e7a00000, 0x00000000e7a00000, 0x00000000e7b00000|  0%| F|  |TAMS 0x00000000e7a00000, 0x00000000e7a00000| Untracked 
| 123|0x00000000e7b00000, 0x00000000e7b00000, 0x00000000e7c00000|  0%| F|  |TAMS 0x00000000e7b00000, 0x00000000e7b00000| Untracked 
| 124|0x00000000e7c00000, 0x00000000e7c00000, 0x00000000e7d00000|  0%| F|  |TAMS 0x00000000e7c00000, 0x00000000e7c00000| Untracked 
| 125|0x00000000e7d00000, 0x00000000e7d00000, 0x00000000e7e00000|  0%| F|  |TAMS 0x00000000e7d00000, 0x00000000e7d00000| Untracked 
| 126|0x00000000e7e00000, 0x00000000e7e00000, 0x00000000e7f00000|  0%| F|  |TAMS 0x00000000e7e00000, 0x00000000e7e00000| Untracked 
| 127|0x00000000e7f00000, 0x00000000e7f00000, 0x00000000e8000000|  0%| F|  |TAMS 0x00000000e7f00000, 0x00000000e7f00000| Untracked 
| 128|0x00000000e8000000, 0x00000000e8000000, 0x00000000e8100000|  0%| F|  |TAMS 0x00000000e8000000, 0x00000000e8000000| Untracked 
| 129|0x00000000e8100000, 0x00000000e8100000, 0x00000000e8200000|  0%| F|  |TAMS 0x00000000e8100000, 0x00000000e8100000| Untracked 
| 130|0x00000000e8200000, 0x00000000e8200000, 0x00000000e8300000|  0%| F|  |TAMS 0x00000000e8200000, 0x00000000e8200000| Untracked 
| 131|0x00000000e8300000, 0x00000000e8300000, 0x00000000e8400000|  0%| F|  |TAMS 0x00000000e8300000, 0x00000000e8300000| Untracked 
| 132|0x00000000e8400000, 0x00000000e8400000, 0x00000000e8500000|  0%| F|  |TAMS 0x00000000e8400000, 0x00000000e8400000| Untracked 
| 133|0x00000000e8500000, 0x00000000e8500000, 0x00000000e8600000|  0%| F|  |TAMS 0x00000000e8500000, 0x00000000e8500000| Untracked 
| 134|0x00000000e8600000, 0x00000000e8600000, 0x00000000e8700000|  0%| F|  |TAMS 0x00000000e8600000, 0x00000000e8600000| Untracked 
| 135|0x00000000e8700000, 0x00000000e8700000, 0x00000000e8800000|  0%| F|  |TAMS 0x00000000e8700000, 0x00000000e8700000| Untracked 
| 136|0x00000000e8800000, 0x00000000e8800000, 0x00000000e8900000|  0%| F|  |TAMS 0x00000000e8800000, 0x00000000e8800000| Untracked 
| 137|0x00000000e8900000, 0x00000000e8900000, 0x00000000e8a00000|  0%| F|  |TAMS 0x00000000e8900000, 0x00000000e8900000| Untracked 
| 138|0x00000000e8a00000, 0x00000000e8a00000, 0x00000000e8b00000|  0%| F|  |TAMS 0x00000000e8a00000, 0x00000000e8a00000| Untracked 
| 139|0x00000000e8b00000, 0x00000000e8b00000, 0x00000000e8c00000|  0%| F|  |TAMS 0x00000000e8b00000, 0x00000000e8b00000| Untracked 
| 140|0x00000000e8c00000, 0x00000000e8c00000, 0x00000000e8d00000|  0%| F|  |TAMS 0x00000000e8c00000, 0x00000000e8c00000| Untracked 
| 141|0x00000000e8d00000, 0x00000000e8d00000, 0x00000000e8e00000|  0%| F|  |TAMS 0x00000000e8d00000, 0x00000000e8d00000| Untracked 
| 142|0x00000000e8e00000, 0x00000000e8e00000, 0x00000000e8f00000|  0%| F|  |TAMS 0x00000000e8e00000, 0x00000000e8e00000| Untracked 
| 143|0x00000000e8f00000, 0x00000000e8f00000, 0x00000000e9000000|  0%| F|  |TAMS 0x00000000e8f00000, 0x00000000e8f00000| Untracked 
| 144|0x00000000e9000000, 0x00000000e9000000, 0x00000000e9100000|  0%| F|  |TAMS 0x00000000e9000000, 0x00000000e9000000| Untracked 
| 145|0x00000000e9100000, 0x00000000e9100000, 0x00000000e9200000|  0%| F|  |TAMS 0x00000000e9100000, 0x00000000e9100000| Untracked 
| 146|0x00000000e9200000, 0x00000000e9200000, 0x00000000e9300000|  0%| F|  |TAMS 0x00000000e9200000, 0x00000000e9200000| Untracked 
| 147|0x00000000e9300000, 0x00000000e9300000, 0x00000000e9400000|  0%| F|  |TAMS 0x00000000e9300000, 0x00000000e9300000| Untracked 
| 148|0x00000000e9400000, 0x00000000e9400000, 0x00000000e9500000|  0%| F|  |TAMS 0x00000000e9400000, 0x00000000e9400000| Untracked 
| 149|0x00000000e9500000, 0x00000000e9500000, 0x00000000e9600000|  0%| F|  |TAMS 0x00000000e9500000, 0x00000000e9500000| Untracked 
| 150|0x00000000e9600000, 0x00000000e9600000, 0x00000000e9700000|  0%| F|  |TAMS 0x00000000e9600000, 0x00000000e9600000| Untracked 
| 151|0x00000000e9700000, 0x00000000e9700000, 0x00000000e9800000|  0%| F|  |TAMS 0x00000000e9700000, 0x00000000e9700000| Untracked 
| 152|0x00000000e9800000, 0x00000000e9800000, 0x00000000e9900000|  0%| F|  |TAMS 0x00000000e9800000, 0x00000000e9800000| Untracked 
| 153|0x00000000e9900000, 0x00000000e9900000, 0x00000000e9a00000|  0%| F|  |TAMS 0x00000000e9900000, 0x00000000e9900000| Untracked 
| 154|0x00000000e9a00000, 0x00000000e9a00000, 0x00000000e9b00000|  0%| F|  |TAMS 0x00000000e9a00000, 0x00000000e9a00000| Untracked 
| 155|0x00000000e9b00000, 0x00000000e9b00000, 0x00000000e9c00000|  0%| F|  |TAMS 0x00000000e9b00000, 0x00000000e9b00000| Untracked 
| 156|0x00000000e9c00000, 0x00000000e9c00000, 0x00000000e9d00000|  0%| F|  |TAMS 0x00000000e9c00000, 0x00000000e9c00000| Untracked 
| 157|0x00000000e9d00000, 0x00000000e9d00000, 0x00000000e9e00000|  0%| F|  |TAMS 0x00000000e9d00000, 0x00000000e9d00000| Untracked 
| 158|0x00000000e9e00000, 0x00000000e9e00000, 0x00000000e9f00000|  0%| F|  |TAMS 0x00000000e9e00000, 0x00000000e9e00000| Untracked 
| 159|0x00000000e9f00000, 0x00000000e9f00000, 0x00000000ea000000|  0%| F|  |TAMS 0x00000000e9f00000, 0x00000000e9f00000| Untracked 
| 160|0x00000000ea000000, 0x00000000ea000000, 0x00000000ea100000|  0%| F|  |TAMS 0x00000000ea000000, 0x00000000ea000000| Untracked 
| 161|0x00000000ea100000, 0x00000000ea100000, 0x00000000ea200000|  0%| F|  |TAMS 0x00000000ea100000, 0x00000000ea100000| Untracked 
| 162|0x00000000ea200000, 0x00000000ea200000, 0x00000000ea300000|  0%| F|  |TAMS 0x00000000ea200000, 0x00000000ea200000| Untracked 
| 163|0x00000000ea300000, 0x00000000ea300000, 0x00000000ea400000|  0%| F|  |TAMS 0x00000000ea300000, 0x00000000ea300000| Untracked 
| 164|0x00000000ea400000, 0x00000000ea400000, 0x00000000ea500000|  0%| F|  |TAMS 0x00000000ea400000, 0x00000000ea400000| Untracked 
| 165|0x00000000ea500000, 0x00000000ea500000, 0x00000000ea600000|  0%| F|  |TAMS 0x00000000ea500000, 0x00000000ea500000| Untracked 
| 166|0x00000000ea600000, 0x00000000ea600000, 0x00000000ea700000|  0%| F|  |TAMS 0x00000000ea600000, 0x00000000ea600000| Untracked 
| 167|0x00000000ea700000, 0x00000000ea700000, 0x00000000ea800000|  0%| F|  |TAMS 0x00000000ea700000, 0x00000000ea700000| Untracked 
| 168|0x00000000ea800000, 0x00000000ea800000, 0x00000000ea900000|  0%| F|  |TAMS 0x00000000ea800000, 0x00000000ea800000| Untracked 
| 169|0x00000000ea900000, 0x00000000ea900000, 0x00000000eaa00000|  0%| F|  |TAMS 0x00000000ea900000, 0x00000000ea900000| Untracked 
| 170|0x00000000eaa00000, 0x00000000eaa00000, 0x00000000eab00000|  0%| F|  |TAMS 0x00000000eaa00000, 0x00000000eaa00000| Untracked 
| 171|0x00000000eab00000, 0x00000000eab00000, 0x00000000eac00000|  0%| F|  |TAMS 0x00000000eab00000, 0x00000000eab00000| Untracked 
| 172|0x00000000eac00000, 0x00000000eac00000, 0x00000000ead00000|  0%| F|  |TAMS 0x00000000eac00000, 0x00000000eac00000| Untracked 
| 173|0x00000000ead00000, 0x00000000ead00000, 0x00000000eae00000|  0%| F|  |TAMS 0x00000000ead00000, 0x00000000ead00000| Untracked 
| 174|0x00000000eae00000, 0x00000000eae00000, 0x00000000eaf00000|  0%| F|  |TAMS 0x00000000eae00000, 0x00000000eae00000| Untracked 
| 175|0x00000000eaf00000, 0x00000000eaf00000, 0x00000000eb000000|  0%| F|  |TAMS 0x00000000eaf00000, 0x00000000eaf00000| Untracked 
| 176|0x00000000eb000000, 0x00000000eb000000, 0x00000000eb100000|  0%| F|  |TAMS 0x00000000eb000000, 0x00000000eb000000| Untracked 
| 177|0x00000000eb100000, 0x00000000eb100000, 0x00000000eb200000|  0%| F|  |TAMS 0x00000000eb100000, 0x00000000eb100000| Untracked 
| 178|0x00000000eb200000, 0x00000000eb200000, 0x00000000eb300000|  0%| F|  |TAMS 0x00000000eb200000, 0x00000000eb200000| Untracked 
| 179|0x00000000eb300000, 0x00000000eb300000, 0x00000000eb400000|  0%| F|  |TAMS 0x00000000eb300000, 0x00000000eb300000| Untracked 
| 180|0x00000000eb400000, 0x00000000eb400000, 0x00000000eb500000|  0%| F|  |TAMS 0x00000000eb400000, 0x00000000eb400000| Untracked 
| 181|0x00000000eb500000, 0x00000000eb500000, 0x00000000eb600000|  0%| F|  |TAMS 0x00000000eb500000, 0x00000000eb500000| Untracked 
| 182|0x00000000eb600000, 0x00000000eb600000, 0x00000000eb700000|  0%| F|  |TAMS 0x00000000eb600000, 0x00000000eb600000| Untracked 
| 183|0x00000000eb700000, 0x00000000eb700000, 0x00000000eb800000|  0%| F|  |TAMS 0x00000000eb700000, 0x00000000eb700000| Untracked 
| 184|0x00000000eb800000, 0x00000000eb800000, 0x00000000eb900000|  0%| F|  |TAMS 0x00000000eb800000, 0x00000000eb800000| Untracked 
| 185|0x00000000eb900000, 0x00000000eb900000, 0x00000000eba00000|  0%| F|  |TAMS 0x00000000eb900000, 0x00000000eb900000| Untracked 
| 186|0x00000000eba00000, 0x00000000eba00000, 0x00000000ebb00000|  0%| F|  |TAMS 0x00000000eba00000, 0x00000000eba00000| Untracked 
| 187|0x00000000ebb00000, 0x00000000ebb00000, 0x00000000ebc00000|  0%| F|  |TAMS 0x00000000ebb00000, 0x00000000ebb00000| Untracked 
| 188|0x00000000ebc00000, 0x00000000ebc00000, 0x00000000ebd00000|  0%| F|  |TAMS 0x00000000ebc00000, 0x00000000ebc00000| Untracked 
| 189|0x00000000ebd00000, 0x00000000ebd00000, 0x00000000ebe00000|  0%| F|  |TAMS 0x00000000ebd00000, 0x00000000ebd00000| Untracked 
| 190|0x00000000ebe00000, 0x00000000ebe00000, 0x00000000ebf00000|  0%| F|  |TAMS 0x00000000ebe00000, 0x00000000ebe00000| Untracked 
| 191|0x00000000ebf00000, 0x00000000ebf00000, 0x00000000ec000000|  0%| F|  |TAMS 0x00000000ebf00000, 0x00000000ebf00000| Untracked 
| 192|0x00000000ec000000, 0x00000000ec000000, 0x00000000ec100000|  0%| F|  |TAMS 0x00000000ec000000, 0x00000000ec000000| Untracked 
| 193|0x00000000ec100000, 0x00000000ec100000, 0x00000000ec200000|  0%| F|  |TAMS 0x00000000ec100000, 0x00000000ec100000| Untracked 
| 194|0x00000000ec200000, 0x00000000ec200000, 0x00000000ec300000|  0%| F|  |TAMS 0x00000000ec200000, 0x00000000ec200000| Untracked 
| 195|0x00000000ec300000, 0x00000000ec300000, 0x00000000ec400000|  0%| F|  |TAMS 0x00000000ec300000, 0x00000000ec300000| Untracked 
| 196|0x00000000ec400000, 0x00000000ec4c9b40, 0x00000000ec500000| 78%| E|  |TAMS 0x00000000ec400000, 0x00000000ec400000| Complete 
| 197|0x00000000ec500000, 0x00000000ec600000, 0x00000000ec600000|100%| E|CS|TAMS 0x00000000ec500000, 0x00000000ec500000| Complete 
| 198|0x00000000ec600000, 0x00000000ec700000, 0x00000000ec700000|100%| E|CS|TAMS 0x00000000ec600000, 0x00000000ec600000| Complete 
| 199|0x00000000ec700000, 0x00000000ec800000, 0x00000000ec800000|100%| E|CS|TAMS 0x00000000ec700000, 0x00000000ec700000| Complete 
| 200|0x00000000ec800000, 0x00000000ec900000, 0x00000000ec900000|100%| E|CS|TAMS 0x00000000ec800000, 0x00000000ec800000| Complete 
| 201|0x00000000ec900000, 0x00000000eca00000, 0x00000000eca00000|100%| E|CS|TAMS 0x00000000ec900000, 0x00000000ec900000| Complete 
| 202|0x00000000eca00000, 0x00000000ecb00000, 0x00000000ecb00000|100%| E|CS|TAMS 0x00000000eca00000, 0x00000000eca00000| Complete 
| 203|0x00000000ecb00000, 0x00000000ecc00000, 0x00000000ecc00000|100%| E|  |TAMS 0x00000000ecb00000, 0x00000000ecb00000| Complete 
| 204|0x00000000ecc00000, 0x00000000ecd00000, 0x00000000ecd00000|100%| E|CS|TAMS 0x00000000ecc00000, 0x00000000ecc00000| Complete 
| 205|0x00000000ecd00000, 0x00000000ece00000, 0x00000000ece00000|100%| E|CS|TAMS 0x00000000ecd00000, 0x00000000ecd00000| Complete 
| 206|0x00000000ece00000, 0x00000000ecf00000, 0x00000000ecf00000|100%| E|CS|TAMS 0x00000000ece00000, 0x00000000ece00000| Complete 
| 207|0x00000000ecf00000, 0x00000000ed000000, 0x00000000ed000000|100%| E|CS|TAMS 0x00000000ecf00000, 0x00000000ecf00000| Complete 
| 208|0x00000000ed000000, 0x00000000ed100000, 0x00000000ed100000|100%| E|CS|TAMS 0x00000000ed000000, 0x00000000ed000000| Complete 
| 209|0x00000000ed100000, 0x00000000ed200000, 0x00000000ed200000|100%| E|CS|TAMS 0x00000000ed100000, 0x00000000ed100000| Complete 
| 210|0x00000000ed200000, 0x00000000ed300000, 0x00000000ed300000|100%| E|CS|TAMS 0x00000000ed200000, 0x00000000ed200000| Complete 
| 211|0x00000000ed300000, 0x00000000ed400000, 0x00000000ed400000|100%| E|CS|TAMS 0x00000000ed300000, 0x00000000ed300000| Complete 
| 212|0x00000000ed400000, 0x00000000ed500000, 0x00000000ed500000|100%| E|CS|TAMS 0x00000000ed400000, 0x00000000ed400000| Complete 
| 213|0x00000000ed500000, 0x00000000ed600000, 0x00000000ed600000|100%| E|CS|TAMS 0x00000000ed500000, 0x00000000ed500000| Complete 
| 214|0x00000000ed600000, 0x00000000ed700000, 0x00000000ed700000|100%| E|CS|TAMS 0x00000000ed600000, 0x00000000ed600000| Complete 
| 215|0x00000000ed700000, 0x00000000ed800000, 0x00000000ed800000|100%| E|CS|TAMS 0x00000000ed700000, 0x00000000ed700000| Complete 
| 216|0x00000000ed800000, 0x00000000ed900000, 0x00000000ed900000|100%| E|CS|TAMS 0x00000000ed800000, 0x00000000ed800000| Complete 
| 217|0x00000000ed900000, 0x00000000eda00000, 0x00000000eda00000|100%| E|CS|TAMS 0x00000000ed900000, 0x00000000ed900000| Complete 
| 218|0x00000000eda00000, 0x00000000edb00000, 0x00000000edb00000|100%| E|CS|TAMS 0x00000000eda00000, 0x00000000eda00000| Complete 
| 219|0x00000000edb00000, 0x00000000edc00000, 0x00000000edc00000|100%| E|CS|TAMS 0x00000000edb00000, 0x00000000edb00000| Complete 
| 220|0x00000000edc00000, 0x00000000edd00000, 0x00000000edd00000|100%| E|CS|TAMS 0x00000000edc00000, 0x00000000edc00000| Complete 
| 221|0x00000000edd00000, 0x00000000ede00000, 0x00000000ede00000|100%| E|CS|TAMS 0x00000000edd00000, 0x00000000edd00000| Complete 
| 222|0x00000000ede00000, 0x00000000edf00000, 0x00000000edf00000|100%| E|CS|TAMS 0x00000000ede00000, 0x00000000ede00000| Complete 
| 223|0x00000000edf00000, 0x00000000ee000000, 0x00000000ee000000|100%| E|CS|TAMS 0x00000000edf00000, 0x00000000edf00000| Complete 
| 224|0x00000000ee000000, 0x00000000ee100000, 0x00000000ee100000|100%| E|CS|TAMS 0x00000000ee000000, 0x00000000ee000000| Complete 
| 225|0x00000000ee100000, 0x00000000ee200000, 0x00000000ee200000|100%| E|CS|TAMS 0x00000000ee100000, 0x00000000ee100000| Complete 
| 226|0x00000000ee200000, 0x00000000ee300000, 0x00000000ee300000|100%| E|CS|TAMS 0x00000000ee200000, 0x00000000ee200000| Complete 
| 227|0x00000000ee300000, 0x00000000ee400000, 0x00000000ee400000|100%| E|CS|TAMS 0x00000000ee300000, 0x00000000ee300000| Complete 
| 228|0x00000000ee400000, 0x00000000ee500000, 0x00000000ee500000|100%| E|CS|TAMS 0x00000000ee400000, 0x00000000ee400000| Complete 
| 229|0x00000000ee500000, 0x00000000ee600000, 0x00000000ee600000|100%| E|CS|TAMS 0x00000000ee500000, 0x00000000ee500000| Complete 
| 230|0x00000000ee600000, 0x00000000ee700000, 0x00000000ee700000|100%| E|CS|TAMS 0x00000000ee600000, 0x00000000ee600000| Complete 
| 231|0x00000000ee700000, 0x00000000ee800000, 0x00000000ee800000|100%| E|CS|TAMS 0x00000000ee700000, 0x00000000ee700000| Complete 
| 232|0x00000000ee800000, 0x00000000ee900000, 0x00000000ee900000|100%| E|CS|TAMS 0x00000000ee800000, 0x00000000ee800000| Complete 
| 233|0x00000000ee900000, 0x00000000eea00000, 0x00000000eea00000|100%| E|CS|TAMS 0x00000000ee900000, 0x00000000ee900000| Complete 
| 234|0x00000000eea00000, 0x00000000eeb00000, 0x00000000eeb00000|100%| E|CS|TAMS 0x00000000eea00000, 0x00000000eea00000| Complete 
| 235|0x00000000eeb00000, 0x00000000eec00000, 0x00000000eec00000|100%| E|CS|TAMS 0x00000000eeb00000, 0x00000000eeb00000| Complete 
| 236|0x00000000eec00000, 0x00000000eed00000, 0x00000000eed00000|100%| E|CS|TAMS 0x00000000eec00000, 0x00000000eec00000| Complete 
| 237|0x00000000eed00000, 0x00000000eee00000, 0x00000000eee00000|100%| E|CS|TAMS 0x00000000eed00000, 0x00000000eed00000| Complete 
| 238|0x00000000eee00000, 0x00000000eef00000, 0x00000000eef00000|100%| E|CS|TAMS 0x00000000eee00000, 0x00000000eee00000| Complete 
| 239|0x00000000eef00000, 0x00000000ef000000, 0x00000000ef000000|100%| E|CS|TAMS 0x00000000eef00000, 0x00000000eef00000| Complete 
| 240|0x00000000ef000000, 0x00000000ef100000, 0x00000000ef100000|100%| E|CS|TAMS 0x00000000ef000000, 0x00000000ef000000| Complete 
| 241|0x00000000ef100000, 0x00000000ef200000, 0x00000000ef200000|100%| E|CS|TAMS 0x00000000ef100000, 0x00000000ef100000| Complete 
| 242|0x00000000ef200000, 0x00000000ef280000, 0x00000000ef300000| 50%| S|CS|TAMS 0x00000000ef200000, 0x00000000ef200000| Complete 
| 243|0x00000000ef300000, 0x00000000ef400000, 0x00000000ef400000|100%| S|CS|TAMS 0x00000000ef300000, 0x00000000ef300000| Complete 
| 244|0x00000000ef400000, 0x00000000ef500000, 0x00000000ef500000|100%| S|CS|TAMS 0x00000000ef400000, 0x00000000ef400000| Complete 
| 245|0x00000000ef500000, 0x00000000ef600000, 0x00000000ef600000|100%| E|CS|TAMS 0x00000000ef500000, 0x00000000ef500000| Complete 
| 246|0x00000000ef600000, 0x00000000ef700000, 0x00000000ef700000|100%| E|CS|TAMS 0x00000000ef600000, 0x00000000ef600000| Complete 
| 247|0x00000000ef700000, 0x00000000ef800000, 0x00000000ef800000|100%| E|CS|TAMS 0x00000000ef700000, 0x00000000ef700000| Complete 
| 248|0x00000000ef800000, 0x00000000ef900000, 0x00000000ef900000|100%| E|CS|TAMS 0x00000000ef800000, 0x00000000ef800000| Complete 
| 249|0x00000000ef900000, 0x00000000efa00000, 0x00000000efa00000|100%| E|CS|TAMS 0x00000000ef900000, 0x00000000ef900000| Complete 
| 250|0x00000000efa00000, 0x00000000efb00000, 0x00000000efb00000|100%| E|CS|TAMS 0x00000000efa00000, 0x00000000efa00000| Complete 
| 251|0x00000000efb00000, 0x00000000efc00000, 0x00000000efc00000|100%| E|CS|TAMS 0x00000000efb00000, 0x00000000efb00000| Complete 
| 252|0x00000000efc00000, 0x00000000efd00000, 0x00000000efd00000|100%| E|CS|TAMS 0x00000000efc00000, 0x00000000efc00000| Complete 
| 253|0x00000000efd00000, 0x00000000efe00000, 0x00000000efe00000|100%| E|CS|TAMS 0x00000000efd00000, 0x00000000efd00000| Complete 
| 254|0x00000000efe00000, 0x00000000eff00000, 0x00000000eff00000|100%| E|CS|TAMS 0x00000000efe00000, 0x00000000efe00000| Complete 
| 255|0x00000000eff00000, 0x00000000f0000000, 0x00000000f0000000|100%| E|CS|TAMS 0x00000000eff00000, 0x00000000eff00000| Complete 

Card table byte_map: [0x000002797d980000,0x000002797da80000] _byte_map_base: 0x000002797d280000

Marking Bits (Prev, Next): (CMBitMap*) 0x00000279743d3030, (CMBitMap*) 0x00000279743d2ff8
 Prev Bits: [0x000002797e380000, 0x000002797eb80000)
 Next Bits: [0x000002797db80000, 0x000002797e380000)

Polling page: 0x0000027974480000

Metaspace:

Usage:
  Non-class:     57.49 MB capacity,    56.02 MB ( 97%) used,     1.26 MB (  2%) free+waste,   219.63 KB ( <1%) overhead. 
      Class:      9.34 MB capacity,     8.46 MB ( 91%) used,   791.54 KB (  8%) free+waste,   107.63 KB (  1%) overhead. 
       Both:     66.82 MB capacity,    64.47 MB ( 96%) used,     2.03 MB (  3%) free+waste,   327.25 KB ( <1%) overhead. 

Virtual space:
  Non-class space:       58.00 MB reserved,      57.59 MB (>99%) committed 
      Class space:      248.00 MB reserved,       9.45 MB (  4%) committed 
             Both:      306.00 MB reserved,      67.04 MB ( 22%) committed 

Chunk freelists:
   Non-Class:  5.13 KB
       Class:  1.00 KB
        Both:  6.13 KB

CodeHeap 'non-profiled nmethods': size=120064Kb used=5114Kb max_used=5114Kb free=114950Kb
 bounds [0x0000027907ac0000, 0x0000027907fc0000, 0x000002790f000000]
CodeHeap 'profiled nmethods': size=120000Kb used=15183Kb max_used=15183Kb free=104816Kb
 bounds [0x0000027900590000, 0x0000027901470000, 0x0000027907ac0000]
CodeHeap 'non-nmethods': size=5696Kb used=2337Kb max_used=2387Kb free=3358Kb
 bounds [0x0000027900000000, 0x0000027900270000, 0x0000027900590000]
 total_blobs=7544 nmethods=6701 adapters=762
 compilation: enabled
              stopped_count=0, restarted_count=0
 full_count=0

Compilation events (10 events):
Event: 30.863 Thread 0x000002797f1d9800 6735       3       com.sun.tools.javac.tree.JCTree$JCModifiers::accept (6 bytes)
Event: 30.863 Thread 0x000002797f1d9800 nmethod 6735 0x000002790145fa10 code [0x000002790145fbc0, 0x000002790145fd88]
Event: 30.863 Thread 0x000002797f1d9800 6736       3       com.sun.tools.javac.tree.TreeScanner::visitModifiers (9 bytes)
Event: 30.864 Thread 0x000002797f1d9800 nmethod 6736 0x000002790145fe90 code [0x0000027901460060, 0x0000027901460628]
Event: 30.867 Thread 0x000002797f1d9800 6738       3       com.sun.tools.javac.code.ModuleFinder::findModule (81 bytes)
Event: 30.867 Thread 0x000002797f1d9800 nmethod 6738 0x0000027901460810 code [0x0000027901460a00, 0x0000027901460ea8]
Event: 30.879 Thread 0x000002797f1d9800 6739       3       com.sun.tools.javac.code.Symbol::packge (25 bytes)
Event: 30.879 Thread 0x000002797f1d9800 nmethod 6739 0x0000027901461010 code [0x00000279014611c0, 0x0000027901461478]
Event: 30.879 Thread 0x000002797f1d9800 6740       3       com.sun.tools.javac.code.Symbol$PackageSymbol::members (9 bytes)
Event: 30.879 Thread 0x000002797f1d9800 nmethod 6740 0x0000027901461590 code [0x0000027901461740, 0x0000027901461ac8]

GC Heap History (10 events):
Event: 12.892 GC heap before
{Heap before GC invocations=8 (full 0):
 garbage-first heap   total 262144K, used 29474K [0x00000000e0000000, 0x0000000100000000)
  region size 1024K, 15 young (15360K), 6 survivors (6144K)
 Metaspace       used 34961K, capacity 35808K, committed 35968K, reserved 286720K
  class space    used 4535K, capacity 4868K, committed 4992K, reserved 253952K
}
Event: 12.917 GC heap after
{Heap after GC invocations=9 (full 0):
 garbage-first heap   total 262144K, used 22592K [0x00000000e0000000, 0x0000000100000000)
  region size 1024K, 7 young (7168K), 7 survivors (7168K)
 Metaspace       used 34961K, capacity 35808K, committed 35968K, reserved 286720K
  class space    used 4535K, capacity 4868K, committed 4992K, reserved 253952K
}
Event: 16.060 GC heap before
{Heap before GC invocations=10 (full 0):
 garbage-first heap   total 262144K, used 103488K [0x00000000e0000000, 0x0000000100000000)
  region size 1024K, 83 young (84992K), 7 survivors (7168K)
 Metaspace       used 41924K, capacity 42969K, committed 43036K, reserved 292864K
  class space    used 5348K, capacity 5719K, committed 5760K, reserved 253952K
}
Event: 16.082 GC heap after
{Heap after GC invocations=11 (full 0):
 garbage-first heap   total 262144K, used 27790K [0x00000000e0000000, 0x0000000100000000)
  region size 1024K, 11 young (11264K), 11 survivors (11264K)
 Metaspace       used 41924K, capacity 42969K, committed 43036K, reserved 292864K
  class space    used 5348K, capacity 5719K, committed 5760K, reserved 253952K
}
Event: 18.974 GC heap before
{Heap before GC invocations=11 (full 0):
 garbage-first heap   total 262144K, used 133262K [0x00000000e0000000, 0x0000000100000000)
  region size 1024K, 114 young (116736K), 11 survivors (11264K)
 Metaspace       used 50391K, capacity 51815K, committed 52124K, reserved 299008K
  class space    used 6532K, capacity 7060K, committed 7168K, reserved 253952K
}
Event: 19.000 GC heap after
{Heap after GC invocations=12 (full 0):
 garbage-first heap   total 262144K, used 34601K [0x00000000e0000000, 0x0000000100000000)
  region size 1024K, 14 young (14336K), 14 survivors (14336K)
 Metaspace       used 50391K, capacity 51815K, committed 52124K, reserved 299008K
  class space    used 6532K, capacity 7060K, committed 7168K, reserved 253952K
}
Event: 23.442 GC heap before
{Heap before GC invocations=12 (full 0):
 garbage-first heap   total 262144K, used 168745K [0x00000000e0000000, 0x0000000100000000)
  region size 1024K, 145 young (148480K), 14 survivors (14336K)
 Metaspace       used 56812K, capacity 58820K, committed 59036K, reserved 305152K
  class space    used 7556K, capacity 8321K, committed 8448K, reserved 253952K
}
Event: 23.484 GC heap after
{Heap after GC invocations=13 (full 0):
 garbage-first heap   total 262144K, used 45863K [0x00000000e0000000, 0x0000000100000000)
  region size 1024K, 19 young (19456K), 19 survivors (19456K)
 Metaspace       used 56812K, capacity 58820K, committed 59036K, reserved 305152K
  class space    used 7556K, capacity 8321K, committed 8448K, reserved 253952K
}
Event: 24.205 GC heap before
{Heap before GC invocations=13 (full 0):
 garbage-first heap   total 262144K, used 56103K [0x00000000e0000000, 0x0000000100000000)
  region size 1024K, 30 young (30720K), 19 survivors (19456K)
 Metaspace       used 58633K, capacity 60605K, committed 60636K, reserved 307200K
  class space    used 7796K, capacity 8556K, committed 8576K, reserved 253952K
}
Event: 24.235 GC heap after
{Heap after GC invocations=14 (full 0):
 garbage-first heap   total 262144K, used 47348K [0x00000000e0000000, 0x0000000100000000)
  region size 1024K, 3 young (3072K), 3 survivors (3072K)
 Metaspace       used 58633K, capacity 60605K, committed 60636K, reserved 307200K
  class space    used 7796K, capacity 8556K, committed 8576K, reserved 253952K
}

Deoptimization events (10 events):
Event: 27.059 Thread 0x0000027912fe2000 Uncommon trap: reason=array_check action=maybe_recompile pc=0x0000027907f344ec method=java.util.AbstractCollection.toArray([Ljava/lang/Object;)[Ljava/lang/Object; @ 116 c2
Event: 27.374 Thread 0x0000027912fe2000 Uncommon trap: reason=unstable_if action=reinterpret pc=0x0000027907eb149c method=java.util.Spliterator.getExactSizeIfKnown()J @ 9 c2
Event: 29.007 Thread 0x0000027912fe2000 Uncommon trap: reason=bimorphic_or_optimized_type_check action=maybe_recompile pc=0x0000027907f98d00 method=java.util.zip.InflaterInputStream.read([BII)I @ 100 c2
Event: 29.007 Thread 0x0000027912fe2000 Uncommon trap: reason=bimorphic_or_optimized_type_check action=maybe_recompile pc=0x0000027907f98d00 method=java.util.zip.InflaterInputStream.read([BII)I @ 100 c2
Event: 29.007 Thread 0x0000027912fe2000 Uncommon trap: reason=bimorphic_or_optimized_type_check action=maybe_recompile pc=0x0000027907f98d00 method=java.util.zip.InflaterInputStream.read([BII)I @ 100 c2
Event: 29.007 Thread 0x0000027912fe2000 Uncommon trap: reason=bimorphic_or_optimized_type_check action=maybe_recompile pc=0x0000027907f98d00 method=java.util.zip.InflaterInputStream.read([BII)I @ 100 c2
Event: 29.801 Thread 0x0000027912fe2000 Uncommon trap: reason=unstable_if action=reinterpret pc=0x0000027907f59188 method=java.util.regex.Pattern.escape(ZZZ)I @ 8 c2
Event: 29.801 Thread 0x0000027912fe2000 Uncommon trap: reason=unloaded action=reinterpret pc=0x0000027907f66294 method=java.util.regex.Pattern.sequence(Ljava/util/regex/Pattern$Node;)Ljava/util/regex/Pattern$Node; @ 387 c2
Event: 29.801 Thread 0x0000027912fe2000 Uncommon trap: reason=unstable_if action=reinterpret pc=0x0000027907c5abe0 method=java.util.regex.Pattern.has(I)Z @ 6 c2
Event: 30.282 Thread 0x0000027912fe2000 Uncommon trap: reason=unstable_if action=reinterpret pc=0x0000027907f04378 method=java.lang.String.split(Ljava/lang/String;I)[Ljava/lang/String; @ 105 c2

Classes redefined (0 events):
No events

Internal exceptions (10 events):
Event: 28.113 Thread 0x0000027912fe2000 Exception <a 'sun/nio/fs/WindowsException'{0x00000000ee5464f8}> (0x00000000ee5464f8) thrown at [./open/src/hotspot/share/prims/jni.cpp, line 611]
Event: 28.113 Thread 0x0000027912fe2000 Exception <a 'sun/nio/fs/WindowsException'{0x00000000ee5468b8}> (0x00000000ee5468b8) thrown at [./open/src/hotspot/share/prims/jni.cpp, line 611]
Event: 28.123 Thread 0x0000027912fe2000 Exception <a 'sun/nio/fs/WindowsException'{0x00000000ee587870}> (0x00000000ee587870) thrown at [./open/src/hotspot/share/prims/jni.cpp, line 611]
Event: 28.124 Thread 0x0000027912fe2000 Exception <a 'sun/nio/fs/WindowsException'{0x00000000ee587bc8}> (0x00000000ee587bc8) thrown at [./open/src/hotspot/share/prims/jni.cpp, line 611]
Event: 28.214 Thread 0x0000027912fe2000 Exception <a 'sun/nio/fs/WindowsException'{0x00000000ee22b310}> (0x00000000ee22b310) thrown at [./open/src/hotspot/share/prims/jni.cpp, line 611]
Event: 28.216 Thread 0x0000027912fe2000 Exception <a 'sun/nio/fs/WindowsException'{0x00000000ee22b660}> (0x00000000ee22b660) thrown at [./open/src/hotspot/share/prims/jni.cpp, line 611]
Event: 28.221 Thread 0x0000027912fe2000 Exception <a 'sun/nio/fs/WindowsException'{0x00000000ee25c6d8}> (0x00000000ee25c6d8) thrown at [./open/src/hotspot/share/prims/jni.cpp, line 611]
Event: 28.221 Thread 0x0000027912fe2000 Exception <a 'sun/nio/fs/WindowsException'{0x00000000ee25ca08}> (0x00000000ee25ca08) thrown at [./open/src/hotspot/share/prims/jni.cpp, line 611]
Event: 28.248 Thread 0x0000027912fe2000 Exception <a 'sun/nio/fs/WindowsException'{0x00000000ee2bad28}> (0x00000000ee2bad28) thrown at [./open/src/hotspot/share/prims/jni.cpp, line 611]
Event: 28.248 Thread 0x0000027912fe2000 Exception <a 'sun/nio/fs/WindowsException'{0x00000000ee2bb048}> (0x00000000ee2bb048) thrown at [./open/src/hotspot/share/prims/jni.cpp, line 611]

Events (10 events):
Event: 30.883 Thread 0x0000027912fe2000 DEOPT PACKING pc=0x00000279013469fc sp=0x000000afb7df66b0
Event: 30.883 Thread 0x0000027912fe2000 DEOPT UNPACKING pc=0x000002790003b8de sp=0x000000afb7df5c50 mode 1
Event: 30.883 Thread 0x0000027912fe2000 DEOPT PACKING pc=0x0000027901345ccc sp=0x000000afb7df6810
Event: 30.883 Thread 0x0000027912fe2000 DEOPT UNPACKING pc=0x000002790003b8de sp=0x000000afb7df5cb8 mode 1
Event: 30.883 Thread 0x0000027912fe2000 DEOPT PACKING pc=0x000002790131899c sp=0x000000afb7df6860
Event: 30.883 Thread 0x0000027912fe2000 DEOPT UNPACKING pc=0x000002790003b8de sp=0x000000afb7df5d28 mode 1
Event: 30.883 Thread 0x0000027912fe2000 DEOPT PACKING pc=0x000002790134a8cc sp=0x000000afb7df6940
Event: 30.883 Thread 0x0000027912fe2000 DEOPT UNPACKING pc=0x000002790003b8de sp=0x000000afb7df5ec8 mode 1
Event: 30.883 Thread 0x0000027912fe2000 DEOPT PACKING pc=0x00000279013490d4 sp=0x000000afb7df6aa0
Event: 30.883 Thread 0x0000027912fe2000 DEOPT UNPACKING pc=0x000002790003b8de sp=0x000000afb7df5f98 mode 1


Dynamic libraries:
0x00007ff7d7c00000 - 0x00007ff7d7c0f000 	C:\Program Files\Java\jdk-11.0.17\bin\java.exe
0x00007ff91fdd0000 - 0x00007ff91ffbe000 	C:\Windows\SYSTEM32\ntdll.dll
0x00007ff91e260000 - 0x00007ff91e313000 	C:\Windows\System32\KERNEL32.DLL
0x00007ff91cb60000 - 0x00007ff91cdfc000 	C:\Windows\System32\KERNELBASE.dll
0x00007ff91cf00000 - 0x00007ff91cffa000 	C:\Windows\System32\ucrtbase.dll
0x00007ff911d00000 - 0x00007ff911d18000 	C:\Program Files\Java\jdk-11.0.17\bin\jli.dll
0x00007ff911bf0000 - 0x00007ff911c05000 	C:\Program Files\Java\jdk-11.0.17\bin\VCRUNTIME140.dll
0x00007ff91db40000 - 0x00007ff91dbe7000 	C:\Windows\System32\ADVAPI32.dll
0x00007ff91e0b0000 - 0x00007ff91e14e000 	C:\Windows\System32\msvcrt.dll
0x00007ff91d8f0000 - 0x00007ff91d98f000 	C:\Windows\System32\sechost.dll
0x00007ff91f820000 - 0x00007ff91f93d000 	C:\Windows\System32\RPCRT4.dll
0x00007ff91d2d0000 - 0x00007ff91d468000 	C:\Windows\System32\USER32.dll
0x00007ff90d210000 - 0x00007ff90d489000 	C:\Windows\WinSxS\amd64_microsoft.windows.common-controls_6595b64144ccf1df_6.0.17763.4131_none_de70d21e534b9adf\COMCTL32.dll
0x00007ff91cb40000 - 0x00007ff91cb60000 	C:\Windows\System32\win32u.dll
0x00007ff91f940000 - 0x00007ff91fc6c000 	C:\Windows\System32\combase.dll
0x00007ff91e080000 - 0x00007ff91e0a9000 	C:\Windows\System32\GDI32.dll
0x00007ff91c9a0000 - 0x00007ff91cb40000 	C:\Windows\System32\gdi32full.dll
0x00007ff91c910000 - 0x00007ff91c992000 	C:\Windows\System32\bcryptPrimitives.dll
0x00007ff91be70000 - 0x00007ff91bf10000 	C:\Windows\System32\msvcp_win.dll
0x00007ff917650000 - 0x00007ff91765a000 	C:\Windows\SYSTEM32\VERSION.dll
0x00007ff91d6b0000 - 0x00007ff91d6de000 	C:\Windows\System32\IMM32.DLL
0x00007ff90e290000 - 0x00007ff90e32b000 	C:\Program Files\Java\jdk-11.0.17\bin\msvcp140.dll
0x00007ff8f6090000 - 0x00007ff8f6baa000 	C:\Program Files\Java\jdk-11.0.17\bin\server\jvm.dll
0x00007ff91d520000 - 0x00007ff91d528000 	C:\Windows\System32\PSAPI.DLL
0x00007ff911b30000 - 0x00007ff911b39000 	C:\Windows\SYSTEM32\WSOCK32.dll
0x00007ff91d5d0000 - 0x00007ff91d63d000 	C:\Windows\System32\WS2_32.dll
0x00007ff919730000 - 0x00007ff919754000 	C:\Windows\SYSTEM32\WINMM.dll
0x00007ff919700000 - 0x00007ff91972d000 	C:\Windows\SYSTEM32\WINMMBASE.dll
0x00007ff91ceb0000 - 0x00007ff91cefa000 	C:\Windows\System32\cfgmgr32.dll
0x00007ff91be50000 - 0x00007ff91be61000 	C:\Windows\System32\kernel.appcore.dll
0x00007ff914a30000 - 0x00007ff914a40000 	C:\Program Files\Java\jdk-11.0.17\bin\verify.dll
0x00007ff906d70000 - 0x00007ff906f5d000 	C:\Windows\SYSTEM32\DBGHELP.DLL
0x00007ff906d40000 - 0x00007ff906d6a000 	C:\Windows\SYSTEM32\dbgcore.DLL
0x00007ff910370000 - 0x00007ff910398000 	C:\Program Files\Java\jdk-11.0.17\bin\java.dll
0x00007ff913310000 - 0x00007ff91331a000 	C:\Program Files\Java\jdk-11.0.17\bin\jimage.dll
0x00007ff9104e0000 - 0x00007ff910518000 	C:\Program Files\Java\jdk-11.0.17\bin\jdwp.dll
0x00007ff910350000 - 0x00007ff910366000 	C:\Program Files\Java\jdk-11.0.17\bin\zip.dll
0x00007ff91e320000 - 0x00007ff91f818000 	C:\Windows\System32\SHELL32.dll
0x00007ff91d470000 - 0x00007ff91d517000 	C:\Windows\System32\shcore.dll
0x00007ff91c1c0000 - 0x00007ff91c909000 	C:\Windows\System32\windows.storage.dll
0x00007ff91be20000 - 0x00007ff91be43000 	C:\Windows\System32\profapi.dll
0x00007ff91bdc0000 - 0x00007ff91be1d000 	C:\Windows\System32\powrprof.dll
0x00007ff91e200000 - 0x00007ff91e252000 	C:\Windows\System32\shlwapi.dll
0x00007ff91bf10000 - 0x00007ff91bf2b000 	C:\Windows\System32\cryptsp.dll
0x00007ff9104d0000 - 0x00007ff9104da000 	C:\Program Files\Java\jdk-11.0.17\bin\dt_socket.dll
0x00007ff91b540000 - 0x00007ff91b5a7000 	C:\Windows\system32\mswsock.dll
0x00007ff9102e0000 - 0x00007ff9102f9000 	C:\Program Files\Java\jdk-11.0.17\bin\net.dll
0x00007ff911fb0000 - 0x00007ff9120af000 	C:\Windows\SYSTEM32\WINHTTP.dll
0x00007ff9102c0000 - 0x00007ff9102d2000 	C:\Program Files\Java\jdk-11.0.17\bin\nio.dll
0x00007ff911eb0000 - 0x00007ff911ed7000 	C:\Users\Lenovo\.gradle\native\e1d6ef7f7dcc3fd88c89a11ec53ec762bb8ba0a96d01ffa2cd45eb1d1d8dd5c5\windows-amd64\native-platform.dll
0x00007ff8f5170000 - 0x00007ff8f52b4000 	C:\Users\Lenovo\.gradle\native\0d407fdbe67a94daf76414ababcb853783967236a71b16ec16e742cd7a986fd3\windows-amd64\native-platform-file-events.dll
0x00007ff911cf0000 - 0x00007ff911cf9000 	C:\Program Files\Java\jdk-11.0.17\bin\management.dll
0x00007ff911cc0000 - 0x00007ff911ccb000 	C:\Program Files\Java\jdk-11.0.17\bin\management_ext.dll
0x00007ff91b0d0000 - 0x00007ff91b103000 	C:\Windows\system32\rsaenh.dll
0x00007ff91bf30000 - 0x00007ff91bf56000 	C:\Windows\System32\bcrypt.dll
0x00007ff91bcd0000 - 0x00007ff91bcf9000 	C:\Windows\SYSTEM32\USERENV.dll
0x00007ff91b6c0000 - 0x00007ff91b6cc000 	C:\Windows\SYSTEM32\CRYPTBASE.dll
0x00007ff91b260000 - 0x00007ff91b29d000 	C:\Windows\SYSTEM32\IPHLPAPI.DLL
0x00007ff91d6a0000 - 0x00007ff91d6a8000 	C:\Windows\System32\NSI.dll
0x00007ff912ef0000 - 0x00007ff912f06000 	C:\Windows\SYSTEM32\dhcpcsvc6.DLL
0x00007ff912ed0000 - 0x00007ff912eec000 	C:\Windows\SYSTEM32\dhcpcsvc.DLL
0x00007ff91b2a0000 - 0x00007ff91b366000 	C:\Windows\SYSTEM32\DNSAPI.dll

dbghelp: loaded successfully - version: 4.0.5 - missing functions: none
symbol engine: initialized successfully - sym options: 0x614 - pdb path: .;C:\Program Files\Java\jdk-11.0.17\bin;C:\Windows\SYSTEM32;C:\Windows\WinSxS\amd64_microsoft.windows.common-controls_6595b64144ccf1df_6.0.17763.4131_none_de70d21e534b9adf;C:\Program Files\Java\jdk-11.0.17\bin\server;C:\Users\Lenovo\.gradle\native\e1d6ef7f7dcc3fd88c89a11ec53ec762bb8ba0a96d01ffa2cd45eb1d1d8dd5c5\windows-amd64;C:\Users\Lenovo\.gradle\native\0d407fdbe67a94daf76414ababcb853783967236a71b16ec16e742cd7a986fd3\windows-amd64

VM Arguments:
jvm_args: -XX:MaxMetaspaceSize=256m -XX:+HeapDumpOnOutOfMemoryError -agentlib:jdwp=transport=dt_socket,server=n,suspend=y,address=127.0.0.1:51327 --add-opens=java.base/java.util=ALL-UNNAMED --add-opens=java.base/java.lang=ALL-UNNAMED --add-opens=java.base/java.lang.invoke=ALL-UNNAMED --add-opens=java.base/java.util=ALL-UNNAMED --add-opens=java.prefs/java.util.prefs=ALL-UNNAMED --add-opens=java.prefs/java.util.prefs=ALL-UNNAMED --add-opens=java.base/java.nio.charset=ALL-UNNAMED --add-opens=java.base/java.net=ALL-UNNAMED --add-opens=java.base/java.util.concurrent.atomic=ALL-UNNAMED -Xms256m -Xmx512m -Dfile.encoding=windows-1251 -Duser.country=UA -Duser.language=uk -Duser.variant 
java_command: org.gradle.launcher.daemon.bootstrap.GradleDaemon 7.4
java_class_path (initial): C:\Users\Lenovo\.gradle\wrapper\dists\gradle-7.4-bin\c0gwcg53nkjbqw7r0h0umtfvt\gradle-7.4\lib\gradle-launcher-7.4.jar
Launcher Type: SUN_STANDARD

[Global flags]
     intx CICompilerCount                          = 3                                         {product} {ergonomic}
   size_t CompressedClassSpaceSize                 = 260046848                                 {product} {ergonomic}
     uint ConcGCThreads                            = 1                                         {product} {ergonomic}
     uint G1ConcRefinementThreads                  = 4                                         {product} {ergonomic}
   size_t G1HeapRegionSize                         = 1048576                                   {product} {ergonomic}
    uintx GCDrainStackTargetSize                   = 64                                        {product} {ergonomic}
     bool HeapDumpOnOutOfMemoryError               = true                                   {manageable} {command line}
   size_t InitialHeapSize                          = 268435456                                 {product} {command line}
   size_t MarkStackSize                            = 4194304                                   {product} {ergonomic}
   size_t MaxHeapSize                              = 536870912                                 {product} {command line}
   size_t MaxMetaspaceSize                         = 268435456                                 {product} {command line}
   size_t MaxNewSize                               = 321912832                                 {product} {ergonomic}
   size_t MinHeapDeltaBytes                        = 1048576                                   {product} {ergonomic}
    uintx NonNMethodCodeHeapSize                   = 5830732                                {pd product} {ergonomic}
    uintx NonProfiledCodeHeapSize                  = 122913754                              {pd product} {ergonomic}
    uintx ProfiledCodeHeapSize                     = 122913754                              {pd product} {ergonomic}
    uintx ReservedCodeCacheSize                    = 251658240                              {pd product} {ergonomic}
     bool SegmentedCodeCache                       = true                                      {product} {ergonomic}
     bool UseCompressedClassPointers               = true                                 {lp64_product} {ergonomic}
     bool UseCompressedOops                        = true                                 {lp64_product} {ergonomic}
     bool UseG1GC                                  = true                                      {product} {ergonomic}
     bool UseLargePagesIndividualAllocation        = false                                  {pd product} {ergonomic}

Logging:
Log output configuration:
 #0: stdout all=warning uptime,level,tags
 #1: stderr all=off uptime,level,tags

Environment Variables:
PATH=C:\Program Files\Common Files\Oracle\Java\javapath;C:\Program Files\Python39\Scripts\;C:\Program Files\Python39\;C:\Program Files (x86)\Common Files\Oracle\Java\javapath;C:\Windows\system32;C:\Windows;C:\Windows\System32\Wbem;C:\Windows\System32\WindowsPowerShell\v1.0\;C:\Windows\System32\OpenSSH\;D:\prog\Git\cmd;C:\Users\Lenovo\AppData\Local\Microsoft\WindowsApps;C:\Program Files\JetBrains\IntelliJ IDEA Community Edition 2022.2.3\bin;C:\Users\Lenovo\AppData\Local\GitHubDesktop\bin
USERNAME=Lenovo
OS=Windows_NT
PROCESSOR_IDENTIFIER=AMD64 Family 23 Model 24 Stepping 1, AuthenticAMD



---------------  S Y S T E M  ---------------

OS: Windows 10 , 64 bit Build 17763 (10.0.17763.4131)
Hyper-V role detected

CPU:total 4 (initial active 4) (4 cores per cpu, 2 threads per core) family 23 model 24 stepping 1 microcode 0x0, cmov, cx8, fxsr, mmx, sse, sse2, sse3, ssse3, sse4.1, sse4.2, popcnt, avx, avx2, aes, clmul, mmxext, 3dnowpref, lzcnt, sse4a, ht, tsc, tscinvbit, tscinv, bmi1, bmi2, adx, s

Memory: 4k page, system-wide physical 10115M (1646M free)
TotalPageFile size 10915M (AvailPageFile size 5M)
current process WorkingSet (physical memory assigned to process): 452M, peak: 452M
current process commit charge ("private bytes"): 534M, peak: 534M

vm_info: Java HotSpot(TM) 64-Bit Server VM (11.0.17+10-LTS-269) for windows-amd64 JRE (11.0.17+10-LTS-269), built on Sep 13 2022 19:26:37 by "mach5one" with MS VC++ 15.9 (VS2017)

END.
